[ERROR] This should not be reached. | File: /home/fauza/web/astracore/index.php | Line: 110 | Code: 
[ERROR] This should not be reached. | File: /home/fauza/web/astracore/index.php | Line: 110 | Code: 
[ERROR] Class "log_Oscar" not found | File: /home/fauza/web/astracore/pages/signup.php | Line: 47 | Code: 
[ERROR] SQLSTATE[42S22]: Column not found: 1054 Unknown column 'local_machine_token' in 'where clause' | File: /home/fauza/web/astracore/class/UserService.php | Line: 187 | Code: 42S22
[ERROR] Call to a member function getDevices() on null | File: /home/fauza/web/astracore/pages/dashboard/devices.php | Line: 44 | Code: 
[ERROR] Call to a member function getDevices() on null | File: /home/fauza/web/astracore/pages/dashboard/devices.php | Line: 44 | Code: 
[ERROR] Call to a member function getDevices() on null | File: /home/fauza/web/astracore/pages/dashboard/devices.php | Line: 44 | Code: 
[ERROR] SQLSTATE[42S02]: Base table or view not found: 1146 Table 'Astracore.users' doesn't exist | File: /home/fauza/web/astracore/class/UserService.php | Line: 133 | Code: 42S02
[ERROR] SQLSTATE[42S02]: Base table or view not found: 1146 Table 'Astracore.users' doesn't exist | File: /home/fauza/web/astracore/class/UserService.php | Line: 133 | Code: 42S02
[ERROR] SQLSTATE[42S02]: Base table or view not found: 1146 Table 'Astracore.users' doesn't exist | File: /home/fauza/web/astracore/class/UserService.php | Line: 133 | Code: 42S02
[ERROR] SQLSTATE[42S02]: Base table or view not found: 1146 Table 'Astracore.users' doesn't exist | File: /home/fauza/web/astracore/class/UserService.php | Line: 133 | Code: 42S02
[ERROR] SQLSTATE[42S02]: Base table or view not found: 1146 Table 'Astracore.users' doesn't exist | File: /home/fauza/web/astracore/class/UserService.php | Line: 133 | Code: 42S02
[ERROR] SQLSTATE[42S02]: Base table or view not found: 1146 Table 'Astracore.users' doesn't exist | File: /home/fauza/web/astracore/class/UserService.php | Line: 133 | Code: 42S02
[ERROR] SQLSTATE[42S02]: Base table or view not found: 1146 Table 'Astracore.users' doesn't exist | File: /home/fauza/web/astracore/class/UserService.php | Line: 133 | Code: 42S02
[ERROR] SQLSTATE[42S02]: Base table or view not found: 1146 Table 'Astracore.users' doesn't exist | File: /home/fauza/web/astracore/class/UserService.php | Line: 133 | Code: 42S02
[ERROR] Call to a member function getDevices() on null | File: /home/fauza/web/astracore/pages/dashboard/devices.php | Line: 44 | Code: 
[ERROR] Call to a member function getDevices() on null | File: /home/fauza/web/astracore/pages/dashboard/devices.php | Line: 44 | Code: 
[ERROR] Call to a member function getDevices() on null | File: /home/fauza/web/astracore/pages/dashboard/devices.php | Line: 44 | Code: 
[ERROR] Call to undefined method User::getId() | File: /home/fauza/web/astracore/pages/login.php | Line: 29 | Code: 
[ERROR] Call to undefined method User::getDevices() | File: /home/fauza/web/astracore/pages/dashboard/devices.php | Line: 44 | Code: 
[ERROR] Call to undefined method User::getUsername() | File: /home/fauza/web/astracore/pages/dashboard/settings.php | Line: 146 | Code: 
[ERROR] count(): Argument #1 ($value) must be of type Countable|array, null given | File: /home/fauza/web/astracore/pages/dashboard/devices.php | Line: 44 | Code: 
[ERROR] count(): Argument #1 ($value) must be of type Countable|array, null given | File: /home/fauza/web/astracore/pages/dashboard/devices.php | Line: 47 | Code: 
[ERROR] count(): Argument #1 ($value) must be of type Countable|array, null given | File: /home/fauza/web/astracore/pages/dashboard/devices.php | Line: 47 | Code: 
[ERROR] count(): Argument #1 ($value) must be of type Countable|array, null given | File: /home/fauza/web/astracore/pages/dashboard/devices.php | Line: 47 | Code: 
[ERROR] count(): Argument #1 ($value) must be of type Countable|array, null given | File: /home/fauza/web/astracore/pages/dashboard/devices.php | Line: 47 | Code: 
[ERROR] count(): Argument #1 ($value) must be of type Countable|array, null given | File: /home/fauza/web/astracore/pages/dashboard/devices.php | Line: 47 | Code: 
[ERROR] count(): Argument #1 ($value) must be of type Countable|array, null given | File: /home/fauza/web/astracore/pages/dashboard/devices.php | Line: 47 | Code: 
[ERROR] count(): Argument #1 ($value) must be of type Countable|array, null given | File: /home/fauza/web/astracore/pages/dashboard/devices.php | Line: 44 | Code: 
[ERROR] count(): Argument #1 ($value) must be of type Countable|array, null given | File: /home/fauza/web/astracore/pages/dashboard/devices.php | Line: 44 | Code: 
[ERROR] count(): Argument #1 ($value) must be of type Countable|array, null given | File: /home/fauza/web/astracore/pages/dashboard/devices.php | Line: 44 | Code: 
[ERROR] count(): Argument #1 ($value) must be of type Countable|array, null given | File: /home/fauza/web/astracore/pages/dashboard/devices.php | Line: 44 | Code: 
[ERROR] count(): Argument #1 ($value) must be of type Countable|array, null given | File: /home/fauza/web/astracore/pages/dashboard/devices.php | Line: 44 | Code: 
[ERROR] Call to undefined method ModuleService::getAllModules() | File: /home/fauza/web/astracore/pages/dashboard/modules.php | Line: 42 | Code: 
[ERROR] Call to undefined method ModuleService::getAllModules() | File: /home/fauza/web/astracore/pages/dashboard/modules.php | Line: 42 | Code: 
[ERROR] Module::__construct(): Argument #6 ($lastExecuted) must be of type DateTime, null given, called in /home/fauza/web/astracore/class/ModuleService.php on line 105 | File: /home/fauza/web/astracore/class/Module.php | Line: 15 | Code: 
[ERROR] Module::__construct(): Argument #6 ($lastExecuted) must be of type DateTime, null given, called in /home/fauza/web/astracore/class/ModuleService.php on line 105 | File: /home/fauza/web/astracore/class/Module.php | Line: 15 | Code: 
[ERROR] SQLSTATE[HY093]: Invalid parameter number | File: /home/fauza/web/astracore/class/ModuleService.php | Line: 100 | Code: HY093
[ERROR] SQLSTATE[HY093]: Invalid parameter number | File: /home/fauza/web/astracore/class/ModuleService.php | Line: 100 | Code: HY093
[ERROR] SQLSTATE[HY093]: Invalid parameter number | File: /home/fauza/web/astracore/class/ModuleService.php | Line: 100 | Code: HY093
[ERROR] SQLSTATE[HY093]: Invalid parameter number | File: /home/fauza/web/astracore/class/ModuleService.php | Line: 100 | Code: HY093
[ERROR] SQLSTATE[HY093]: Invalid parameter number | File: /home/fauza/web/astracore/class/ModuleService.php | Line: 100 | Code: HY093
[ERROR] SQLSTATE[HY093]: Invalid parameter number | File: /home/fauza/web/astracore/class/ModuleService.php | Line: 100 | Code: HY093
[ERROR] SQLSTATE[HY093]: Invalid parameter number | File: /home/fauza/web/astracore/class/ModuleService.php | Line: 100 | Code: HY093
[ERROR] SQLSTATE[HY093]: Invalid parameter number | File: /home/fauza/web/astracore/class/ModuleService.php | Line: 100 | Code: HY093
[ERROR] SQLSTATE[HY093]: Invalid parameter number | File: /home/fauza/web/astracore/class/ModuleService.php | Line: 100 | Code: HY093
[ERROR] SQLSTATE[HY093]: Invalid parameter number | File: /home/fauza/web/astracore/class/ModuleService.php | Line: 100 | Code: HY093
[ERROR] SQLSTATE[HY093]: Invalid parameter number | File: /home/fauza/web/astracore/class/ModuleService.php | Line: 100 | Code: HY093
[ERROR] SQLSTATE[HY093]: Invalid parameter number | File: /home/fauza/web/astracore/class/ModuleService.php | Line: 100 | Code: HY093
[ERROR] SQLSTATE[HY093]: Invalid parameter number | File: /home/fauza/web/astracore/class/ModuleService.php | Line: 100 | Code: HY093
[ERROR] SQLSTATE[HY093]: Invalid parameter number | File: /home/fauza/web/astracore/class/ModuleService.php | Line: 100 | Code: HY093
[ERROR] SQLSTATE[HY093]: Invalid parameter number | File: /home/fauza/web/astracore/class/ModuleService.php | Line: 100 | Code: HY093
[ERROR] SQLSTATE[HY093]: Invalid parameter number | File: /home/fauza/web/astracore/class/ModuleService.php | Line: 100 | Code: HY093
[ERROR] SQLSTATE[HY093]: Invalid parameter number | File: /home/fauza/web/astracore/class/ModuleService.php | Line: 100 | Code: HY093
[ERROR] SQLSTATE[HY093]: Invalid parameter number | File: /home/fauza/web/astracore/class/ModuleService.php | Line: 100 | Code: HY093
[ERROR] SQLSTATE[HY093]: Invalid parameter number | File: /home/fauza/web/astracore/class/ModuleService.php | Line: 100 | Code: HY093
[ERROR] SQLSTATE[HY093]: Invalid parameter number | File: /home/fauza/web/astracore/class/ModuleService.php | Line: 100 | Code: HY093
[ERROR] SQLSTATE[HY093]: Invalid parameter number | File: /home/fauza/web/astracore/class/ModuleService.php | Line: 100 | Code: HY093
[ERROR] SQLSTATE[HY093]: Invalid parameter number | File: /home/fauza/web/astracore/class/ModuleService.php | Line: 100 | Code: HY093
[ERROR] SQLSTATE[HY093]: Invalid parameter number | File: /home/fauza/web/astracore/class/ModuleService.php | Line: 100 | Code: HY093
[ERROR] SQLSTATE[HY093]: Invalid parameter number | File: /home/fauza/web/astracore/class/ModuleService.php | Line: 100 | Code: HY093
[ERROR] SQLSTATE[HY093]: Invalid parameter number | File: /home/fauza/web/astracore/class/ModuleService.php | Line: 100 | Code: HY093
[ERROR] SQLSTATE[HY093]: Invalid parameter number | File: /home/fauza/web/astracore/class/ModuleService.php | Line: 100 | Code: HY093
[ERROR] SQLSTATE[HY093]: Invalid parameter number | File: /home/fauza/web/astracore/class/ModuleService.php | Line: 100 | Code: HY093
[ERROR] SQLSTATE[HY093]: Invalid parameter number | File: /home/fauza/web/astracore/class/ModuleService.php | Line: 100 | Code: HY093
[ERROR] SQLSTATE[HY093]: Invalid parameter number | File: /home/fauza/web/astracore/class/ModuleService.php | Line: 100 | Code: HY093
[ERROR] SQLSTATE[HY093]: Invalid parameter number | File: /home/fauza/web/astracore/class/ModuleService.php | Line: 100 | Code: HY093
[ERROR] SQLSTATE[HY093]: Invalid parameter number | File: /home/fauza/web/astracore/class/ModuleService.php | Line: 100 | Code: HY093
[ERROR] SQLSTATE[HY093]: Invalid parameter number | File: /home/fauza/web/astracore/class/ModuleService.php | Line: 100 | Code: HY093
[ERROR] SQLSTATE[HY093]: Invalid parameter number | File: /home/fauza/web/astracore/class/ModuleService.php | Line: 100 | Code: HY093
[ERROR] SQLSTATE[HY093]: Invalid parameter number | File: /home/fauza/web/astracore/class/ModuleService.php | Line: 100 | Code: HY093
[ERROR] SQLSTATE[HY093]: Invalid parameter number | File: /home/fauza/web/astracore/class/ModuleService.php | Line: 100 | Code: HY093
[ERROR] SQLSTATE[HY093]: Invalid parameter number | File: /home/fauza/web/astracore/class/ModuleService.php | Line: 100 | Code: HY093
[ERROR] SQLSTATE[HY093]: Invalid parameter number | File: /home/fauza/web/astracore/class/ModuleService.php | Line: 100 | Code: HY093
[ERROR] SQLSTATE[HY093]: Invalid parameter number | File: /home/fauza/web/astracore/class/ModuleService.php | Line: 100 | Code: HY093
[ERROR] SQLSTATE[HY093]: Invalid parameter number | File: /home/fauza/web/astracore/class/ModuleService.php | Line: 100 | Code: HY093
[ERROR] SQLSTATE[HY093]: Invalid parameter number | File: /home/fauza/web/astracore/class/ModuleService.php | Line: 100 | Code: HY093
[ERROR] SQLSTATE[HY093]: Invalid parameter number | File: /home/fauza/web/astracore/class/ModuleService.php | Line: 100 | Code: HY093
[ERROR] SQLSTATE[HY093]: Invalid parameter number | File: /home/fauza/web/astracore/class/ModuleService.php | Line: 100 | Code: HY093
[ERROR] SQLSTATE[HY093]: Invalid parameter number | File: /home/fauza/web/astracore/class/ModuleService.php | Line: 100 | Code: HY093
[ERROR] SQLSTATE[HY093]: Invalid parameter number | File: /home/fauza/web/astracore/class/ModuleService.php | Line: 100 | Code: HY093
[ERROR] SQLSTATE[HY093]: Invalid parameter number | File: /home/fauza/web/astracore/class/ModuleService.php | Line: 100 | Code: HY093
[ERROR] SQLSTATE[HY093]: Invalid parameter number | File: /home/fauza/web/astracore/class/ModuleService.php | Line: 100 | Code: HY093
[ERROR] SQLSTATE[HY093]: Invalid parameter number | File: /home/fauza/web/astracore/class/ModuleService.php | Line: 100 | Code: HY093
[ERROR] SQLSTATE[HY093]: Invalid parameter number | File: /home/fauza/web/astracore/class/ModuleService.php | Line: 100 | Code: HY093
[ERROR] SQLSTATE[HY093]: Invalid parameter number | File: /home/fauza/web/astracore/class/ModuleService.php | Line: 100 | Code: HY093
[ERROR] SQLSTATE[HY093]: Invalid parameter number | File: /home/fauza/web/astracore/class/ModuleService.php | Line: 100 | Code: HY093
[ERROR] SQLSTATE[HY093]: Invalid parameter number | File: /home/fauza/web/astracore/class/ModuleService.php | Line: 100 | Code: HY093
[ERROR] SQLSTATE[HY093]: Invalid parameter number | File: /home/fauza/web/astracore/class/ModuleService.php | Line: 100 | Code: HY093
[ERROR] SQLSTATE[HY093]: Invalid parameter number | File: /home/fauza/web/astracore/class/ModuleService.php | Line: 100 | Code: HY093
[ERROR] SQLSTATE[HY093]: Invalid parameter number | File: /home/fauza/web/astracore/class/ModuleService.php | Line: 100 | Code: HY093
[ERROR] SQLSTATE[HY093]: Invalid parameter number | File: /home/fauza/web/astracore/class/ModuleService.php | Line: 100 | Code: HY093
[ERROR] SQLSTATE[HY093]: Invalid parameter number | File: /home/fauza/web/astracore/class/ModuleService.php | Line: 100 | Code: HY093
[ERROR] SQLSTATE[HY093]: Invalid parameter number | File: /home/fauza/web/astracore/class/ModuleService.php | Line: 100 | Code: HY093
[ERROR] SQLSTATE[HY093]: Invalid parameter number | File: /home/fauza/web/astracore/class/ModuleService.php | Line: 100 | Code: HY093
[ERROR] SQLSTATE[HY093]: Invalid parameter number | File: /home/fauza/web/astracore/class/ModuleService.php | Line: 100 | Code: HY093
[ERROR] SQLSTATE[HY093]: Invalid parameter number | File: /home/fauza/web/astracore/class/ModuleService.php | Line: 100 | Code: HY093
[ERROR] SQLSTATE[HY093]: Invalid parameter number | File: /home/fauza/web/astracore/class/ModuleService.php | Line: 100 | Code: HY093
[ERROR] SQLSTATE[HY093]: Invalid parameter number | File: /home/fauza/web/astracore/class/ModuleService.php | Line: 100 | Code: HY093
[ERROR] SQLSTATE[HY093]: Invalid parameter number | File: /home/fauza/web/astracore/class/ModuleService.php | Line: 100 | Code: HY093
[ERROR] SQLSTATE[HY093]: Invalid parameter number | File: /home/fauza/web/astracore/class/ModuleService.php | Line: 100 | Code: HY093
[ERROR] SQLSTATE[HY093]: Invalid parameter number | File: /home/fauza/web/astracore/class/ModuleService.php | Line: 100 | Code: HY093
[ERROR] SQLSTATE[HY093]: Invalid parameter number | File: /home/fauza/web/astracore/class/ModuleService.php | Line: 100 | Code: HY093
[ERROR] SQLSTATE[HY093]: Invalid parameter number | File: /home/fauza/web/astracore/class/ModuleService.php | Line: 100 | Code: HY093
[ERROR] SQLSTATE[HY093]: Invalid parameter number | File: /home/fauza/web/astracore/class/ModuleService.php | Line: 100 | Code: HY093
[ERROR] SQLSTATE[HY093]: Invalid parameter number | File: /home/fauza/web/astracore/class/ModuleService.php | Line: 100 | Code: HY093
[ERROR] SQLSTATE[HY093]: Invalid parameter number | File: /home/fauza/web/astracore/class/ModuleService.php | Line: 100 | Code: HY093
[ERROR] SQLSTATE[HY093]: Invalid parameter number | File: /home/fauza/web/astracore/class/ModuleService.php | Line: 100 | Code: HY093
[ERROR] SQLSTATE[HY093]: Invalid parameter number | File: /home/fauza/web/astracore/class/ModuleService.php | Line: 100 | Code: HY093
[ERROR] SQLSTATE[HY093]: Invalid parameter number | File: /home/fauza/web/astracore/class/ModuleService.php | Line: 100 | Code: HY093
[ERROR] SQLSTATE[HY093]: Invalid parameter number | File: /home/fauza/web/astracore/class/ModuleService.php | Line: 100 | Code: HY093
[ERROR] SQLSTATE[HY093]: Invalid parameter number | File: /home/fauza/web/astracore/class/ModuleService.php | Line: 100 | Code: HY093
[ERROR] Too few arguments to function ModuleService::getAllModules(), 0 passed in /home/fauza/web/astracore/pages/dashboard/modules.php on line 42 and exactly 1 expected | File: /home/fauza/web/astracore/class/ModuleService.php | Line: 97 | Code: 
[ERROR] Too few arguments to function ModuleService::getAllModules(), 0 passed in /home/fauza/web/astracore/pages/dashboard/modules.php on line 42 and exactly 1 expected | File: /home/fauza/web/astracore/class/ModuleService.php | Line: 97 | Code: 
[ERROR] Too few arguments to function ModuleService::getAllModules(), 0 passed in /home/fauza/web/astracore/pages/dashboard/modules.php on line 42 and exactly 1 expected | File: /home/fauza/web/astracore/class/ModuleService.php | Line: 97 | Code: 
[ERROR] Too few arguments to function ModuleService::getAllModules(), 0 passed in /home/fauza/web/astracore/pages/dashboard/modules.php on line 42 and exactly 1 expected | File: /home/fauza/web/astracore/class/ModuleService.php | Line: 97 | Code: 
[ERROR] Too few arguments to function ModuleService::getAllModules(), 0 passed in /home/fauza/web/astracore/pages/dashboard/modules.php on line 42 and exactly 1 expected | File: /home/fauza/web/astracore/class/ModuleService.php | Line: 97 | Code: 
[ERROR] Too few arguments to function ModuleService::getAllModules(), 0 passed in /home/fauza/web/astracore/pages/dashboard/modules.php on line 42 and exactly 1 expected | File: /home/fauza/web/astracore/class/ModuleService.php | Line: 97 | Code: 
[ERROR] Too few arguments to function ModuleService::getAllModules(), 0 passed in /home/fauza/web/astracore/pages/dashboard/modules.php on line 42 and exactly 1 expected | File: /home/fauza/web/astracore/class/ModuleService.php | Line: 97 | Code: 
[ERROR] Too few arguments to function ModuleService::getAllModules(), 0 passed in /home/fauza/web/astracore/pages/dashboard/modules.php on line 42 and exactly 1 expected | File: /home/fauza/web/astracore/class/ModuleService.php | Line: 97 | Code: 
[ERROR] Too few arguments to function ModuleService::getAllModules(), 0 passed in /home/fauza/web/astracore/pages/dashboard/modules.php on line 42 and exactly 1 expected | File: /home/fauza/web/astracore/class/ModuleService.php | Line: 97 | Code: 
[ERROR] Too few arguments to function ModuleService::getAllModules(), 0 passed in /home/fauza/web/astracore/pages/dashboard/modules.php on line 42 and exactly 1 expected | File: /home/fauza/web/astracore/class/ModuleService.php | Line: 97 | Code: 
[ERROR] Too few arguments to function ModuleService::getAllModules(), 0 passed in /home/fauza/web/astracore/pages/dashboard/modules.php on line 42 and exactly 1 expected | File: /home/fauza/web/astracore/class/ModuleService.php | Line: 97 | Code: 
[ERROR] Too few arguments to function ModuleService::getAllModules(), 0 passed in /home/fauza/web/astracore/pages/dashboard/modules.php on line 42 and exactly 1 expected | File: /home/fauza/web/astracore/class/ModuleService.php | Line: 97 | Code: 
[ERROR] Too few arguments to function ModuleService::getAllModules(), 0 passed in /home/fauza/web/astracore/pages/dashboard/modules.php on line 42 and exactly 1 expected | File: /home/fauza/web/astracore/class/ModuleService.php | Line: 97 | Code: 
[ERROR] Too few arguments to function ModuleService::getAllModules(), 0 passed in /home/fauza/web/astracore/pages/dashboard/modules.php on line 42 and exactly 1 expected | File: /home/fauza/web/astracore/class/ModuleService.php | Line: 97 | Code: 
[ERROR] Too few arguments to function ModuleService::getAllModules(), 0 passed in /home/fauza/web/astracore/pages/dashboard/modules.php on line 42 and exactly 1 expected | File: /home/fauza/web/astracore/class/ModuleService.php | Line: 97 | Code: 
[ERROR] Too few arguments to function ModuleService::getAllModules(), 0 passed in /home/fauza/web/astracore/pages/dashboard/modules.php on line 42 and exactly 1 expected | File: /home/fauza/web/astracore/class/ModuleService.php | Line: 97 | Code: 
[ERROR] Too few arguments to function ModuleService::getAllModules(), 0 passed in /home/fauza/web/astracore/pages/dashboard/modules.php on line 42 and exactly 1 expected | File: /home/fauza/web/astracore/class/ModuleService.php | Line: 97 | Code: 
[ERROR] Too few arguments to function ModuleService::getAllModules(), 0 passed in /home/fauza/web/astracore/pages/dashboard/modules.php on line 42 and exactly 1 expected | File: /home/fauza/web/astracore/class/ModuleService.php | Line: 97 | Code: 
[ERROR] Too few arguments to function ModuleService::getAllModules(), 0 passed in /home/fauza/web/astracore/pages/dashboard/modules.php on line 42 and exactly 1 expected | File: /home/fauza/web/astracore/class/ModuleService.php | Line: 97 | Code: 
[ERROR] Too few arguments to function ModuleService::getAllModules(), 0 passed in /home/fauza/web/astracore/pages/dashboard/modules.php on line 42 and exactly 1 expected | File: /home/fauza/web/astracore/class/ModuleService.php | Line: 97 | Code: 
[ERROR] Database connection error: SQLSTATE[HY000] [2002] Connection refused | File: /home/fauza/web/astracore/db/Database.php | Line: 24 | Code: 
[ERROR] Object of class DateTime could not be converted to string | File: /home/fauza/web/astracore/pages/dashboard/modules.php | Line: 111 | Code: 
[ERROR] Object of class DateTime could not be converted to string | File: /home/fauza/web/astracore/pages/dashboard/modules.php | Line: 111 | Code: 
[ERROR] Class "DeviceService" not found | File: /home/fauza/web/astracore/pages/dashboard/modules.php | Line: 120 | Code: 
[ERROR] Class "DeviceService" not found | File: /home/fauza/web/astracore/pages/dashboard/modules.php | Line: 120 | Code: 
[ERROR] Class "DeviceService" not found | File: /home/fauza/web/astracore/pages/dashboard/modules.php | Line: 120 | Code: 
[ERROR] Class "DeviceService" not found | File: /home/fauza/web/astracore/pages/dashboard/modules.php | Line: 120 | Code: 
[ERROR] Class "DeviceService" not found | File: /home/fauza/web/astracore/pages/dashboard/modules.php | Line: 120 | Code: 
[ERROR] Class "DeviceService" not found | File: /home/fauza/web/astracore/pages/dashboard/modules.php | Line: 120 | Code: 
[ERROR] Class "DeviceService" not found | File: /home/fauza/web/astracore/pages/dashboard/modules.php | Line: 120 | Code: 
[ERROR] Class "DeviceService" not found | File: /home/fauza/web/astracore/pages/dashboard/modules.php | Line: 120 | Code: 
[ERROR] Class "DeviceService" not found | File: /home/fauza/web/astracore/pages/dashboard/modules.php | Line: 121 | Code: 
[ERROR] Class "DeviceService" not found | File: /home/fauza/web/astracore/pages/dashboard/modules.php | Line: 121 | Code: 
[ERROR] Class "DeviceService" not found | File: /home/fauza/web/astracore/pages/dashboard/modules.php | Line: 121 | Code: 
[ERROR] Device::__construct(): Argument #1 ($id) must be of type int, null given, called in /home/fauza/web/astracore/class/DeviceService.php on line 72 | File: /home/fauza/web/astracore/class/Device.php | Line: 9 | Code: 
[ERROR] Device::__construct(): Argument #1 ($id) must be of type int, null given, called in /home/fauza/web/astracore/class/DeviceService.php on line 72 | File: /home/fauza/web/astracore/class/Device.php | Line: 9 | Code: 
[ERROR] Device::__construct(): Argument #3 ($localMachineToken) must be of type string, null given, called in /home/fauza/web/astracore/class/DeviceService.php on line 70 | File: /home/fauza/web/astracore/class/Device.php | Line: 9 | Code: 
[ERROR] Device::__construct(): Argument #3 ($localMachineToken) must be of type string, null given, called in /home/fauza/web/astracore/class/DeviceService.php on line 70 | File: /home/fauza/web/astracore/class/Device.php | Line: 9 | Code: 
[ERROR] Device::__construct(): Argument #3 ($localMachineToken) must be of type string, null given, called in /home/fauza/web/astracore/class/DeviceService.php on line 70 | File: /home/fauza/web/astracore/class/Device.php | Line: 9 | Code: 
[ERROR] Device::__construct(): Argument #3 ($localMachineToken) must be of type string, null given, called in /home/fauza/web/astracore/class/DeviceService.php on line 71 | File: /home/fauza/web/astracore/class/Device.php | Line: 9 | Code: 
[ERROR] Too few arguments to function ModuleService::deleteModule(), 1 passed in /home/fauza/web/astracore/pages/dashboard/modules.php on line 43 and exactly 2 expected | File: /home/fauza/web/astracore/class/ModuleService.php | Line: 102 | Code: 
[ERROR] Module::__construct(): Argument #6 ($lastExecuted) must be of type DateTime, int given, called in /home/fauza/web/astracore/class/ModuleService.php on line 139 | File: /home/fauza/web/astracore/class/Module.php | Line: 15 | Code: 
[ERROR] Module::__construct(): Argument #6 ($lastExecuted) must be of type DateTime, int given, called in /home/fauza/web/astracore/class/ModuleService.php on line 139 | File: /home/fauza/web/astracore/class/Module.php | Line: 15 | Code: 
[ERROR] Module::__construct(): Argument #6 ($lastExecuted) must be of type DateTime, int given, called in /home/fauza/web/astracore/class/ModuleService.php on line 139 | File: /home/fauza/web/astracore/class/Module.php | Line: 15 | Code: 
[ERROR] Module::__construct(): Argument #6 ($lastExecuted) must be of type DateTime, null given, called in /home/fauza/web/astracore/class/ModuleService.php on line 139 | File: /home/fauza/web/astracore/class/Module.php | Line: 15 | Code: 
[ERROR] Module::__construct(): Argument #6 ($lastExecuted) must be of type DateTime, null given, called in /home/fauza/web/astracore/class/ModuleService.php on line 139 | File: /home/fauza/web/astracore/class/Module.php | Line: 15 | Code: 
[ERROR] Module::__construct(): Argument #6 ($lastExecuted) must be of type DateTime, null given, called in /home/fauza/web/astracore/class/ModuleService.php on line 139 | File: /home/fauza/web/astracore/class/Module.php | Line: 15 | Code: 
[ERROR] Module::__construct(): Argument #6 ($lastExecuted) must be of type DateTime, null given, called in /home/fauza/web/astracore/class/ModuleService.php on line 139 | File: /home/fauza/web/astracore/class/Module.php | Line: 15 | Code: 
[ERROR] Module::__construct(): Argument #6 ($lastExecuted) must be of type DateTime, null given, called in /home/fauza/web/astracore/class/ModuleService.php on line 139 | File: /home/fauza/web/astracore/class/Module.php | Line: 15 | Code: 
[ERROR] Module::__construct(): Argument #6 ($lastExecuted) must be of type DateTime, null given, called in /home/fauza/web/astracore/class/ModuleService.php on line 139 | File: /home/fauza/web/astracore/class/Module.php | Line: 15 | Code: 
[ERROR] Module::__construct(): Argument #6 ($lastExecuted) must be of type DateTime, null given, called in /home/fauza/web/astracore/class/ModuleService.php on line 139 | File: /home/fauza/web/astracore/class/Module.php | Line: 15 | Code: 
[ERROR] Module::__construct(): Argument #6 ($lastExecuted) must be of type DateTime, null given, called in /home/fauza/web/astracore/class/ModuleService.php on line 139 | File: /home/fauza/web/astracore/class/Module.php | Line: 15 | Code: 
[ERROR] Module::__construct(): Argument #6 ($lastExecuted) must be of type DateTime, null given, called in /home/fauza/web/astracore/class/ModuleService.php on line 139 | File: /home/fauza/web/astracore/class/Module.php | Line: 15 | Code: 
[ERROR] Module::__construct(): Argument #6 ($lastExecuted) must be of type DateTime, null given, called in /home/fauza/web/astracore/class/ModuleService.php on line 139 | File: /home/fauza/web/astracore/class/Module.php | Line: 15 | Code: 
[ERROR] Module::__construct(): Argument #6 ($lastExecuted) must be of type DateTime, null given, called in /home/fauza/web/astracore/class/ModuleService.php on line 139 | File: /home/fauza/web/astracore/class/Module.php | Line: 15 | Code: 
[ERROR] Module::__construct(): Argument #6 ($lastExecuted) must be of type DateTime, null given, called in /home/fauza/web/astracore/class/ModuleService.php on line 139 | File: /home/fauza/web/astracore/class/Module.php | Line: 15 | Code: 
[ERROR] Module::__construct(): Argument #6 ($lastExecuted) must be of type DateTime, null given, called in /home/fauza/web/astracore/class/ModuleService.php on line 139 | File: /home/fauza/web/astracore/class/Module.php | Line: 15 | Code: 
[ERROR] Module::__construct(): Argument #6 ($lastExecuted) must be of type DateTime, null given, called in /home/fauza/web/astracore/class/ModuleService.php on line 139 | File: /home/fauza/web/astracore/class/Module.php | Line: 15 | Code: 
[ERROR] Module::__construct(): Argument #6 ($lastExecuted) must be of type DateTime, null given, called in /home/fauza/web/astracore/class/ModuleService.php on line 139 | File: /home/fauza/web/astracore/class/Module.php | Line: 15 | Code: 
[ERROR] Module::__construct(): Argument #6 ($lastExecuted) must be of type DateTime, null given, called in /home/fauza/web/astracore/class/ModuleService.php on line 139 | File: /home/fauza/web/astracore/class/Module.php | Line: 15 | Code: 
[ERROR] Module::__construct(): Argument #6 ($lastExecuted) must be of type DateTime, null given, called in /home/fauza/web/astracore/class/ModuleService.php on line 139 | File: /home/fauza/web/astracore/class/Module.php | Line: 15 | Code: 
[ERROR] Module::__construct(): Argument #6 ($lastExecuted) must be of type DateTime, null given, called in /home/fauza/web/astracore/class/ModuleService.php on line 139 | File: /home/fauza/web/astracore/class/Module.php | Line: 15 | Code: 
[ERROR] Module::__construct(): Argument #6 ($lastExecuted) must be of type DateTime, null given, called in /home/fauza/web/astracore/class/ModuleService.php on line 139 | File: /home/fauza/web/astracore/class/Module.php | Line: 15 | Code: 
[ERROR] Module::__construct(): Argument #6 ($lastExecuted) must be of type DateTime, null given, called in /home/fauza/web/astracore/class/ModuleService.php on line 139 | File: /home/fauza/web/astracore/class/Module.php | Line: 15 | Code: 
[ERROR] Module::__construct(): Argument #6 ($lastExecuted) must be of type DateTime, null given, called in /home/fauza/web/astracore/class/ModuleService.php on line 139 | File: /home/fauza/web/astracore/class/Module.php | Line: 15 | Code: 
[ERROR] Module::__construct(): Argument #6 ($lastExecuted) must be of type DateTime, null given, called in /home/fauza/web/astracore/class/ModuleService.php on line 139 | File: /home/fauza/web/astracore/class/Module.php | Line: 15 | Code: 
[ERROR] Module::__construct(): Argument #6 ($lastExecuted) must be of type DateTime, null given, called in /home/fauza/web/astracore/class/ModuleService.php on line 139 | File: /home/fauza/web/astracore/class/Module.php | Line: 15 | Code: 
[ERROR] Module::__construct(): Argument #6 ($lastExecuted) must be of type DateTime, null given, called in /home/fauza/web/astracore/class/ModuleService.php on line 139 | File: /home/fauza/web/astracore/class/Module.php | Line: 15 | Code: 
[ERROR] Module::__construct(): Argument #6 ($lastExecuted) must be of type DateTime, null given, called in /home/fauza/web/astracore/class/ModuleService.php on line 139 | File: /home/fauza/web/astracore/class/Module.php | Line: 15 | Code: 
[ERROR] Module::__construct(): Argument #6 ($lastExecuted) must be of type DateTime, null given, called in /home/fauza/web/astracore/class/ModuleService.php on line 139 | File: /home/fauza/web/astracore/class/Module.php | Line: 15 | Code: 
[ERROR] Module::__construct(): Argument #6 ($lastExecuted) must be of type DateTime, null given, called in /home/fauza/web/astracore/class/ModuleService.php on line 139 | File: /home/fauza/web/astracore/class/Module.php | Line: 15 | Code: 
[ERROR] Module::__construct(): Argument #6 ($lastExecuted) must be of type DateTime, null given, called in /home/fauza/web/astracore/class/ModuleService.php on line 139 | File: /home/fauza/web/astracore/class/Module.php | Line: 15 | Code: 
[ERROR] Module::__construct(): Argument #6 ($lastExecuted) must be of type DateTime, null given, called in /home/fauza/web/astracore/class/ModuleService.php on line 139 | File: /home/fauza/web/astracore/class/Module.php | Line: 15 | Code: 
[ERROR] Module::__construct(): Argument #6 ($lastExecuted) must be of type DateTime, null given, called in /home/fauza/web/astracore/class/ModuleService.php on line 139 | File: /home/fauza/web/astracore/class/Module.php | Line: 15 | Code: 
[ERROR] Module::__construct(): Argument #6 ($lastExecuted) must be of type DateTime, null given, called in /home/fauza/web/astracore/class/ModuleService.php on line 139 | File: /home/fauza/web/astracore/class/Module.php | Line: 15 | Code: 
[ERROR] Module::__construct(): Argument #6 ($lastExecuted) must be of type DateTime, null given, called in /home/fauza/web/astracore/class/ModuleService.php on line 139 | File: /home/fauza/web/astracore/class/Module.php | Line: 15 | Code: 
[ERROR] Module::__construct(): Argument #6 ($lastExecuted) must be of type DateTime, null given, called in /home/fauza/web/astracore/class/ModuleService.php on line 139 | File: /home/fauza/web/astracore/class/Module.php | Line: 15 | Code: 
[ERROR] Module::__construct(): Argument #6 ($lastExecuted) must be of type DateTime, null given, called in /home/fauza/web/astracore/class/ModuleService.php on line 139 | File: /home/fauza/web/astracore/class/Module.php | Line: 15 | Code: 
[ERROR] Module::__construct(): Argument #6 ($lastExecuted) must be of type DateTime, null given, called in /home/fauza/web/astracore/class/ModuleService.php on line 139 | File: /home/fauza/web/astracore/class/Module.php | Line: 15 | Code: 
[ERROR] Module::__construct(): Argument #6 ($lastExecuted) must be of type DateTime, null given, called in /home/fauza/web/astracore/class/ModuleService.php on line 139 | File: /home/fauza/web/astracore/class/Module.php | Line: 15 | Code: 
[ERROR] Module::__construct(): Argument #6 ($lastExecuted) must be of type DateTime, null given, called in /home/fauza/web/astracore/class/ModuleService.php on line 139 | File: /home/fauza/web/astracore/class/Module.php | Line: 15 | Code: 
[ERROR] Module::__construct(): Argument #6 ($lastExecuted) must be of type DateTime, null given, called in /home/fauza/web/astracore/class/ModuleService.php on line 139 | File: /home/fauza/web/astracore/class/Module.php | Line: 15 | Code: 
[ERROR] Module::__construct(): Argument #6 ($lastExecuted) must be of type DateTime, null given, called in /home/fauza/web/astracore/class/ModuleService.php on line 139 | File: /home/fauza/web/astracore/class/Module.php | Line: 15 | Code: 
[ERROR] Module::__construct(): Argument #6 ($lastExecuted) must be of type DateTime, null given, called in /home/fauza/web/astracore/class/ModuleService.php on line 139 | File: /home/fauza/web/astracore/class/Module.php | Line: 15 | Code: 
[ERROR] Module::__construct(): Argument #6 ($lastExecuted) must be of type DateTime, null given, called in /home/fauza/web/astracore/class/ModuleService.php on line 139 | File: /home/fauza/web/astracore/class/Module.php | Line: 15 | Code: 
[ERROR] Module::__construct(): Argument #6 ($lastExecuted) must be of type DateTime, null given, called in /home/fauza/web/astracore/class/ModuleService.php on line 139 | File: /home/fauza/web/astracore/class/Module.php | Line: 15 | Code: 
[ERROR] Module::__construct(): Argument #6 ($lastExecuted) must be of type DateTime, null given, called in /home/fauza/web/astracore/class/ModuleService.php on line 139 | File: /home/fauza/web/astracore/class/Module.php | Line: 15 | Code: 
[ERROR] Module::__construct(): Argument #6 ($lastExecuted) must be of type DateTime, null given, called in /home/fauza/web/astracore/class/ModuleService.php on line 139 | File: /home/fauza/web/astracore/class/Module.php | Line: 15 | Code: 
[ERROR] Module::__construct(): Argument #6 ($lastExecuted) must be of type DateTime, null given, called in /home/fauza/web/astracore/class/ModuleService.php on line 139 | File: /home/fauza/web/astracore/class/Module.php | Line: 15 | Code: 
[ERROR] Module::__construct(): Argument #6 ($lastExecuted) must be of type DateTime, null given, called in /home/fauza/web/astracore/class/ModuleService.php on line 139 | File: /home/fauza/web/astracore/class/Module.php | Line: 15 | Code: 
[ERROR] Module::__construct(): Argument #6 ($lastExecuted) must be of type DateTime, null given, called in /home/fauza/web/astracore/class/ModuleService.php on line 139 | File: /home/fauza/web/astracore/class/Module.php | Line: 15 | Code: 
[ERROR] Module::__construct(): Argument #6 ($lastExecuted) must be of type DateTime, null given, called in /home/fauza/web/astracore/class/ModuleService.php on line 139 | File: /home/fauza/web/astracore/class/Module.php | Line: 15 | Code: 
[ERROR] Module::__construct(): Argument #6 ($lastExecuted) must be of type DateTime, null given, called in /home/fauza/web/astracore/class/ModuleService.php on line 139 | File: /home/fauza/web/astracore/class/Module.php | Line: 15 | Code: 
[ERROR] Module::__construct(): Argument #6 ($lastExecuted) must be of type DateTime, null given, called in /home/fauza/web/astracore/class/ModuleService.php on line 139 | File: /home/fauza/web/astracore/class/Module.php | Line: 15 | Code: 
[ERROR] Module::__construct(): Argument #6 ($lastExecuted) must be of type DateTime, null given, called in /home/fauza/web/astracore/class/ModuleService.php on line 139 | File: /home/fauza/web/astracore/class/Module.php | Line: 15 | Code: 
[ERROR] Module::__construct(): Argument #6 ($lastExecuted) must be of type DateTime, null given, called in /home/fauza/web/astracore/class/ModuleService.php on line 139 | File: /home/fauza/web/astracore/class/Module.php | Line: 15 | Code: 
[ERROR] Module::__construct(): Argument #6 ($lastExecuted) must be of type DateTime, null given, called in /home/fauza/web/astracore/class/ModuleService.php on line 139 | File: /home/fauza/web/astracore/class/Module.php | Line: 15 | Code: 
[ERROR] Module::__construct(): Argument #6 ($lastExecuted) must be of type DateTime, null given, called in /home/fauza/web/astracore/class/ModuleService.php on line 139 | File: /home/fauza/web/astracore/class/Module.php | Line: 15 | Code: 
[ERROR] Module::__construct(): Argument #6 ($lastExecuted) must be of type DateTime, null given, called in /home/fauza/web/astracore/class/ModuleService.php on line 139 | File: /home/fauza/web/astracore/class/Module.php | Line: 15 | Code: 
[ERROR] Module::__construct(): Argument #6 ($lastExecuted) must be of type DateTime, null given, called in /home/fauza/web/astracore/class/ModuleService.php on line 139 | File: /home/fauza/web/astracore/class/Module.php | Line: 15 | Code: 
[ERROR] Module::__construct(): Argument #6 ($lastExecuted) must be of type DateTime, null given, called in /home/fauza/web/astracore/class/ModuleService.php on line 138 | File: /home/fauza/web/astracore/class/Module.php | Line: 15 | Code: 
[ERROR] Module::__construct(): Argument #6 ($lastExecuted) must be of type DateTime, null given, called in /home/fauza/web/astracore/class/ModuleService.php on line 138 | File: /home/fauza/web/astracore/class/Module.php | Line: 15 | Code: 
[ERROR] Device not found. | File: /home/fauza/web/astracore/class/ModuleService.php | Line: 167 | Code: 
[ERROR] Device not found. | File: /home/fauza/web/astracore/class/ModuleService.php | Line: 167 | Code: 
[ERROR] Call to undefined function curl_exec() | File: /home/fauza/web/astracore/class/ModuleService.php | Line: 184 | Code: 
[ERROR] base64_encode(): Passing null to parameter #1 ($string) of type string is deprecated | File: /home/fauza/web/astracore/pages/dashboard/modules.php | Line: 170 | Code: 
[ERROR] SQLSTATE[22001]: String data, right truncated: 1406 Data too long for column 'console_output' at row 1 | File: /home/fauza/web/astracore/class/ModuleService.php | Line: 155 | Code: 22001
[ERROR] SQLSTATE[22001]: String data, right truncated: 1406 Data too long for column 'console_output' at row 1 | File: /home/fauza/web/astracore/class/ModuleService.php | Line: 155 | Code: 22001
[ERROR] SQLSTATE[22001]: String data, right truncated: 1406 Data too long for column 'console_output' at row 1 | File: /home/fauza/web/astracore/class/ModuleService.php | Line: 155 | Code: 22001
[ERROR] SQLSTATE[22001]: String data, right truncated: 1406 Data too long for column 'console_output' at row 1 | File: /home/fauza/web/astracore/class/ModuleService.php | Line: 155 | Code: 22001
[ERROR] Class "DeviceService" not found | File: /home/fauza/web/astracore/pages/dashboard/devices.php | Line: 22 | Code: 
[ERROR] Class "DeviceService" not found | File: /home/fauza/web/astracore/pages/dashboard/devices.php | Line: 22 | Code: 
[ERROR] SQLSTATE[42S22]: Column not found: 1054 Unknown column 'local_machine_token' in 'WHERE' | File: /home/fauza/web/astracore/class/DeviceService.php | Line: 77 | Code: 42S22
[ERROR] Class "UserService" not found | File: /home/fauza/web/astracore/index.php | Line: 81 | Code: 
[ERROR] Class "UserService" not found | File: /home/fauza/web/astracore/index.php | Line: 81 | Code: 
