[LogInfo] Page generation time: 0.14694499969482 seconds | INFO
[LogInfo] Page generation time: 9.1075897216797E-5 seconds | INFO
[LogInfo] Page generation time: 9.2029571533203E-5 seconds | INFO
[LogInfo] Page generation time: 9.1075897216797E-5 seconds | INFO
[LogInfo] Page generation time: 0.15721583366394 seconds | Page:localhost/astracore/index.php | INFO
[LogInfo] Page generation time: 0.14734292030334 seconds | Page:localhost/astracore/index.php | INFO
[LogInfo] Page generation time: 0.13893485069275 seconds | Page:localhost/astracore/index.php | INFO
[LogInfo] Page generation time: 0.13942098617554 seconds | Page:localhost/astracore/index.php | INFO
[LogInfo] Page generation time: 0.13662600517273 seconds | Page:localhost/astracore/index.php | INFO
[LogInfo] Page generation time: 0.13339591026306 seconds | Page:localhost/astracore/index.php | INFO
[LogInfo] Page generation time: 0.13277411460876 seconds | Page:localhost/astracore/index.php | INFO
[LogInfo] Page generation time: 0.13494801521301 seconds | Page:localhost/astracore/index.php | INFO
[LogInfo] Page generation time: 0.14763593673706 seconds | Page:localhost/astracore/index.php | INFO
[LogInfo] Page generation time: 0.13893914222717 seconds | Page:localhost/astracore/index.php | INFO
[LogInfo] Page generation time: 0.14027094841003 seconds | Page:localhost/astracore/index.php | INFO
[LogInfo] Page generation time: 0.24076890945435 seconds | Page:localhost/astracore/index.php | INFO
[LogInfo] Page generation time: 0.33877491950989 seconds | Page:localhost/astracore/index.php | INFO
[LogInfo] Page generation time: 0.45093679428101 seconds | Page:localhost/astracore/index.php | INFO
[LogInfo] Page generation time: 0.0001528263092041 seconds | Page:localhost/astracore/index.php | INFO
[LogInfo] Page generation time: 18.434859991074 seconds | Page:localhost/astracore/index.php | INFO
[LogInfo] Page generation time: 18.555120944977 seconds | Page:localhost/astracore/index.php | INFO
[LogInfo] Page generation time: 18.671534061432 seconds | Page:localhost/astracore/index.php | INFO
[LogInfo] Page generation time: 18.780184984207 seconds | Page:localhost/astracore/index.php | INFO
[LogInfo] Page generation time: 18.885856866837 seconds | Page:localhost/astracore/index.php | INFO
[LogInfo] Page generation time: 7.9870223999023E-5 seconds | Page:localhost/astracore/index.php | INFO
[LogInfo] Page generation time: 18.995743989944 seconds | Page:localhost/astracore/index.php | INFO
[LogInfo] Page generation time: 19.104844808578 seconds | Page:localhost/astracore/index.php | INFO
[LogInfo] Page generation time: 19.211680173874 seconds | Page:localhost/astracore/index.php | INFO
[LogInfo] Page generation time: 19.270396947861 seconds | Page:localhost/astracore/index.php | INFO
[LogInfo] Page generation time: 19.271013975143 seconds | Page:localhost/astracore/index.php | INFO
[LogInfo] Page generation time: 18.829912900925 seconds | Page:localhost/astracore/index.php | INFO
[LogInfo] Page generation time: 17.967324972153 seconds | Page:localhost/astracore/index.php | INFO
[LogInfo] Page generation time: 18.101188898087 seconds | Page:localhost/astracore/index.php | INFO
[LogInfo] Page generation time: 17.237811088562 seconds | Page:localhost/astracore/index.php | INFO
[LogInfo] Page generation time: 17.375910997391 seconds | Page:localhost/astracore/index.php | INFO
[LogInfo] Page generation time: 17.509249925613 seconds | Page:localhost/astracore/index.php | INFO
[LogInfo] Page generation time: 8.7976455688477E-5 seconds | Page:localhost/astracore/index.php | INFO
[LogInfo] Page generation time: 17.64991402626 seconds | Page:localhost/astracore/index.php | INFO
[LogInfo] Page generation time: 16.788089036942 seconds | Page:localhost/astracore/index.php | INFO
[LogInfo] Page generation time: 16.924899101257 seconds | Page:localhost/astracore/index.php | INFO
[LogInfo] Page generation time: 17.065567016602 seconds | Page:localhost/astracore/index.php | INFO
[LogInfo] Page generation time: 17.202466011047 seconds | Page:localhost/astracore/index.php | INFO
[LogInfo] Page generation time: 17.341068029404 seconds | Page:localhost/astracore/index.php | INFO
[LogInfo] Page generation time: 17.477547883987 seconds | Page:localhost/astracore/index.php | INFO
[LogInfo] Page generation time: 17.612245082855 seconds | Page:localhost/astracore/index.php | INFO
[LogInfo] Page generation time: 17.747230052948 seconds | Page:localhost/astracore/index.php | INFO
[LogInfo] Page generation time: 16.883115053177 seconds | Page:localhost/astracore/index.php | INFO
[LogInfo] Page generation time: 11.895823001862 seconds | Page:localhost/astracore/index.php | INFO
[LogInfo] Page generation time: 10.905813932419 seconds | Page:localhost/astracore/index.php | INFO
[LogInfo] Page generation time: 0.34213900566101 seconds | Page:localhost/astracore/index.php | INFO
[LogInfo] Page generation time: 0.24332880973816 seconds | Page:localhost/astracore/index.php | INFO
[LogInfo] Page generation time: 0.14843583106995 seconds | Page:localhost/astracore/index.php | INFO
[LogInfo] Page generation time: 0.23115491867065 seconds | Page:localhost/astracore/index.php | INFO
[LogInfo] Page generation time: 0.13790702819824 seconds | Page:localhost/astracore/index.php | INFO
[LogInfo] Page generation time: 0.22050404548645 seconds | Page:localhost/astracore/index.php | INFO
[LogInfo] Page generation time: 0.13578796386719 seconds | Page:localhost/astracore/index.php | INFO
[LogInfo] Page generation time: 0.14942598342896 seconds | Page:localhost/astracore/index.php | INFO
[LogInfo] Page generation time: 0.15440583229065 seconds | Page:localhost/astracore/index.php | INFO
[LogInfo] Page generation time: 0.21239113807678 seconds | Page:localhost/astracore/index.php | INFO
[LogInfo] Page generation time: 0.14256286621094 seconds | Page:localhost/astracore/index.php | INFO
[LogInfo] Page generation time: 0.14622807502747 seconds | Page:localhost/astracore/index.php | INFO
[LogInfo] Page generation time: 0.22032690048218 seconds | Page:localhost/astracore/index.php | INFO
[LogInfo] Page generation time: 0.14968585968018 seconds | Page:localhost/astracore/index.php | INFO
[LogInfo] Page generation time: 3.0677890777588 seconds | Page:localhost/astracore/index.php | INFO
[LogInfo] Page generation time: 0.21150302886963 seconds | Page:localhost/astracore/index.php | INFO
[LogInfo] Page generation time: 0.13591313362122 seconds | Page:localhost/astracore/index.php | INFO
[LogInfo] Page generation time: 0.22441697120667 seconds | Page:localhost/astracore/index.php | INFO
[LogInfo] Page generation time: 0.13757300376892 seconds | Page:localhost/astracore/index.php | INFO
[LogInfo] Page generation time: 0.21230292320251 seconds | Page:localhost/astracore/index.php | INFO
[LogInfo] Page generation time: 0.13414883613586 seconds | Page:localhost/astracore/index.php | INFO
[LogInfo] Page generation time: 0.21411395072937 seconds | Page:localhost/astracore/index.php | INFO
[LogInfo] Page generation time: 0.14103007316589 seconds | Page:localhost/astracore/index.php | INFO
[LogInfo] Page generation time: 0.21765089035034 seconds | Page:localhost/astracore/index.php | INFO
[LogInfo] Page generation time: 0.13753890991211 seconds | Page:localhost/astracore/index.php | INFO
[LogInfo] Page generation time: 0.13681983947754 seconds | Page:localhost/astracore/index.php | INFO
[LogInfo] Page generation time: 0.22120904922485 seconds | Page:localhost/astracore/index.php | INFO
[LogInfo] Page generation time: 0.14682912826538 seconds | Page:localhost/astracore/index.php | INFO
[LogInfo] Page generation time: 0.13757586479187 seconds | Page:localhost/astracore/index.php | INFO
[LogInfo] Page generation time: 0.22292804718018 seconds | Page:localhost/astracore/index.php | INFO
[LogInfo] Page generation time: 0.13796520233154 seconds | Page:localhost/astracore/index.php | INFO
[LogInfo] Page generation time: 0.14859294891357 seconds | Page:localhost/astracore/index.php | INFO
[LogInfo] Page generation time: 0.23513698577881 seconds | Page:localhost/astracore/index.php | INFO
[LogInfo] Page generation time: 0.13849186897278 seconds | Page:localhost/astracore/index.php | INFO
[LogInfo] Page generation time: 0.15705800056458 seconds | Page:localhost/astracore/index.php | INFO
[LogInfo] Page generation time: 0.21769595146179 seconds | Page:localhost/astracore/index.php | INFO
[LogInfo] Page generation time: 0.1355140209198 seconds | Page:localhost/astracore/index.php | INFO
[LogInfo] Page generation time: 0.21552395820618 seconds | Page:localhost/astracore/index.php | INFO
[LogInfo] Page generation time: 0.2332661151886 seconds | Page:localhost/astracore/index.php | INFO
[LogInfo] Page generation time: 0.23650312423706 seconds | Page:localhost/astracore/index.php | INFO
[LogInfo] Page generation time: 0.140625 seconds | Page:localhost/astracore/index.php | INFO
[LogInfo] Page generation time: 0.13825106620789 seconds | Page:localhost/astracore/index.php | INFO
[LogInfo] Page generation time: 0.21739983558655 seconds | Page:localhost/astracore/index.php | INFO
[LogInfo] Page generation time: 0.22191596031189 seconds | Page:localhost/astracore/index.php | INFO
[LogInfo] Page generation time: 0.2189359664917 seconds | Page:localhost/astracore/index.php | INFO
[LogInfo] Page generation time: 0.21762204170227 seconds | Page:localhost/astracore/index.php | INFO
[LogInfo] Page generation time: 0.23027992248535 seconds | Page:localhost/astracore/index.php | INFO
[LogInfo] Page generation time: 0.21994113922119 seconds | Page:localhost/astracore/index.php | INFO
[LogInfo] Page generation time: 0.22099804878235 seconds | Page:localhost/astracore/index.php | INFO
[LogInfo] Page generation time: 9.3936920166016E-5 seconds | Page:localhost/astracore/index.php | INFO
[LogInfo] Page generation time: 0.00010395050048828 seconds | Page:localhost/astracore/index.php | INFO
[LogInfo] Page generation time: 21.06653213501 seconds | Page:localhost/astracore/index.php | INFO
[LogInfo] Page generation time: 0.21977615356445 seconds | Page:localhost/astracore/index.php | INFO
[LogInfo] Page generation time: 0.147047996521 seconds | Page:localhost/astracore/index.php | INFO
[LogInfo] Page generation time: 0.21824312210083 seconds | Page:localhost/astracore/index.php | INFO
[LogInfo] Page generation time: 0.13751578330994 seconds | Page:localhost/astracore/index.php | INFO
[LogInfo] Page generation time: 0.22192192077637 seconds | Page:localhost/astracore/index.php | INFO
[LogInfo] Page generation time: 0.21789908409119 seconds | Page:localhost/astracore/index.php | INFO
[LogInfo] Page generation time: 0.00010418891906738 seconds | Page:localhost/astracore/index.php | INFO
[LogInfo] Page generation time: 0.00026512145996094 seconds | Page:localhost/astracore/index.php | INFO
[LogInfo] Page generation time: 0.10546088218689 seconds | Page:localhost/astracore/index.php | INFO
[LogInfo] Page generation time: 0.30045819282532 seconds | Page:localhost/astracore/index.php | INFO
[LogInfo] Page generation time: 0.21901202201843 seconds | Page:localhost/astracore/index.php | INFO
[LogInfo] Page generation time: 0.23101997375488 seconds | Page:localhost/astracore/index.php | INFO
[LogInfo] Page generation time: 0.13538908958435 seconds | Page:localhost/astracore/index.php | INFO
[LogInfo] Page generation time: 0.22886514663696 seconds | Page:localhost/astracore/index.php | INFO
[LogInfo] Page generation time: 0.1432249546051 seconds | Page:localhost/astracore/index.php | INFO
[LogInfo] Page generation time: 0.14433693885803 seconds | Page:localhost/astracore/index.php | INFO
[LogInfo] Page generation time: 0.14504480361938 seconds | Page:localhost/astracore/index.php | INFO
[LogInfo] Page generation time: 0.22403001785278 seconds | Page:localhost/astracore/index.php | INFO
[LogInfo] Page generation time: 0.23213005065918 seconds | Page:localhost/astracore/index.php | INFO
[LogInfo] Page generation time: 0.28498482704163 seconds | Page:localhost/astracore/index.php | INFO
[LogInfo] Page generation time: 0.2239978313446 seconds | Page:localhost/astracore/index.php | INFO
[LogInfo] Page generation time: 0.27538800239563 seconds | Page:localhost/astracore/index.php | INFO
[LogInfo] Page generation time: 0.22815203666687 seconds | Page:localhost/astracore/index.php | INFO
[LogInfo] Page generation time: 0.23595881462097 seconds | Page:localhost/astracore/index.php | INFO
[LogInfo] Page generation time: 0.21574687957764 seconds | Page:localhost/astracore/index.php | INFO
[LogInfo] Page generation time: 0.21945285797119 seconds | Page:localhost/astracore/index.php | INFO
[LogInfo] Page generation time: 0.21236991882324 seconds | Page:localhost/astracore/index.php | INFO
[LogInfo] Page generation time: 0.22864103317261 seconds | Page:localhost/astracore/index.php | INFO
[LogInfo] Page generation time: 0.21670699119568 seconds | Page:localhost/astracore/index.php | INFO
[LogInfo] Page generation time: 0.24099612236023 seconds | Page:localhost/astracore/index.php | INFO
[LogInfo] Page generation time: 0.22773003578186 seconds | Page:localhost/astracore/index.php | INFO
[LogInfo] Page generation time: 0.21921300888062 seconds | Page:localhost/astracore/index.php | INFO
[LogInfo] Page generation time: 0.27952194213867 seconds | Page:localhost/astracore/index.php | INFO
[LogInfo] Page generation time: 0.21738409996033 seconds | Page:localhost/astracore/index.php | INFO
[LogInfo] Page generation time: 0.21430611610413 seconds | Page:localhost/astracore/index.php | INFO
[LogInfo] Page generation time: 0.22578597068787 seconds | Page:localhost/astracore/index.php | INFO
[LogInfo] Page generation time: 0.21193313598633 seconds | Page:localhost/astracore/index.php | INFO
[LogInfo] Page generation time: 0.23062992095947 seconds | Page:localhost/astracore/index.php | INFO
[LogInfo] Page generation time: 0.2200870513916 seconds | Page:localhost/astracore/index.php | INFO
[LogInfo] Page generation time: 0.22370100021362 seconds | Page:localhost/astracore/index.php | INFO
[LogInfo] Page generation time: 0.22132897377014 seconds | Page:localhost/astracore/index.php | INFO
[LogInfo] Page generation time: 0.21974587440491 seconds | Page:localhost/astracore/index.php | INFO
[LogInfo] Page generation time: 0.22780799865723 seconds | Page:localhost/astracore/index.php | INFO
[LogInfo] Page generation time: 0.27548289299011 seconds | Page:localhost/astracore/index.php | INFO
[LogInfo] Page generation time: 0.22327184677124 seconds | Page:localhost/astracore/index.php | INFO
[LogInfo] Page generation time: 0.21737003326416 seconds | Page:localhost/astracore/index.php | INFO
[LogInfo] Page generation time: 0.28122401237488 seconds | Page:localhost/astracore/index.php | INFO
[LogInfo] Page generation time: 0.23150706291199 seconds | Page:localhost/astracore/index.php | INFO
[LogInfo] Page generation time: 0.24818110466003 seconds | Page:localhost/astracore/index.php | INFO
[LogInfo] Page generation time: 0.22666788101196 seconds | Page:localhost/astracore/index.php | INFO
[LogInfo] Page generation time: 0.22852683067322 seconds | Page:localhost/astracore/index.php | INFO
[LogInfo] Page generation time: 0.22211694717407 seconds | Page:localhost/astracore/index.php | INFO
[LogInfo] Page generation time: 0.00011706352233887 seconds | Page:localhost/astracore/index.php | INFO
[LogInfo] Page generation time: 0.0001070499420166 seconds | Page:localhost/astracore/index.php | INFO
[LogInfo] Page generation time: 0.34787487983704 seconds | Page:localhost/astracore/index.php | INFO
[LogInfo] Page generation time: 0.21808791160583 seconds | Page:localhost/astracore/index.php | INFO
[LogInfo] Page generation time: 0.13621091842651 seconds | Page:localhost/astracore/index.php | INFO
[LogInfo] Page generation time: 0.21926784515381 seconds | Page:localhost/astracore/index.php | INFO
[LogInfo] Page generation time: 0.21917009353638 seconds | Page:localhost/astracore/index.php | INFO
[LogInfo] Page generation time: 0.271653175354 seconds | Page:localhost/astracore/index.php | INFO
[LogInfo] Page generation time: 0.21944499015808 seconds | Page:localhost/astracore/index.php | INFO
[LogInfo] Page generation time: 0.21898102760315 seconds | Page:localhost/astracore/index.php | INFO
[LogInfo] Page generation time: 0.21214509010315 seconds | Page:localhost/astracore/index.php | INFO
[LogInfo] Page generation time: 0.22795987129211 seconds | Page:localhost/astracore/index.php | INFO
[LogInfo] Page generation time: 0.21750593185425 seconds | Page:localhost/astracore/index.php | INFO
[LogInfo] Page generation time: 0.23070502281189 seconds | Page:localhost/astracore/index.php | INFO
[LogInfo] Page generation time: 0.21766805648804 seconds | Page:localhost/astracore/index.php | INFO
[LogInfo] Page generation time: 0.22028207778931 seconds | Page:localhost/astracore/index.php | INFO
[LogInfo] Page generation time: 0.28033494949341 seconds | Page:localhost/astracore/index.php | INFO
[LogInfo] Page generation time: 0.21636009216309 seconds | Page:localhost/astracore/index.php | INFO
[LogInfo] Page generation time: 0.21998691558838 seconds | Page:localhost/astracore/index.php | INFO
[LogInfo] Page generation time: 0.23177313804626 seconds | Page:localhost/astracore/index.php | INFO
[LogInfo] Page generation time: 0.21706199645996 seconds | Page:localhost/astracore/index.php | INFO
[LogInfo] Page generation time: 0.21888017654419 seconds | Page:localhost/astracore/index.php | INFO
[LogInfo] Page generation time: 0.22418999671936 seconds | Page:localhost/astracore/index.php | INFO
[LogInfo] Page generation time: 0.21870493888855 seconds | Page:localhost/astracore/index.php | INFO
[LogInfo] Page generation time: 0.21752285957336 seconds | Page:localhost/astracore/index.php | INFO
[LogInfo] Page generation time: 0.2125301361084 seconds | Page:localhost/astracore/index.php | INFO
[LogInfo] Page generation time: 0.21813321113586 seconds | Page:localhost/astracore/index.php | INFO
[LogInfo] Page generation time: 0.21991610527039 seconds | Page:localhost/astracore/index.php | INFO
[LogInfo] Page generation time: 0.2151939868927 seconds | Page:localhost/astracore/index.php | INFO
[LogInfo] Page generation time: 0.23118090629578 seconds | Page:localhost/astracore/index.php | INFO
[LogInfo] Page generation time: 0.21706795692444 seconds | Page:localhost/astracore/index.php | INFO
[LogInfo] Page generation time: 0.22230315208435 seconds | Page:localhost/astracore/index.php | INFO
[LogInfo] Page generation time: 17.975697040558 seconds | Page:localhost/astracore/index.php | INFO
[LogInfo] Page generation time: 14.323022842407 seconds | Page:localhost/astracore/index.php | INFO
[LogInfo] Page generation time: 12.761706113815 seconds | Page:localhost/astracore/index.php | INFO
[LogInfo] Page generation time: 0.21670317649841 seconds | Page:localhost/astracore/index.php | INFO
[LogInfo] Page generation time: 0.21423816680908 seconds | Page:localhost/astracore/index.php | INFO
[LogInfo] Page generation time: 0.22993803024292 seconds | Page:localhost/astracore/index.php | INFO
[LogInfo] Page generation time: 0.2186450958252 seconds | Page:localhost/astracore/index.php | INFO
[LogInfo] Page generation time: 0.22424793243408 seconds | Page:localhost/astracore/index.php | INFO
[LogInfo] Page generation time: 0.22590088844299 seconds | Page:localhost/astracore/index.php | INFO
[LogInfo] Page generation time: 0.21554803848267 seconds | Page:localhost/astracore/index.php | INFO
[LogInfo] Page generation time: 0.27494692802429 seconds | Page:localhost/astracore/index.php | INFO
[LogInfo] Page generation time: 0.21181011199951 seconds | Page:localhost/astracore/index.php | INFO
[LogInfo] Page generation time: 0.21554899215698 seconds | Page:localhost/astracore/index.php | INFO
[LogInfo] Page generation time: 0.21535682678223 seconds | Page:localhost/astracore/index.php | INFO
[LogInfo] Page generation time: 0.21412181854248 seconds | Page:localhost/astracore/index.php | INFO
[LogInfo] Page generation time: 0.22384881973267 seconds | Page:localhost/astracore/index.php | INFO
[LogInfo] Page generation time: 0.21840810775757 seconds | Page:localhost/astracore/index.php | INFO
[LogInfo] Page generation time: 0.21893000602722 seconds | Page:localhost/astracore/index.php | INFO
[LogInfo] Page generation time: 0.2182788848877 seconds | Page:localhost/astracore/index.php | INFO
[LogInfo] Page generation time: 0.21296882629395 seconds | Page:localhost/astracore/index.php | INFO
[LogInfo] Page generation time: 0.22296905517578 seconds | Page:localhost/astracore/index.php | INFO
[LogInfo] Page generation time: 0.22083187103271 seconds | Page:localhost/astracore/index.php | INFO
[LogInfo] Page generation time: 0.13880896568298 seconds | Page:localhost/astracore/index.php | INFO
[LogInfo] Page generation time: 0.15620303153992 seconds | Page:localhost/astracore/index.php | INFO
[LogInfo] Page generation time: 0.1437361240387 seconds | Page:localhost/astracore/index.php | INFO
[LogInfo] Page generation time: 0.26801490783691 seconds | Page:localhost/astracore/index.php | INFO
[LogInfo] Page generation time: 0.21321988105774 seconds | Page:localhost/astracore/index.php | INFO
[LogInfo] Page generation time: 0.21619486808777 seconds | Page:localhost/astracore/index.php | INFO
[LogInfo] Page generation time: 0.22841215133667 seconds | Page:localhost/astracore/index.php | INFO
[LogInfo] Page generation time: 0.21697402000427 seconds | Page:localhost/astracore/index.php | INFO
[LogInfo] Page generation time: 0.21984004974365 seconds | Page:localhost/astracore/index.php | INFO
[LogInfo] Page generation time: 0.21774888038635 seconds | Page:localhost/astracore/index.php | INFO
[LogInfo] Page generation time: 0.22010684013367 seconds | Page:localhost/astracore/index.php | INFO
[LogInfo] Page generation time: 0.21493983268738 seconds | Page:localhost/astracore/index.php | INFO
[LogInfo] Page generation time: 0.22478604316711 seconds | Page:localhost/astracore/index.php | INFO
[LogInfo] Page generation time: 0.22431302070618 seconds | Page:localhost/astracore/index.php | INFO
[LogInfo] Page generation time: 0.22529101371765 seconds | Page:localhost/astracore/index.php | INFO
[LogInfo] Page generation time: 0.21454381942749 seconds | Page:localhost/astracore/index.php | INFO
[LogInfo] Page generation time: 0.21422600746155 seconds | Page:localhost/astracore/index.php | INFO
[LogInfo] Page generation time: 0.21944284439087 seconds | Page:localhost/astracore/index.php | INFO
[LogInfo] Page generation time: 0.22046518325806 seconds | Page:localhost/astracore/index.php | INFO
[LogInfo] Page generation time: 0.27557492256165 seconds | Page:localhost/astracore/index.php | INFO
[LogInfo] Page generation time: 0.21311593055725 seconds | Page:localhost/astracore/index.php | INFO
[LogInfo] Page generation time: 0.21663904190063 seconds | Page:localhost/astracore/index.php | INFO
[LogInfo] Page generation time: 0.2204749584198 seconds | Page:localhost/astracore/index.php | INFO
[LogInfo] Page generation time: 0.22810196876526 seconds | Page:localhost/astracore/index.php | INFO
[LogInfo] Page generation time: 0.23995304107666 seconds | Page:localhost/astracore/index.php | INFO
[LogInfo] Page generation time: 0.21365785598755 seconds | Page:localhost/astracore/index.php | INFO
[LogInfo] Page generation time: 0.22488903999329 seconds | Page:localhost/astracore/index.php | INFO
[LogInfo] Page generation time: 0.21678018569946 seconds | Page:localhost/astracore/index.php | INFO
[LogInfo] Page generation time: 0.22583103179932 seconds | Page:localhost/astracore/index.php | INFO
[LogInfo] Page generation time: 0.22497415542603 seconds | Page:localhost/astracore/index.php | INFO
[LogInfo] Page generation time: 21.457592010498 seconds | Page:localhost/astracore/index.php | INFO
[LogInfo] Page generation time: 15.076401948929 seconds | Page:localhost/astracore/index.php | INFO
[LogInfo] Page generation time: 13.385001897812 seconds | Page:localhost/astracore/index.php | INFO
[LogInfo] Page generation time: 11.926928043365 seconds | Page:localhost/astracore/index.php | INFO
[LogInfo] Page generation time: 11.526529073715 seconds | Page:localhost/astracore/index.php | INFO
[LogInfo] Page generation time: 6.0912709236145 seconds | Page:localhost/astracore/index.php | INFO
[LogInfo] Page generation time: 3.2526309490204 seconds | Page:localhost/astracore/index.php | INFO
[LogInfo] Page generation time: 0.9664831161499 seconds | Page:localhost/astracore/index.php | INFO
[LogInfo] Page generation time: 0.21458983421326 seconds | Page:localhost/astracore/index.php | INFO
[LogInfo] Page generation time: 0.22648191452026 seconds | Page:localhost/astracore/index.php | INFO
[LogInfo] Page generation time: 0.21636891365051 seconds | Page:localhost/astracore/index.php | INFO
[LogInfo] Page generation time: 0.21983695030212 seconds | Page:localhost/astracore/index.php | INFO
[LogInfo] Page generation time: 0.21508002281189 seconds | Page:localhost/astracore/index.php | INFO
[LogInfo] Page generation time: 0.21335482597351 seconds | Page:localhost/astracore/index.php | INFO
[LogInfo] Page generation time: 0.22027707099915 seconds | Page:localhost/astracore/index.php | INFO
[LogInfo] Page generation time: 0.22128415107727 seconds | Page:localhost/astracore/index.php | INFO
[LogInfo] Page generation time: 0.2211639881134 seconds | Page:localhost/astracore/index.php | INFO
[LogInfo] Page generation time: 0.22569704055786 seconds | Page:localhost/astracore/index.php | INFO
[LogInfo] Page generation time: 0.23979997634888 seconds | Page:localhost/astracore/index.php | INFO
[LogInfo] Page generation time: 0.23437309265137 seconds | Page:localhost/astracore/index.php | INFO
[LogInfo] Page generation time: 0.21737408638 seconds | Page:localhost/astracore/index.php | INFO
[LogInfo] Page generation time: 0.21680688858032 seconds | Page:localhost/astracore/index.php | INFO
[LogInfo] Page generation time: 0.22395086288452 seconds | Page:localhost/astracore/index.php | INFO
[LogInfo] Page generation time: 0.21717500686646 seconds | Page:localhost/astracore/index.php | INFO
[LogInfo] Page generation time: 0.2359299659729 seconds | Page:localhost/astracore/index.php | INFO
[LogInfo] Page generation time: 0.21810698509216 seconds | Page:localhost/astracore/index.php | INFO
[LogInfo] Page generation time: 0.2164740562439 seconds | Page:localhost/astracore/index.php | INFO
[LogInfo] Page generation time: 0.22390699386597 seconds | Page:localhost/astracore/index.php | INFO
[LogInfo] Page generation time: 0.21544098854065 seconds | Page:localhost/astracore/index.php | INFO
[LogInfo] Page generation time: 0.21721601486206 seconds | Page:localhost/astracore/index.php | INFO
[LogInfo] Page generation time: 0.22668504714966 seconds | Page:localhost/astracore/index.php | INFO
[LogInfo] Page generation time: 0.22000217437744 seconds | Page:localhost/astracore/index.php | INFO
[LogInfo] Page generation time: 0.13441705703735 seconds | Page:localhost/astracore/index.php | INFO
[LogInfo] Page generation time: 0.21653199195862 seconds | Page:localhost/astracore/index.php | INFO
[LogInfo] Page generation time: 0.20997595787048 seconds | Page:localhost/astracore/index.php | INFO
[LogInfo] Page generation time: 0.14941215515137 seconds | Page:localhost/astracore/index.php | INFO
[LogInfo] Page generation time: 0.2689368724823 seconds | Page:localhost/astracore/index.php | INFO
[LogInfo] Page generation time: 0.22578597068787 seconds | Page:localhost/astracore/index.php | INFO
[LogInfo] Page generation time: 0.13543677330017 seconds | Page:localhost/astracore/index.php | INFO
[LogInfo] Page generation time: 0.13673496246338 seconds | Page:localhost/astracore/index.php | INFO
[LogInfo] Page generation time: 0.20874786376953 seconds | Page:localhost/astracore/index.php | INFO
[LogInfo] Page generation time: 0.21133899688721 seconds | Page:localhost/astracore/index.php | INFO
[LogInfo] Page generation time: 0.27692294120789 seconds | Page:localhost/astracore/index.php | INFO
[LogInfo] Page generation time: 0.13601398468018 seconds | Page:localhost/astracore/index.php | INFO
[LogInfo] Page generation time: 0.14297699928284 seconds | Page:localhost/astracore/index.php | INFO
[LogInfo] Page generation time: 0.16325807571411 seconds | Page:localhost/astracore/index.php | INFO
[LogInfo] Page generation time: 0.13787007331848 seconds | Page:localhost/astracore/index.php | INFO
[LogInfo] Page generation time: 0.21559119224548 seconds | Page:localhost/astracore/index.php | INFO
[LogInfo] Page generation time: 0.21910810470581 seconds | Page:localhost/astracore/index.php | INFO
[LogInfo] Page generation time: 0.00010395050048828 seconds | Page:localhost/astracore/index.php | INFO
[LogInfo] Page generation time: 0.21304202079773 seconds | Page:localhost/astracore/index.php | INFO
[LogInfo] Page generation time: 0.13684797286987 seconds | Page:localhost/astracore/index.php | INFO
[LogInfo] Page generation time: 8.9883804321289E-5 seconds | Page:localhost/astracore/index.php | INFO
[LogInfo] Page generation time: 4.6968460083008E-5 seconds | Page:localhost/astracore/index.php | INFO
[LogInfo] Page generation time: 4.8160552978516E-5 seconds | Page:localhost/astracore/index.php | INFO
[LogInfo] Page generation time: 4.6968460083008E-5 seconds | Page:localhost/astracore/index.php | INFO
[LogInfo] Page generation time: 5.4121017456055E-5 seconds | Page:localhost/astracore/index.php | INFO
[LogInfo] Page generation time: 4.5061111450195E-5 seconds | Page:localhost/astracore/index.php | INFO
[LogInfo] Page generation time: 0.14716601371765 seconds | Page:localhost/astracore/index.php | INFO
[LogInfo] Page generation time: 0.14637398719788 seconds | Page:localhost/astracore/index.php | INFO
[LogInfo] Page generation time: 5.5074691772461E-5 seconds | Page:localhost/astracore/index.php | INFO
[LogInfo] Page generation time: 0.13688516616821 seconds | Page:localhost/astracore/index.php | INFO
[LogInfo] Page generation time: 0.13633608818054 seconds | Page:localhost/astracore/index.php | INFO
[LogInfo] Page generation time: 4.887580871582E-5 seconds | Page:localhost/astracore/index.php | INFO
[LogInfo] Page generation time: 0.00010395050048828 seconds | Page:localhost/astracore/index.php | INFO
[LogInfo] Page generation time: 7.7009201049805E-5 seconds | Page:localhost/astracore/index.php | INFO
[LogInfo] Page generation time: 4.2915344238281E-5 seconds | Page:localhost/astracore/index.php | INFO
[LogInfo] Page generation time: 0.14448881149292 seconds | Page:localhost/astracore/index.php | INFO
[LogInfo] Page generation time: 3.8007688522339 seconds | Page:localhost/astracore/index.php | INFO
[LogInfo] Page generation time: 0.21660590171814 seconds | Page:localhost/astracore/index.php | INFO
[LogInfo] Page generation time: 0.2282338142395 seconds | Page:localhost/astracore/index.php | INFO
[LogInfo] Page generation time: 0.13708090782166 seconds | Page:localhost/astracore/index.php | INFO
[LogInfo] Page generation time: 0.15392398834229 seconds | Page:localhost/astracore/index.php | INFO
[LogInfo] Page generation time: 0.13303279876709 seconds | Page:localhost/astracore/index.php | INFO
[LogInfo] Page generation time: 0.2135009765625 seconds | Page:localhost/astracore/index.php | INFO
[LogInfo] Page generation time: 0.13618683815002 seconds | Page:localhost/astracore/index.php | INFO
[LogInfo] Page generation time: 0.13746690750122 seconds | Page:localhost/astracore/index.php | INFO
[LogInfo] Page generation time: 0.14121699333191 seconds | Page:localhost/astracore/index.php | INFO
[LogInfo] Page generation time: 17.703675031662 seconds | Page:localhost/astracore/index.php | INFO
[LogInfo] Page generation time: 0.14723300933838 seconds | Page:localhost/astracore/index.php | INFO
[LogInfo] Page generation time: 0.13614296913147 seconds | Page:localhost/astracore/index.php | INFO
[LogInfo] Page generation time: 0.13687801361084 seconds | Page:localhost/astracore/index.php | INFO
[LogInfo] Page generation time: 0.13542819023132 seconds | Page:localhost/astracore/index.php | INFO
[LogInfo] Page generation time: 0.13697385787964 seconds | Page:localhost/astracore/index.php | INFO
[LogInfo] Page generation time: 0.14389801025391 seconds | Page:localhost/astracore/index.php | INFO
[LogInfo] Page generation time: 0.14051795005798 seconds | Page:localhost/astracore/index.php | INFO
[LogInfo] Page generation time: 0.13798403739929 seconds | Page:localhost/astracore/index.php | INFO
[LogInfo] Page generation time: 0.13998007774353 seconds | Page:localhost/astracore/index.php | INFO
[LogInfo] Page generation time: 0.13615703582764 seconds | Page:localhost/astracore/index.php | INFO
[LogInfo] Page generation time: 0.14383411407471 seconds | Page:localhost/astracore/index.php | INFO
[LogInfo] Page generation time: 0.13674092292786 seconds | Page:localhost/astracore/index.php | INFO
[LogInfo] Page generation time: 0.13655185699463 seconds | Page:localhost/astracore/index.php | INFO
[LogInfo] Page generation time: 0.13718008995056 seconds | Page:localhost/astracore/index.php | INFO
[LogInfo] Page generation time: 0.13702297210693 seconds | Page:localhost/astracore/index.php | INFO
[LogInfo] Page generation time: 0.14556002616882 seconds | Page:localhost/astracore/index.php | INFO
[LogInfo] Page generation time: 0.1384871006012 seconds | Page:localhost/astracore/index.php | INFO
[LogInfo] Page generation time: 0.14638900756836 seconds | Page:localhost/astracore/index.php | INFO
[LogInfo] Page generation time: 0.1326789855957 seconds | Page:localhost/astracore/index.php | INFO
[LogInfo] Page generation time: 0.13577795028687 seconds | Page:localhost/astracore/index.php | INFO
[LogInfo] Page generation time: 0.14160704612732 seconds | Page:localhost/astracore/index.php | INFO
[LogInfo] Page generation time: 0.22508192062378 seconds | Page:localhost/astracore/index.php | INFO
[LogInfo] Page generation time: 0.1543881893158 seconds | Page:localhost/astracore/index.php | INFO
[LogInfo] Page generation time: 0.14535307884216 seconds | Page:localhost/astracore/index.php | INFO
[LogInfo] Page generation time: 0.13951110839844 seconds | Page:localhost/astracore/index.php | INFO
[LogInfo] Page generation time: 0.14573383331299 seconds | Page:localhost/astracore/index.php | INFO
[LogInfo] Page generation time: 0.14804196357727 seconds | Page:localhost/astracore/index.php | INFO
[LogInfo] Page generation time: 0.14588713645935 seconds | Page:localhost/astracore/index.php | INFO
[LogInfo] Page generation time: 0.13799715042114 seconds | Page:localhost/astracore/index.php | INFO
[LogInfo] Page generation time: 0.14369201660156 seconds | Page:localhost/astracore/index.php | INFO
[LogInfo] Page generation time: 0.14255690574646 seconds | Page:localhost/astracore/index.php | INFO
[LogInfo] Page generation time: 0.14345693588257 seconds | Page:localhost/astracore/index.php | INFO
[LogInfo] Page generation time: 0.14806699752808 seconds | Page:localhost/astracore/index.php | INFO
[LogInfo] Page generation time: 0.13644480705261 seconds | Page:localhost/astracore/index.php | INFO
[LogInfo] Page generation time: 0.14118909835815 seconds | Page:localhost/astracore/index.php | INFO
[LogInfo] Page generation time: 0.13997507095337 seconds | Page:localhost/astracore/index.php | INFO
[LogInfo] Page generation time: 0.13981699943542 seconds | Page:localhost/astracore/index.php | INFO
[LogInfo] Page generation time: 0.14488005638123 seconds | Page:localhost/astracore/index.php | INFO
[LogInfo] Page generation time: 0.14973998069763 seconds | Page:localhost/astracore/index.php | INFO
[LogInfo] Page generation time: 0.14549207687378 seconds | Page:localhost/astracore/index.php | INFO
[LogInfo] Page generation time: 0.1434018611908 seconds | Page:localhost/astracore/index.php | INFO
[LogInfo] Page generation time: 0.142746925354 seconds | Page:localhost/astracore/index.php | INFO
[LogInfo] Page generation time: 0.14422297477722 seconds | Page:localhost/astracore/index.php | INFO
[LogInfo] Page generation time: 0.13432598114014 seconds | Page:localhost/astracore/index.php | INFO
[LogInfo] Page generation time: 0.14329695701599 seconds | Page:localhost/astracore/index.php | INFO
[LogInfo] Page generation time: 0.14172387123108 seconds | Page:localhost/astracore/index.php | INFO
[LogInfo] Page generation time: 0.13573098182678 seconds | Page:localhost/astracore/index.php | INFO
[LogInfo] Page generation time: 0.13780307769775 seconds | Page:localhost/astracore/index.php | INFO
[LogInfo] Page generation time: 0.13946318626404 seconds | Page:localhost/astracore/index.php | INFO
[LogInfo] Page generation time: 0.14646697044373 seconds | Page:localhost/astracore/index.php | INFO
[LogInfo] Page generation time: 0.14418196678162 seconds | Page:localhost/astracore/index.php | INFO
[LogInfo] Page generation time: 0.13615608215332 seconds | Page:localhost/astracore/index.php | INFO
[LogInfo] Page generation time: 0.14584302902222 seconds | Page:localhost/astracore/index.php | INFO
[LogInfo] Page generation time: 0.13573694229126 seconds | Page:localhost/astracore/index.php | INFO
[LogInfo] Page generation time: 0.14370107650757 seconds | Page:localhost/astracore/index.php | INFO
[LogInfo] Page generation time: 0.13653302192688 seconds | Page:localhost/astracore/index.php | INFO
[LogInfo] Page generation time: 0.14557099342346 seconds | Page:localhost/astracore/index.php | INFO
[LogInfo] Page generation time: 0.14581799507141 seconds | Page:localhost/astracore/index.php | INFO
[LogInfo] Page generation time: 0.15130019187927 seconds | Page:localhost/astracore/index.php | INFO
[LogInfo] Page generation time: 0.13795804977417 seconds | Page:localhost/astracore/index.php | INFO
[LogInfo] Page generation time: 0.13671898841858 seconds | Page:localhost/astracore/index.php | INFO
[LogInfo] Page generation time: 0.14389395713806 seconds | Page:localhost/astracore/index.php | INFO
[LogInfo] Page generation time: 0.1332151889801 seconds | Page:localhost/astracore/index.php | INFO
[LogInfo] Page generation time: 0.14485716819763 seconds | Page:localhost/astracore/index.php | INFO
[LogInfo] Page generation time: 0.13543701171875 seconds | Page:localhost/astracore/index.php | INFO
[LogInfo] Page generation time: 0.14538192749023 seconds | Page:localhost/astracore/index.php | INFO
[LogInfo] Page generation time: 0.13284182548523 seconds | Page:localhost/astracore/index.php | INFO
[LogInfo] Page generation time: 0.13706493377686 seconds | Page:localhost/astracore/index.php | INFO
[LogInfo] Page generation time: 0.14525318145752 seconds | Page:localhost/astracore/index.php | INFO
[LogInfo] Page generation time: 0.14563918113708 seconds | Page:localhost/astracore/index.php | INFO
[LogInfo] Page generation time: 0.13972496986389 seconds | Page:localhost/astracore/index.php | INFO
[LogInfo] Page generation time: 0.13264012336731 seconds | Page:localhost/astracore/index.php | INFO
[LogInfo] Page generation time: 0.14018392562866 seconds | Page:localhost/astracore/index.php | INFO
[LogInfo] Page generation time: 0.13585901260376 seconds | Page:localhost/astracore/index.php | INFO
[LogInfo] Page generation time: 0.14452195167542 seconds | Page:localhost/astracore/index.php | INFO
[LogInfo] Page generation time: 0.21161007881165 seconds | Page:localhost/astracore/index.php | INFO
[LogInfo] Page generation time: 0.21851301193237 seconds | Page:localhost/astracore/index.php | INFO
[LogInfo] Page generation time: 0.22739410400391 seconds | Page:localhost/astracore/index.php | INFO
[LogInfo] Page generation time: 0.21881508827209 seconds | Page:localhost/astracore/index.php | INFO
[LogInfo] Page generation time: 0.21612191200256 seconds | Page:localhost/astracore/index.php | INFO
[LogInfo] Page generation time: 0.2165539264679 seconds | Page:localhost/astracore/index.php | INFO
[LogInfo] Page generation time: 0.22210597991943 seconds | Page:localhost/astracore/index.php | INFO
[LogInfo] Page generation time: 0.21727013587952 seconds | Page:localhost/astracore/index.php | INFO
[LogInfo] Page generation time: 0.21728515625 seconds | Page:localhost/astracore/index.php | INFO
[LogInfo] Page generation time: 21.312155008316 seconds | Page:localhost/astracore/index.php | INFO
[LogInfo] Page generation time: 20.619146108627 seconds | Page:localhost/astracore/index.php | INFO
[LogInfo] Page generation time: 20.307993173599 seconds | Page:localhost/astracore/index.php | INFO
[LogInfo] Page generation time: 19.645683050156 seconds | Page:localhost/astracore/index.php | INFO
[LogInfo] Page generation time: 0.21444201469421 seconds | Page:localhost/astracore/index.php | INFO
[LogInfo] Page generation time: 0.14685797691345 seconds | Page:localhost/astracore/index.php | INFO
[LogInfo] Page generation time: 0.14474201202393 seconds | Page:localhost/astracore/index.php | INFO
[LogInfo] Page generation time: 0.00011491775512695 seconds | Page:localhost/astracore/index.php | INFO
[LogInfo] Page generation time: 0.00017905235290527 seconds | Page:localhost/astracore/index.php | INFO
[LogInfo] Page generation time: 0.15917897224426 seconds | Page:localhost/astracore/index.php | INFO
[LogInfo] Page generation time: 0.00021505355834961 seconds | Page:localhost/astracore/index.php | INFO
[LogInfo] Page generation time: 0.1448290348053 seconds | Page:localhost/astracore/index.php | INFO
[LogInfo] Page generation time: 0.00020384788513184 seconds | Page:localhost/astracore/index.php | INFO
[LogInfo] Page generation time: 0.00018906593322754 seconds | Page:localhost/astracore/index.php | INFO
[LogInfo] Page generation time: 0.00033116340637207 seconds | Page:localhost/astracore/index.php | INFO
[LogInfo] Page generation time: 0.14313793182373 seconds | Page:localhost/astracore/index.php | INFO
[LogInfo] Page generation time: 0.00018596649169922 seconds | Page:localhost/astracore/index.php | INFO
[LogInfo] Page generation time: 0.00017881393432617 seconds | Page:localhost/astracore/index.php | INFO
[LogInfo] Page generation time: 0.14044713973999 seconds | Page:localhost/astracore/index.php | INFO
[LogInfo] Page generation time: 0.13787889480591 seconds | Page:localhost/astracore/index.php | INFO
[LogInfo] Page generation time: 0.00020098686218262 seconds | Page:localhost/astracore/index.php | INFO
[LogInfo] Page generation time: 0.00015592575073242 seconds | Page:localhost/astracore/index.php | INFO
[LogInfo] Page generation time: 0.00014686584472656 seconds | Page:localhost/astracore/index.php | INFO
[LogInfo] Page generation time: 0.00017786026000977 seconds | Page:localhost/astracore/index.php | INFO
[LogInfo] Page generation time: 0.00017380714416504 seconds | Page:localhost/astracore/index.php | INFO
[LogInfo] Page generation time: 0.010349988937378 seconds | Page:localhost/astracore/index.php | INFO
[LogInfo] Page generation time: 0.002371072769165 seconds | Page:localhost/astracore/index.php | INFO
[LogInfo] Page generation time: 0.43364119529724 seconds | Page:localhost/astracore/index.php | INFO
[LogInfo] Page generation time: 0.25437593460083 seconds | Page:localhost/astracore/index.php | INFO
[LogInfo] Page generation time: 0.31920790672302 seconds | Page:localhost/astracore/index.php | INFO
[LogInfo] Page generation time: 0.458163022995 seconds | Page:localhost/astracore/index.php | INFO
[LogInfo] Page generation time: 0.3742401599884 seconds | Page:localhost/astracore/index.php | INFO
[LogInfo] Page generation time: 0.31683087348938 seconds | Page:localhost/astracore/index.php | INFO
[LogInfo] Page generation time: 0.28167605400085 seconds | Page:localhost/astracore/index.php | INFO
[LogInfo] Page generation time: 0.32603096961975 seconds | Page:localhost/astracore/index.php | INFO
[LogInfo] Page generation time: 0.25046706199646 seconds | Page:localhost/astracore/index.php | INFO
[LogInfo] Page generation time: 0.2559700012207 seconds | Page:localhost/astracore/index.php | INFO
[LogInfo] Page generation time: 0.31460809707642 seconds | Page:localhost/astracore/index.php | INFO
[LogInfo] Page generation time: 0.33051896095276 seconds | Page:localhost/astracore/index.php | INFO
[LogInfo] Page generation time: 0.26966619491577 seconds | Page:localhost/astracore/index.php | INFO
[LogInfo] Page generation time: 0.25260400772095 seconds | Page:localhost/astracore/index.php | INFO
[LogInfo] Page generation time: 0.32586598396301 seconds | Page:localhost/astracore/index.php | INFO
[LogInfo] Page generation time: 0.25201082229614 seconds | Page:localhost/astracore/index.php | INFO
[LogInfo] Page generation time: 0.32117080688477 seconds | Page:localhost/astracore/index.php | INFO
[LogInfo] Page generation time: 0.25384998321533 seconds | Page:localhost/astracore/index.php | INFO
[LogInfo] Page generation time: 0.28375315666199 seconds | Page:localhost/astracore/index.php | INFO
[LogInfo] Page generation time: 0.25767207145691 seconds | Page:localhost/astracore/index.php | INFO
[LogInfo] Page generation time: 0.31628799438477 seconds | Page:localhost/astracore/index.php | INFO
[LogInfo] Page generation time: 0.25101399421692 seconds | Page:localhost/astracore/index.php | INFO
[LogInfo] Page generation time: 0.32816505432129 seconds | Page:localhost/astracore/index.php | INFO
[LogInfo] Page generation time: 0.32234311103821 seconds | Page:localhost/astracore/index.php | INFO
[LogInfo] Page generation time: 0.32309007644653 seconds | Page:localhost/astracore/index.php | INFO
[LogInfo] Page generation time: 0.32847023010254 seconds | Page:localhost/astracore/index.php | INFO
[LogInfo] Page generation time: 0.25607204437256 seconds | Page:localhost/astracore/index.php | INFO
[LogInfo] Page generation time: 0.26169896125793 seconds | Page:localhost/astracore/index.php | INFO
[LogInfo] Page generation time: 0.25229692459106 seconds | Page:localhost/astracore/index.php | INFO
[LogInfo] Page generation time: 0.32784485816956 seconds | Page:localhost/astracore/index.php | INFO
[LogInfo] Page generation time: 0.26802611351013 seconds | Page:localhost/astracore/index.php | INFO
[LogInfo] Page generation time: 0.26346397399902 seconds | Page:localhost/astracore/index.php | INFO
[LogInfo] Page generation time: 0.32562613487244 seconds | Page:localhost/astracore/index.php | INFO
[LogInfo] Page generation time: 0.26411199569702 seconds | Page:localhost/astracore/index.php | INFO
[LogInfo] Page generation time: 0.25627398490906 seconds | Page:localhost/astracore/index.php | INFO
[LogInfo] Page generation time: 0.17047810554504 seconds | Page:localhost/astracore/index.php | INFO
[LogInfo] Page generation time: 0.25392699241638 seconds | Page:localhost/astracore/index.php | INFO
[LogInfo] Page generation time: 0.26174306869507 seconds | Page:localhost/astracore/index.php | INFO
[LogInfo] Page generation time: 0.31785082817078 seconds | Page:localhost/astracore/index.php | INFO
[LogInfo] Page generation time: 0.26517295837402 seconds | Page:localhost/astracore/index.php | INFO
[LogInfo] Page generation time: 0.25693202018738 seconds | Page:localhost/astracore/index.php | INFO
[LogInfo] Page generation time: 0.32138991355896 seconds | Page:localhost/astracore/index.php | INFO
[LogInfo] Page generation time: 0.26459193229675 seconds | Page:localhost/astracore/index.php | INFO
[LogInfo] Page generation time: 0.33110904693604 seconds | Page:localhost/astracore/index.php | INFO
[LogInfo] Page generation time: 0.32480382919312 seconds | Page:localhost/astracore/index.php | INFO
[LogInfo] Page generation time: 0.26728987693787 seconds | Page:localhost/astracore/index.php | INFO
[LogInfo] Page generation time: 0.25727200508118 seconds | Page:localhost/astracore/index.php | INFO
[LogInfo] Page generation time: 0.24807596206665 seconds | Page:localhost/astracore/index.php | INFO
[LogInfo] Page generation time: 0.25442504882812 seconds | Page:localhost/astracore/index.php | INFO
[LogInfo] Page generation time: 0.26180410385132 seconds | Page:localhost/astracore/index.php | INFO
[LogInfo] Page generation time: 0.31753516197205 seconds | Page:localhost/astracore/index.php | INFO
[LogInfo] Page generation time: 0.25133395195007 seconds | Page:localhost/astracore/index.php | INFO
[LogInfo] Page generation time: 0.32798910140991 seconds | Page:localhost/astracore/index.php | INFO
[LogInfo] Page generation time: 0.31447100639343 seconds | Page:localhost/astracore/index.php | INFO
[LogInfo] Page generation time: 0.31372213363647 seconds | Page:localhost/astracore/index.php | INFO
[LogInfo] Page generation time: 0.25624203681946 seconds | Page:localhost/astracore/index.php | INFO
[LogInfo] Page generation time: 0.26866006851196 seconds | Page:localhost/astracore/index.php | INFO
[LogInfo] Page generation time: 0.26375412940979 seconds | Page:localhost/astracore/index.php | INFO
[LogInfo] Page generation time: 0.16688895225525 seconds | Page:localhost/astracore/index.php | INFO
[LogInfo] Page generation time: 0.25743699073792 seconds | Page:localhost/astracore/index.php | INFO
[LogInfo] Page generation time: 0.2494261264801 seconds | Page:localhost/astracore/index.php | INFO
[LogInfo] Page generation time: 0.25671911239624 seconds | Page:localhost/astracore/index.php | INFO
[LogInfo] Page generation time: 0.25758719444275 seconds | Page:localhost/astracore/index.php | INFO
[LogInfo] Page generation time: 0.16730213165283 seconds | Page:localhost/astracore/index.php | INFO
[LogInfo] Page generation time: 0.26541495323181 seconds | Page:localhost/astracore/index.php | INFO
[LogInfo] Page generation time: 0.16188097000122 seconds | Page:localhost/astracore/index.php | INFO
[LogInfo] Page generation time: 0.172119140625 seconds | Page:localhost/astracore/index.php | INFO
[LogInfo] Page generation time: 0.15985894203186 seconds | Page:localhost/astracore/index.php | INFO
[LogInfo] Page generation time: 0.17456793785095 seconds | Page:localhost/astracore/index.php | INFO
[LogInfo] Page generation time: 0.25267291069031 seconds | Page:localhost/astracore/index.php | INFO
[LogInfo] Page generation time: 0.25807881355286 seconds | Page:localhost/astracore/index.php | INFO
[LogInfo] Page generation time: 0.17069506645203 seconds | Page:localhost/astracore/index.php | INFO
[LogInfo] Page generation time: 0.15688896179199 seconds | Page:localhost/astracore/index.php | INFO
[LogInfo] Page generation time: 0.16990113258362 seconds | Page:localhost/astracore/index.php | INFO
[LogInfo] Page generation time: 0.16163301467896 seconds | Page:localhost/astracore/index.php | INFO
[LogInfo] Page generation time: 0.1670548915863 seconds | Page:localhost/astracore/index.php | INFO
[LogInfo] Page generation time: 0.17135405540466 seconds | Page:localhost/astracore/index.php | INFO
[LogInfo] Page generation time: 0.1605441570282 seconds | Page:localhost/astracore/index.php | INFO
[LogInfo] Page generation time: 0.27174806594849 seconds | Page:localhost/astracore/index.php | INFO
[LogInfo] Page generation time: 0.16765785217285 seconds | Page:localhost/astracore/index.php | INFO
[LogInfo] Page generation time: 0.15991115570068 seconds | Page:localhost/astracore/index.php | INFO
[LogInfo] Page generation time: 0.17538595199585 seconds | Page:localhost/astracore/index.php | INFO
[LogInfo] Page generation time: 0.1627299785614 seconds | Page:localhost/astracore/index.php | INFO
[LogInfo] Page generation time: 0.18997693061829 seconds | Page:localhost/astracore/index.php | INFO
[LogInfo] Page generation time: 0.25359702110291 seconds | Page:localhost/astracore/index.php | INFO
[LogInfo] Page generation time: 0.00013399124145508 seconds | Page:localhost/astracore/index.php | INFO
[LogInfo] Page generation time: 0.0001990795135498 seconds | Page:localhost/astracore/index.php | INFO
[LogInfo] Page generation time: 0.41347002983093 seconds | Page:localhost/astracore/index.php | INFO
[LogInfo] Page generation time: 0.25651621818542 seconds | Page:localhost/astracore/index.php | INFO
[LogInfo] Page generation time: 0.16094303131104 seconds | Page:localhost/astracore/index.php | INFO
[LogInfo] Page generation time: 0.2631688117981 seconds | Page:localhost/astracore/index.php | INFO
[LogInfo] Page generation time: 0.25519418716431 seconds | Page:localhost/astracore/index.php | INFO
[LogInfo] Page generation time: 0.26064085960388 seconds | Page:localhost/astracore/index.php | INFO
[LogInfo] Page generation time: -2.2085437774658 seconds | Page:localhost/astracore/index.php | INFO
[LogInfo] Page generation time: 0.2604649066925 seconds | Page:localhost/astracore/index.php | INFO
[LogInfo] Page generation time: 0.2542929649353 seconds | Page:localhost/astracore/index.php | INFO
[LogInfo] Page generation time: 0.24918007850647 seconds | Page:localhost/astracore/index.php | INFO
[LogInfo] Page generation time: 0.25407385826111 seconds | Page:localhost/astracore/index.php | INFO
[LogInfo] Page generation time: 0.17016386985779 seconds | Page:localhost/astracore/index.php | INFO
[LogInfo] Page generation time: 0.00019598007202148 seconds | Page:localhost/astracore/index.php | INFO
[LogInfo] Page generation time: 0.00015115737915039 seconds | Page:localhost/astracore/index.php | INFO
[LogInfo] Page generation time: 0.002108097076416 seconds | Page:localhost/astracore/index.php | INFO
[LogInfo] Page generation time: 0.00012707710266113 seconds | Page:localhost/astracore/index.php | INFO
[LogInfo] Page generation time: 0.4196469783783 seconds | Page:localhost/astracore/index.php | INFO
[LogInfo] Page generation time: 0.25473594665527 seconds | Page:localhost/astracore/index.php | INFO
[LogInfo] Page generation time: 0.25475096702576 seconds | Page:localhost/astracore/index.php | INFO
[LogInfo] Page generation time: 0.25855898857117 seconds | Page:localhost/astracore/index.php | INFO
[LogInfo] Page generation time: 0.26170992851257 seconds | Page:localhost/astracore/index.php | INFO
[LogInfo] Page generation time: 0.25445103645325 seconds | Page:localhost/astracore/index.php | INFO
[LogInfo] Page generation time: 0.2669050693512 seconds | Page:localhost/astracore/index.php | INFO
[LogInfo] Page generation time: 0.26320600509644 seconds | Page:localhost/astracore/index.php | INFO
[LogInfo] Page generation time: 0.25194883346558 seconds | Page:localhost/astracore/index.php | INFO
[LogInfo] Page generation time: 0.27629590034485 seconds | Page:localhost/astracore/index.php | INFO
[LogInfo] Page generation time: 0.15745186805725 seconds | Page:localhost/astracore/index.php | INFO
[LogInfo] Page generation time: 0.25595307350159 seconds | Page:localhost/astracore/index.php | INFO
[LogInfo] Page generation time: 0.26165580749512 seconds | Page:localhost/astracore/index.php | INFO
[LogInfo] Page generation time: 0.1592869758606 seconds | Page:localhost/astracore/index.php | INFO
[LogInfo] Page generation time: 0.25167107582092 seconds | Page:localhost/astracore/index.php | INFO
[LogInfo] Page generation time: 0.26486015319824 seconds | Page:localhost/astracore/index.php | INFO
[LogInfo] Page generation time: 0.25704288482666 seconds | Page:localhost/astracore/index.php | INFO
[LogInfo] Page generation time: 0.15923190116882 seconds | Page:localhost/astracore/index.php | INFO
[LogInfo] Page generation time: 0.15800905227661 seconds | Page:localhost/astracore/index.php | INFO
[LogInfo] Page generation time: 0.2188880443573 seconds | Page:localhost/astracore/index.php | INFO
[LogInfo] Page generation time: 0.00011897087097168 seconds | Page:localhost/astracore/index.php | INFO
[LogInfo] Page generation time: 0.00077295303344727 seconds | Page:localhost/astracore/index.php | INFO
[LogInfo] Page generation time: 0.00016307830810547 seconds | Page:localhost/astracore/index.php | INFO
[LogInfo] Page generation time: 0.00018501281738281 seconds | Page:localhost/astracore/index.php | INFO
[LogInfo] Page generation time: 0.00016093254089355 seconds | Page:localhost/astracore/index.php | INFO
[LogInfo] Page generation time: 0.0014607906341553 seconds | Page:localhost/astracore/index.php | INFO
[LogInfo] Page generation time: 0.0023198127746582 seconds | Page:localhost/astracore/index.php | INFO
[LogInfo] Page generation time: 0.00052714347839355 seconds | Page:localhost/astracore/index.php | INFO
[LogInfo] Page generation time: 0.00016093254089355 seconds | Page:localhost/astracore/index.php | INFO
[LogInfo] Page generation time: 0.00016188621520996 seconds | Page:localhost/astracore/index.php | INFO
[LogInfo] Page generation time: 0.41042113304138 seconds | Page:localhost/astracore/index.php | INFO
[LogInfo] Page generation time: 0.25465393066406 seconds | Page:localhost/astracore/index.php | INFO
[LogInfo] Page generation time: 0.16070103645325 seconds | Page:localhost/astracore/index.php | INFO
[LogInfo] Page generation time: 0.2584331035614 seconds | Page:localhost/astracore/index.php | INFO
[LogInfo] Page generation time: 0.26462697982788 seconds | Page:localhost/astracore/index.php | INFO
[LogInfo] Page generation time: 0.25846791267395 seconds | Page:localhost/astracore/index.php | INFO
[LogInfo] Page generation time: 0.16922998428345 seconds | Page:localhost/astracore/index.php | INFO
[LogInfo] Page generation time: 0.2540009021759 seconds | Page:localhost/astracore/index.php | INFO
[LogInfo] Page generation time: 0.15912294387817 seconds | Page:localhost/astracore/index.php | INFO
[LogInfo] Page generation time: 0.25304102897644 seconds | Page:localhost/astracore/index.php | INFO
[LogInfo] Page generation time: 0.2603611946106 seconds | Page:localhost/astracore/index.php | INFO
[LogInfo] Page generation time: 0.30918288230896 seconds | Page:localhost/astracore/index.php | INFO
[LogInfo] Page generation time: 0.15946698188782 seconds | Page:localhost/astracore/index.php | INFO
[LogInfo] Page generation time: 0.25105905532837 seconds | Page:localhost/astracore/index.php | INFO
[LogInfo] Page generation time: 0.17530798912048 seconds | Page:localhost/astracore/index.php | INFO
[LogInfo] Page generation time: 0.26877689361572 seconds | Page:localhost/astracore/index.php | INFO
[LogInfo] Page generation time: 0.16053104400635 seconds | Page:localhost/astracore/index.php | INFO
[LogInfo] Page generation time: 0.26940107345581 seconds | Page:localhost/astracore/index.php | INFO
[LogInfo] Page generation time: 0.25522208213806 seconds | Page:localhost/astracore/index.php | INFO
[LogInfo] Page generation time: 0.26222586631775 seconds | Page:localhost/astracore/index.php | INFO
[LogInfo] Page generation time: 0.16295695304871 seconds | Page:localhost/astracore/index.php | INFO
[LogInfo] Page generation time: 0.25813794136047 seconds | Page:localhost/astracore/index.php | INFO
[LogInfo] Page generation time: 0.25194811820984 seconds | Page:localhost/astracore/index.php | INFO
[LogInfo] Page generation time: 0.26138305664062 seconds | Page:localhost/astracore/index.php | INFO
[LogInfo] Page generation time: 0.25225901603699 seconds | Page:localhost/astracore/index.php | INFO
[LogInfo] Page generation time: 0.26267695426941 seconds | Page:localhost/astracore/index.php | INFO
[LogInfo] Page generation time: 0.25048089027405 seconds | Page:localhost/astracore/index.php | INFO
[LogInfo] Page generation time: 0.79305100440979 seconds | Page:localhost/astracore/index.php | INFO
[LogInfo] Page generation time: 0.00012993812561035 seconds | Page:localhost/astracore/index.php | INFO
[LogInfo] Page generation time: 0.00014019012451172 seconds | Page:localhost/astracore/index.php | INFO
[LogInfo] Page generation time: 0.00016307830810547 seconds | Page:localhost/astracore/index.php | INFO
[LogInfo] Page generation time: 18.969123840332 seconds | Page:localhost/astracore/index.php | INFO
[LogInfo] Page generation time: 6.3271670341492 seconds | Page:localhost/astracore/index.php | INFO
[LogInfo] Page generation time: 9.0911149978638 seconds | Page:localhost/astracore/index.php | INFO
[LogInfo] Page generation time: 9.4037871360779 seconds | Page:localhost/astracore/index.php | INFO
[LogInfo] Page generation time: 9.718761920929 seconds | Page:localhost/astracore/index.php | INFO
[LogInfo] Page generation time: 10.020020008087 seconds | Page:localhost/astracore/index.php | INFO
[LogInfo] Page generation time: 10.305814027786 seconds | Page:localhost/astracore/index.php | INFO
[LogInfo] Page generation time: 10.621151924133 seconds | Page:localhost/astracore/index.php | INFO
[LogInfo] Page generation time: 6.9755730628967 seconds | Page:localhost/astracore/index.php | INFO
[LogInfo] Page generation time: 0.25812411308289 seconds | Page:localhost/astracore/index.php | INFO
[LogInfo] Page generation time: 0.16368699073792 seconds | Page:localhost/astracore/index.php | INFO
[LogInfo] Page generation time: 0.25357985496521 seconds | Page:localhost/astracore/index.php | INFO
[LogInfo] Page generation time: 0.18270206451416 seconds | Page:localhost/astracore/index.php | INFO
[LogInfo] Page generation time: 0.0043408870697021 seconds | Page:localhost/astracore/index.php | INFO
[LogInfo] Page generation time: 0.00061583518981934 seconds | Page:localhost/astracore/index.php | INFO
[LogInfo] Page generation time: 0.00031900405883789 seconds | Page:localhost/astracore/index.php | INFO
[LogInfo] Page generation time: 0.0019361972808838 seconds | Page:localhost/astracore/index.php | INFO
[LogInfo] Page generation time: 0.00140380859375 seconds | Page:localhost/astracore/index.php | INFO
[LogInfo] Page generation time: 0.00069284439086914 seconds | Page:localhost/astracore/index.php | INFO
[LogInfo] Page generation time: 0.0006260871887207 seconds | Page:localhost/astracore/index.php | INFO
[LogInfo] Page generation time: 0.00087380409240723 seconds | Page:localhost/astracore/index.php | INFO
[LogInfo] Page generation time: 0.0001680850982666 seconds | Page:localhost/astracore/index.php | INFO
[LogInfo] Page generation time: 0.16588997840881 seconds | Page:localhost/astracore/index.php | INFO
[LogInfo] Page generation time: 0.0014200210571289 seconds | Page:localhost/astracore/index.php | INFO
[LogInfo] Page generation time: 0.00014996528625488 seconds | Page:localhost/astracore/index.php | INFO
[LogInfo] Page generation time: 0.16187810897827 seconds | Page:localhost/astracore/index.php | INFO
[LogInfo] Page generation time: 0.00089907646179199 seconds | Page:localhost/astracore/index.php | INFO
[LogInfo] Page generation time: 0.0014150142669678 seconds | Page:localhost/astracore/index.php | INFO
[LogInfo] Page generation time: 0.0010039806365967 seconds | Page:localhost/astracore/index.php | INFO
[LogInfo] Page generation time: 0.0012900829315186 seconds | Page:localhost/astracore/index.php | INFO
[LogInfo] Page generation time: 0.0009760856628418 seconds | Page:localhost/astracore/index.php | INFO
[LogInfo] Page generation time: 0.0018270015716553 seconds | Page:localhost/astracore/index.php | INFO
[LogInfo] Page generation time: 0.001323938369751 seconds | Page:localhost/astracore/index.php | INFO
[LogInfo] Page generation time: 0.0016469955444336 seconds | Page:localhost/astracore/index.php | INFO
[LogInfo] Page generation time: 0.00093293190002441 seconds | Page:localhost/astracore/index.php | INFO
[LogInfo] Page generation time: 0.00099015235900879 seconds | Page:localhost/astracore/index.php | INFO
[LogInfo] Page generation time: 0.00095891952514648 seconds | Page:localhost/astracore/index.php | INFO
[LogInfo] Page generation time: 0.0010240077972412 seconds | Page:localhost/astracore/index.php | INFO
[LogInfo] Page generation time: 0.0011539459228516 seconds | Page:localhost/astracore/index.php | INFO
[LogInfo] Page generation time: 0.00099706649780273 seconds | Page:localhost/astracore/index.php | INFO
[LogInfo] Page generation time: 0.00097393989562988 seconds | Page:localhost/astracore/index.php | INFO
[LogInfo] Page generation time: 0.00094389915466309 seconds | Page:localhost/astracore/index.php | INFO
[LogInfo] Page generation time: 0.0020561218261719 seconds | Page:localhost/astracore/index.php | INFO
[LogInfo] Page generation time: 0.00098991394042969 seconds | Page:localhost/astracore/index.php | INFO
[LogInfo] Page generation time: 0.0010650157928467 seconds | Page:localhost/astracore/index.php | INFO
[LogInfo] Page generation time: 0.0011980533599854 seconds | Page:localhost/astracore/index.php | INFO
[LogInfo] Page generation time: 0.00098800659179688 seconds | Page:localhost/astracore/index.php | INFO
[LogInfo] Page generation time: 0.0010459423065186 seconds | Page:localhost/astracore/index.php | INFO
[LogInfo] Page generation time: 0.0017530918121338 seconds | Page:localhost/astracore/index.php | INFO
[LogInfo] Page generation time: 0.00095009803771973 seconds | Page:localhost/astracore/index.php | INFO
[LogInfo] Page generation time: 0.0010139942169189 seconds | Page:localhost/astracore/index.php | INFO
[LogInfo] Page generation time: 0.0014548301696777 seconds | Page:localhost/astracore/index.php | INFO
[LogInfo] Page generation time: 0.00098896026611328 seconds | Page:localhost/astracore/index.php | INFO
[LogInfo] Page generation time: 0.00096583366394043 seconds | Page:localhost/astracore/index.php | INFO
[LogInfo] Page generation time: 0.0010778903961182 seconds | Page:localhost/astracore/index.php | INFO
[LogInfo] Page generation time: 0.0014810562133789 seconds | Page:localhost/astracore/index.php | INFO
[LogInfo] Page generation time: 0.0010709762573242 seconds | Page:localhost/astracore/index.php | INFO
[LogInfo] Page generation time: 0.0010769367218018 seconds | Page:localhost/astracore/index.php | INFO
[LogInfo] Page generation time: 0.00098419189453125 seconds | Page:localhost/astracore/index.php | INFO
[LogInfo] Page generation time: 0.0011751651763916 seconds | Page:localhost/astracore/index.php | INFO
[LogInfo] Page generation time: 0.0015261173248291 seconds | Page:localhost/astracore/index.php | INFO
[LogInfo] Page generation time: 0.0010240077972412 seconds | Page:localhost/astracore/index.php | INFO
[LogInfo] Page generation time: 0.00095105171203613 seconds | Page:localhost/astracore/index.php | INFO
[LogInfo] Page generation time: 0.0010499954223633 seconds | Page:localhost/astracore/index.php | INFO
[LogInfo] Page generation time: 0.00094103813171387 seconds | Page:localhost/astracore/index.php | INFO
[LogInfo] Page generation time: 0.00098991394042969 seconds | Page:localhost/astracore/index.php | INFO
[LogInfo] Page generation time: 0.0010199546813965 seconds | Page:localhost/astracore/index.php | INFO
[LogInfo] Page generation time: 0.00097513198852539 seconds | Page:localhost/astracore/index.php | INFO
[LogInfo] Page generation time: 0.00090694427490234 seconds | Page:localhost/astracore/index.php | INFO
[LogInfo] Page generation time: 0.00098800659179688 seconds | Page:localhost/astracore/index.php | INFO
[LogInfo] Page generation time: 0.00099492073059082 seconds | Page:localhost/astracore/index.php | INFO
[LogInfo] Page generation time: 0.00094318389892578 seconds | Page:localhost/astracore/index.php | INFO
[LogInfo] Page generation time: 0.00099301338195801 seconds | Page:localhost/astracore/index.php | INFO
[LogInfo] Page generation time: 0.0013539791107178 seconds | Page:localhost/astracore/index.php | INFO
[LogInfo] Page generation time: 0.0013861656188965 seconds | Page:localhost/astracore/index.php | INFO
[LogInfo] Page generation time: 0.0014791488647461 seconds | Page:localhost/astracore/index.php | INFO
[LogInfo] Page generation time: 0.0010101795196533 seconds | Page:localhost/astracore/index.php | INFO
[LogInfo] Page generation time: 0.0010199546813965 seconds | Page:localhost/astracore/index.php | INFO
[LogInfo] Page generation time: 0.0010378360748291 seconds | Page:localhost/astracore/index.php | INFO
[LogInfo] Page generation time: 0.00095605850219727 seconds | Page:localhost/astracore/index.php | INFO
[LogInfo] Page generation time: 0.0011000633239746 seconds | Page:localhost/astracore/index.php | INFO
[LogInfo] Page generation time: 0.0010249614715576 seconds | Page:localhost/astracore/index.php | INFO
[LogInfo] Page generation time: 0.000946044921875 seconds | Page:localhost/astracore/index.php | INFO
[LogInfo] Page generation time: 0.00097894668579102 seconds | Page:localhost/astracore/index.php | INFO
[LogInfo] Page generation time: 0.0010499954223633 seconds | Page:localhost/astracore/index.php | INFO
[LogInfo] Page generation time: 0.00094485282897949 seconds | Page:localhost/astracore/index.php | INFO
[LogInfo] Page generation time: 0.0014009475708008 seconds | Page:localhost/astracore/index.php | INFO
[LogInfo] Page generation time: 0.00096392631530762 seconds | Page:localhost/astracore/index.php | INFO
[LogInfo] Page generation time: 0.00090718269348145 seconds | Page:localhost/astracore/index.php | INFO
[LogInfo] Page generation time: 0.00096988677978516 seconds | Page:localhost/astracore/index.php | INFO
[LogInfo] Page generation time: 0.00097203254699707 seconds | Page:localhost/astracore/index.php | INFO
[LogInfo] Page generation time: 0.00094699859619141 seconds | Page:localhost/astracore/index.php | INFO
[LogInfo] Page generation time: 0.0010969638824463 seconds | Page:localhost/astracore/index.php | INFO
[LogInfo] Page generation time: 0.0010509490966797 seconds | Page:localhost/astracore/index.php | INFO
[LogInfo] Page generation time: 0.0020020008087158 seconds | Page:localhost/astracore/index.php | INFO
[LogInfo] Page generation time: 0.00098109245300293 seconds | Page:localhost/astracore/index.php | INFO
[LogInfo] Page generation time: 0.0015120506286621 seconds | Page:localhost/astracore/index.php | INFO
[LogInfo] Page generation time: 0.0010221004486084 seconds | Page:localhost/astracore/index.php | INFO
[LogInfo] Page generation time: 0.00092291831970215 seconds | Page:localhost/astracore/index.php | INFO
[LogInfo] Page generation time: 0.00099706649780273 seconds | Page:localhost/astracore/index.php | INFO
[LogInfo] Page generation time: 0.0010011196136475 seconds | Page:localhost/astracore/index.php | INFO
[LogInfo] Page generation time: 0.0010759830474854 seconds | Page:localhost/astracore/index.php | INFO
[LogInfo] Page generation time: 0.0013799667358398 seconds | Page:localhost/astracore/index.php | INFO
[LogInfo] Page generation time: 0.0011799335479736 seconds | Page:localhost/astracore/index.php | INFO
[LogInfo] Page generation time: 0.0010318756103516 seconds | Page:localhost/astracore/index.php | INFO
[LogInfo] Page generation time: 0.0011138916015625 seconds | Page:localhost/astracore/index.php | INFO
[LogInfo] Page generation time: 0.0009620189666748 seconds | Page:localhost/astracore/index.php | INFO
[LogInfo] Page generation time: 0.0010428428649902 seconds | Page:localhost/astracore/index.php | INFO
[LogInfo] Page generation time: 0.0010581016540527 seconds | Page:localhost/astracore/index.php | INFO
[LogInfo] Page generation time: 0.00095510482788086 seconds | Page:localhost/astracore/index.php | INFO
[LogInfo] Page generation time: 0.00099802017211914 seconds | Page:localhost/astracore/index.php | INFO
[LogInfo] Page generation time: 0.0009770393371582 seconds | Page:localhost/astracore/index.php | INFO
[LogInfo] Page generation time: 0.0010290145874023 seconds | Page:localhost/astracore/index.php | INFO
[LogInfo] Page generation time: 0.0013809204101562 seconds | Page:localhost/astracore/index.php | INFO
[LogInfo] Page generation time: 0.0010049343109131 seconds | Page:localhost/astracore/index.php | INFO
[LogInfo] Page generation time: 0.00096988677978516 seconds | Page:localhost/astracore/index.php | INFO
[LogInfo] Page generation time: 0.00099492073059082 seconds | Page:localhost/astracore/index.php | INFO
[LogInfo] Page generation time: 0.001539945602417 seconds | Page:localhost/astracore/index.php | INFO
[LogInfo] Page generation time: 0.0010049343109131 seconds | Page:localhost/astracore/index.php | INFO
[LogInfo] Page generation time: 0.0038251876831055 seconds | Page:localhost/astracore/index.php | INFO
[LogInfo] Page generation time: 0.001201868057251 seconds | Page:localhost/astracore/index.php | INFO
[LogInfo] Page generation time: 0.0012991428375244 seconds | Page:localhost/astracore/index.php | INFO
[LogInfo] Page generation time: 0.00089716911315918 seconds | Page:localhost/astracore/index.php | INFO
[LogInfo] Page generation time: 0.00098490715026855 seconds | Page:localhost/astracore/index.php | INFO
[LogInfo] Page generation time: 0.0010890960693359 seconds | Page:localhost/astracore/index.php | INFO
[LogInfo] Page generation time: 0.0016591548919678 seconds | Page:localhost/astracore/index.php | INFO
[LogInfo] Page generation time: 0.00088191032409668 seconds | Page:localhost/astracore/index.php | INFO
[LogInfo] Page generation time: 0.00011014938354492 seconds | Page:localhost/astracore/index.php | INFO
[LogInfo] Page generation time: 0.0034611225128174 seconds | Page:localhost/astracore/index.php | INFO
[LogInfo] Page generation time: 0.00089097023010254 seconds | Page:localhost/astracore/index.php | INFO
[LogInfo] Page generation time: 0.0001380443572998 seconds | Page:localhost/astracore/index.php | INFO
[LogInfo] Page generation time: 0.00013303756713867 seconds | Page:localhost/astracore/index.php | INFO
[LogInfo] Page generation time: 0.00021004676818848 seconds | Page:localhost/astracore/index.php | INFO
[LogInfo] Page generation time: 0.00012302398681641 seconds | Page:localhost/astracore/index.php | INFO
[LogInfo] Page generation time: 0.00034809112548828 seconds | Page:localhost/astracore/index.php | INFO
[LogInfo] Page generation time: 0.00011897087097168 seconds | Page:localhost/astracore/index.php | INFO
[LogInfo] Page generation time: 0.00011110305786133 seconds | Page:localhost/astracore/index.php | INFO
[LogInfo] Page generation time: 0.15280508995056 seconds | Page:localhost/astracore/index.php | INFO
[LogInfo] Page generation time: 0.0010578632354736 seconds | Page:localhost/astracore/index.php | INFO
[LogInfo] Page generation time: 0.00092697143554688 seconds | Page:localhost/astracore/index.php | INFO
[LogInfo] Page generation time: 0.0016210079193115 seconds | Page:localhost/astracore/index.php | INFO
[LogInfo] Page generation time: 0.002169132232666 seconds | Page:localhost/astracore/index.php | INFO
[LogInfo] Page generation time: 0.0013871192932129 seconds | Page:localhost/astracore/index.php | INFO
[LogInfo] Page generation time: 0.001060962677002 seconds | Page:localhost/astracore/index.php | INFO
[LogInfo] Page generation time: 0.00064396858215332 seconds | Page:localhost/astracore/index.php | INFO
[LogInfo] Page generation time: 0.00088191032409668 seconds | Page:localhost/astracore/index.php | INFO
[LogInfo] Page generation time: 0.0011558532714844 seconds | Page:localhost/astracore/index.php | INFO
[LogInfo] Page generation time: 0.0014810562133789 seconds | Page:localhost/astracore/index.php | INFO
[LogInfo] Page generation time: 0.00088405609130859 seconds | Page:localhost/astracore/index.php | INFO
[LogInfo] Page generation time: 0.0012800693511963 seconds | Page:localhost/astracore/index.php | INFO
[LogInfo] Page generation time: 0.00096607208251953 seconds | Page:localhost/astracore/index.php | INFO
[LogInfo] Page generation time: 0.0010139942169189 seconds | Page:localhost/astracore/index.php | INFO
[LogInfo] Page generation time: 0.0011320114135742 seconds | Page:localhost/astracore/index.php | INFO
[LogInfo] Page generation time: 0.00090193748474121 seconds | Page:localhost/astracore/index.php | INFO
[LogInfo] Page generation time: 0.0010919570922852 seconds | Page:localhost/astracore/index.php | INFO
[LogInfo] Page generation time: 0.00097084045410156 seconds | Page:localhost/astracore/index.php | INFO
[LogInfo] Page generation time: 0.00095891952514648 seconds | Page:localhost/astracore/index.php | INFO
[LogInfo] Page generation time: 0.0091791152954102 seconds | Page:localhost/astracore/index.php | INFO
[LogInfo] Page generation time: 0.00042200088500977 seconds | Page:localhost/astracore/index.php | INFO
[LogInfo] Page generation time: 0.0020689964294434 seconds | Page:localhost/astracore/index.php | INFO
[LogInfo] Page generation time: 0.19771695137024 seconds | Page:localhost/astracore/index.php | INFO
[LogInfo] Page generation time: 0.0026330947875977 seconds | Page:localhost/astracore/index.php | INFO
[LogInfo] Page generation time: 0.0021989345550537 seconds | Page:localhost/astracore/index.php | INFO
[LogInfo] Page generation time: 0.0078871250152588 seconds | Page:localhost/astracore/index.php | INFO
[LogInfo] Page generation time: 0.0011410713195801 seconds | Page:localhost/astracore/index.php | INFO
[LogInfo] Page generation time: 7.4863433837891E-5 seconds | Page:localhost/astracore/index.php | INFO
[LogInfo] Page generation time: 0.0001680850982666 seconds | Page:localhost/astracore/index.php | INFO
[LogInfo] Page generation time: 0.0031139850616455 seconds | Page:localhost/astracore/index.php | INFO
[LogInfo] Page generation time: 0.002615213394165 seconds | Page:localhost/astracore/index.php | INFO
[LogInfo] Page generation time: 0.0019259452819824 seconds | Page:localhost/astracore/index.php | INFO
[LogInfo] Page generation time: 0.0021820068359375 seconds | Page:localhost/astracore/index.php | INFO
[LogInfo] Page generation time: 0.0017988681793213 seconds | Page:localhost/astracore/index.php | INFO
[LogInfo] Page generation time: 0.0022661685943604 seconds | Page:localhost/astracore/index.php | INFO
[LogInfo] Page generation time: 0.0019500255584717 seconds | Page:localhost/astracore/index.php | INFO
