[LogWarning] mkdir(): File exists in /home/fauza/web/astracore/index.php:113 | WARNING
[LogWarning] mkdir(): File exists in /home/fauza/web/astracore/index.php:113 | WARNING
[LogWarning] mkdir(): File exists in /home/fauza/web/astracore/index.php:113 | WARNING
[LogWarning] mkdir(): File exists in /home/fauza/web/astracore/index.php:113 | WARNING
[LogWarning] mkdir(): File exists in /home/fauza/web/astracore/index.php:113 | WARNING
[LogWarning] mkdir(): File exists in /home/fauza/web/astracore/index.php:113 | WARNING
[LogWarning] mkdir(): File exists in /home/fauza/web/astracore/index.php:116 | WARNING
[LogWarning] mkdir(): File exists in /home/fauza/web/astracore/index.php:116 | WARNING
[LogWarning] mkdir(): File exists in /home/fauza/web/astracore/index.php:116 | WARNING
[LogWarning] mkdir(): File exists in /home/fauza/web/astracore/index.php:116 | WARNING
[LogWarning] mkdir(): File exists in /home/fauza/web/astracore/index.php:116 | WARNING
[LogWarning] mkdir(): File exists in /home/fauza/web/astracore/index.php:116 | WARNING
[LogWarning] mkdir(): File exists in /home/fauza/web/astracore/index.php:116 | WARNING
[LogWarning] mkdir(): File exists in /home/fauza/web/astracore/index.php:116 | WARNING
[LogWarning] mkdir(): File exists in /home/fauza/web/astracore/index.php:116 | WARNING
[LogWarning] mkdir(): File exists in /home/fauza/web/astracore/index.php:116 | WARNING
[LogWarning] mkdir(): File exists in /home/fauza/web/astracore/index.php:116 | WARNING
[LogWarning] mkdir(): File exists in /home/fauza/web/astracore/index.php:116 | WARNING
[LogWarning] mkdir(): File exists in /home/fauza/web/astracore/index.php:116 | WARNING
[LogWarning] mkdir(): File exists in /home/fauza/web/astracore/index.php:116 | WARNING
[LogWarning] mkdir(): File exists in /home/fauza/web/astracore/index.php:116 | WARNING
[LogWarning] mkdir(): File exists in /home/fauza/web/astracore/index.php:116 | WARNING
[LogWarning] mkdir(): File exists in /home/fauza/web/astracore/index.php:116 | WARNING
[LogWarning] mkdir(): File exists in /home/fauza/web/astracore/index.php:116 | WARNING
[LogWarning] mkdir(): File exists in /home/fauza/web/astracore/index.php:116 | WARNING
[LogWarning] mkdir(): File exists in /home/fauza/web/astracore/index.php:116 | WARNING
[LogWarning] mkdir(): File exists in /home/fauza/web/astracore/index.php:116 | WARNING
[LogWarning] mkdir(): File exists in /home/fauza/web/astracore/index.php:116 | WARNING
[LogWarning] mkdir(): File exists in /home/fauza/web/astracore/index.php:116 | WARNING
[LogWarning] mkdir(): File exists in /home/fauza/web/astracore/index.php:116 | WARNING
[LogWarning] mkdir(): File exists in /home/fauza/web/astracore/index.php:116 | WARNING
[LogWarning] mkdir(): File exists in /home/fauza/web/astracore/index.php:116 | WARNING
[LogWarning] mkdir(): File exists in /home/fauza/web/astracore/index.php:116 | WARNING
[LogWarning] mkdir(): File exists in /home/fauza/web/astracore/index.php:116 | WARNING
[LogWarning] mkdir(): File exists in /home/fauza/web/astracore/index.php:116 | WARNING
[LogWarning] mkdir(): File exists in /home/fauza/web/astracore/index.php:116 | WARNING
[LogWarning] mkdir(): File exists in /home/fauza/web/astracore/index.php:116 | WARNING
[LogWarning] mkdir(): File exists in /home/fauza/web/astracore/index.php:116 | WARNING
[LogWarning] mkdir(): File exists in /home/fauza/web/astracore/index.php:116 | WARNING
[LogWarning] mkdir(): File exists in /home/fauza/web/astracore/index.php:116 | WARNING
[LogWarning] mkdir(): File exists in /home/fauza/web/astracore/index.php:116 | WARNING
[LogWarning] mkdir(): File exists in /home/fauza/web/astracore/index.php:116 | WARNING
[LogWarning] mkdir(): File exists in /home/fauza/web/astracore/index.php:116 | WARNING
[LogWarning] mkdir(): File exists in /home/fauza/web/astracore/index.php:116 | WARNING
[LogWarning] mkdir(): File exists in /home/fauza/web/astracore/index.php:116 | WARNING
[LogWarning] mkdir(): File exists in /home/fauza/web/astracore/index.php:116 | WARNING
[LogWarning] mkdir(): File exists in /home/fauza/web/astracore/index.php:116 | WARNING
[LogWarning] mkdir(): File exists in /home/fauza/web/astracore/index.php:116 | WARNING
[LogWarning] mkdir(): File exists in /home/fauza/web/astracore/index.php:116 | WARNING
[LogWarning] mkdir(): File exists in /home/fauza/web/astracore/index.php:116 | WARNING
[LogWarning] mkdir(): File exists in /home/fauza/web/astracore/index.php:116 | WARNING
[LogWarning] mkdir(): File exists in /home/fauza/web/astracore/index.php:116 | WARNING
[LogWarning] mkdir(): File exists in /home/fauza/web/astracore/index.php:116 | WARNING
[LogWarning] mkdir(): File exists in /home/fauza/web/astracore/index.php:116 | WARNING
[LogWarning] mkdir(): File exists in /home/fauza/web/astracore/index.php:116 | WARNING
[LogWarning] mkdir(): File exists in /home/fauza/web/astracore/index.php:116 | WARNING
[LogWarning] mkdir(): File exists in /home/fauza/web/astracore/index.php:116 | WARNING
[LogWarning] mkdir(): File exists in /home/fauza/web/astracore/index.php:116 | WARNING
[LogWarning] mkdir(): File exists in /home/fauza/web/astracore/index.php:116 | WARNING
[LogWarning] mkdir(): File exists in /home/fauza/web/astracore/index.php:116 | WARNING
[LogWarning] mkdir(): File exists in /home/fauza/web/astracore/index.php:116 | WARNING
[LogWarning] mkdir(): File exists in /home/fauza/web/astracore/index.php:116 | WARNING
[LogWarning] mkdir(): File exists in /home/fauza/web/astracore/index.php:116 | WARNING
[LogWarning] mkdir(): File exists in /home/fauza/web/astracore/index.php:117 | WARNING
[LogWarning] mkdir(): File exists in /home/fauza/web/astracore/index.php:117 | WARNING
[LogWarning] 404 Not Found: /astracore/?tab=modules-list | HTTP
[LogWarning] mkdir(): File exists in /home/fauza/web/astracore/index.php:117 | WARNING
[LogWarning] mkdir(): File exists in /home/fauza/web/astracore/index.php:117 | WARNING
[LogWarning] mkdir(): File exists in /home/fauza/web/astracore/index.php:117 | WARNING
[LogWarning] 404 Not Found: /astracore/?tab=modules-list | HTTP
[LogWarning] mkdir(): File exists in /home/fauza/web/astracore/index.php:117 | WARNING
[LogWarning] 404 Not Found: /astracore/?tab=modules-list | HTTP
[LogWarning] mkdir(): File exists in /home/fauza/web/astracore/index.php:117 | WARNING
[LogWarning] mkdir(): File exists in /home/fauza/web/astracore/index.php:117 | WARNING
[LogWarning] 404 Not Found: /astracore/?tab=modules-list | HTTP
[LogWarning] mkdir(): File exists in /home/fauza/web/astracore/index.php:117 | WARNING
[LogWarning] mkdir(): File exists in /home/fauza/web/astracore/index.php:117 | WARNING
[LogWarning] 404 Not Found: /astracore/?tab=modules-list | HTTP
[LogWarning] mkdir(): File exists in /home/fauza/web/astracore/index.php:117 | WARNING
[LogWarning] mkdir(): File exists in /home/fauza/web/astracore/index.php:117 | WARNING
[LogWarning] 404 Not Found: /astracore/?action=logout | HTTP
[LogWarning] mkdir(): File exists in /home/fauza/web/astracore/index.php:117 | WARNING
[LogWarning] mkdir(): File exists in /home/fauza/web/astracore/index.php:117 | WARNING
[LogWarning] 404 Not Found: /astracore/?action=logout | HTTP
[LogWarning] mkdir(): File exists in /home/fauza/web/astracore/index.php:117 | WARNING
[LogWarning] mkdir(): File exists in /home/fauza/web/astracore/index.php:117 | WARNING
[LogWarning] 404 Not Found: /astracore/?action=logout | HTTP
[LogWarning] mkdir(): File exists in /home/fauza/web/astracore/index.php:117 | WARNING
[LogWarning] 404 Not Found: /astracore/?action=logout | HTTP
[LogWarning] mkdir(): File exists in /home/fauza/web/astracore/index.php:117 | WARNING
[LogWarning] mkdir(): File exists in /home/fauza/web/astracore/index.php:117 | WARNING
[LogWarning] 404 Not Found: /astracore/?tab=curious | HTTP
[LogWarning] mkdir(): File exists in /home/fauza/web/astracore/index.php:117 | WARNING
[LogWarning] 404 Not Found: /astracore/?tab=devices-list | HTTP
[LogWarning] mkdir(): File exists in /home/fauza/web/astracore/index.php:117 | WARNING
[LogWarning] mkdir(): File exists in /home/fauza/web/astracore/index.php:117 | WARNING
[LogWarning] 404 Not Found: /astracore/?tab=modules-list | HTTP
[LogWarning] mkdir(): File exists in /home/fauza/web/astracore/index.php:117 | WARNING
[LogWarning] mkdir(): File exists in /home/fauza/web/astracore/index.php:117 | WARNING
[LogWarning] mkdir(): File exists in /home/fauza/web/astracore/index.php:117 | WARNING
[LogWarning] 404 Not Found: /astracore/?tab=devices-list | HTTP
[LogWarning] mkdir(): File exists in /home/fauza/web/astracore/index.php:117 | WARNING
[LogWarning] 404 Not Found: /astracore/?tab=devices-list | HTTP
[LogWarning] mkdir(): File exists in /home/fauza/web/astracore/index.php:117 | WARNING
[LogWarning] mkdir(): File exists in /home/fauza/web/astracore/index.php:117 | WARNING
[LogWarning] 404 Not Found: /astracore/index.php?tab=devices-list | HTTP
[LogWarning] mkdir(): File exists in /home/fauza/web/astracore/index.php:117 | WARNING
[LogWarning] mkdir(): File exists in /home/fauza/web/astracore/index.php:117 | WARNING
[LogWarning] mkdir(): File exists in /home/fauza/web/astracore/index.php:117 | WARNING
[LogWarning] mkdir(): File exists in /home/fauza/web/astracore/index.php:117 | WARNING
[LogWarning] 404 Not Found: /astracore/dashboard/?devices-list | HTTP
[LogWarning] mkdir(): File exists in /home/fauza/web/astracore/index.php:117 | WARNING
[LogWarning] 404 Not Found: /astracore/dashboard/?devices-list | HTTP
[LogWarning] mkdir(): File exists in /home/fauza/web/astracore/index.php:117 | WARNING
[LogWarning] mkdir(): File exists in /home/fauza/web/astracore/index.php:117 | WARNING
[LogWarning] mkdir(): File exists in /home/fauza/web/astracore/index.php:117 | WARNING
[LogWarning] mkdir(): File exists in /home/fauza/web/astracore/index.php:117 | WARNING
[LogWarning] mkdir(): File exists in /home/fauza/web/astracore/index.php:117 | WARNING
[LogWarning] mkdir(): File exists in /home/fauza/web/astracore/index.php:117 | WARNING
[LogWarning] mkdir(): File exists in /home/fauza/web/astracore/index.php:117 | WARNING
[LogWarning] mkdir(): File exists in /home/fauza/web/astracore/index.php:117 | WARNING
[LogWarning] mkdir(): File exists in /home/fauza/web/astracore/index.php:117 | WARNING
[LogWarning] mkdir(): File exists in /home/fauza/web/astracore/index.php:117 | WARNING
[LogWarning] mkdir(): File exists in /home/fauza/web/astracore/index.php:117 | WARNING
[LogWarning] mkdir(): File exists in /home/fauza/web/astracore/index.php:117 | WARNING
[LogWarning] mkdir(): File exists in /home/fauza/web/astracore/index.php:117 | WARNING
[LogWarning] mkdir(): File exists in /home/fauza/web/astracore/index.php:117 | WARNING
[LogWarning] mkdir(): File exists in /home/fauza/web/astracore/index.php:117 | WARNING
[LogWarning] mkdir(): File exists in /home/fauza/web/astracore/index.php:117 | WARNING
[LogWarning] mkdir(): File exists in /home/fauza/web/astracore/index.php:117 | WARNING
[LogWarning] mkdir(): File exists in /home/fauza/web/astracore/index.php:117 | WARNING
[LogWarning] mkdir(): File exists in /home/fauza/web/astracore/index.php:117 | WARNING
[LogWarning] Nehr is already taken. | WARNING
[LogWarning] mkdir(): File exists in /home/fauza/web/astracore/index.php:117 | WARNING
[LogWarning] Undefined variable $id in /home/fauza/web/astracore/pages/signup.php:47 | WARNING
[LogWarning] mkdir(): File exists in /home/fauza/web/astracore/index.php:117 | WARNING
[LogWarning] mkdir(): File exists in /home/fauza/web/astracore/index.php:117 | WARNING
[LogWarning] mkdir(): File exists in /home/fauza/web/astracore/index.php:117 | WARNING
[LogWarning] mkdir(): File exists in /home/fauza/web/astracore/index.php:117 | WARNING
[LogWarning] mkdir(): File exists in /home/fauza/web/astracore/index.php:117 | WARNING
[LogWarning] mkdir(): File exists in /home/fauza/web/astracore/index.php:117 | WARNING
[LogWarning] mkdir(): File exists in /home/fauza/web/astracore/index.php:117 | WARNING
[LogWarning] mkdir(): File exists in /home/fauza/web/astracore/index.php:117 | WARNING
[LogWarning] mkdir(): File exists in /home/fauza/web/astracore/index.php:117 | WARNING
[LogWarning] mkdir(): File exists in /home/fauza/web/astracore/index.php:117 | WARNING
[LogWarning] mkdir(): File exists in /home/fauza/web/astracore/index.php:117 | WARNING
[LogWarning] mkdir(): File exists in /home/fauza/web/astracore/index.php:117 | WARNING
[LogWarning] mkdir(): File exists in /home/fauza/web/astracore/index.php:117 | WARNING
[LogWarning] mkdir(): File exists in /home/fauza/web/astracore/index.php:117 | WARNING
[LogWarning] mkdir(): File exists in /home/fauza/web/astracore/index.php:117 | WARNING
[LogWarning] mkdir(): File exists in /home/fauza/web/astracore/index.php:117 | WARNING
[LogWarning] mkdir(): File exists in /home/fauza/web/astracore/index.php:117 | WARNING
[LogWarning] mkdir(): File exists in /home/fauza/web/astracore/index.php:117 | WARNING
[LogWarning] mkdir(): File exists in /home/fauza/web/astracore/index.php:117 | WARNING
[LogWarning] mkdir(): File exists in /home/fauza/web/astracore/index.php:117 | WARNING
[LogWarning] mkdir(): File exists in /home/fauza/web/astracore/index.php:117 | WARNING
[LogWarning] mkdir(): File exists in /home/fauza/web/astracore/index.php:117 | WARNING
[LogWarning] mkdir(): File exists in /home/fauza/web/astracore/index.php:117 | WARNING
[LogWarning] mkdir(): File exists in /home/fauza/web/astracore/index.php:117 | WARNING
[LogWarning] mkdir(): File exists in /home/fauza/web/astracore/index.php:117 | WARNING
[LogWarning] mkdir(): File exists in /home/fauza/web/astracore/index.php:117 | WARNING
[LogWarning] mkdir(): File exists in /home/fauza/web/astracore/index.php:117 | WARNING
[LogWarning] mkdir(): File exists in /home/fauza/web/astracore/index.php:117 | WARNING
[LogWarning] mkdir(): File exists in /home/fauza/web/astracore/index.php:117 | WARNING
[LogWarning] mkdir(): File exists in /home/fauza/web/astracore/index.php:117 | WARNING
[LogWarning] mkdir(): File exists in /home/fauza/web/astracore/index.php:117 | WARNING
[LogWarning] mkdir(): File exists in /home/fauza/web/astracore/index.php:117 | WARNING
[LogWarning] mkdir(): File exists in /home/fauza/web/astracore/index.php:117 | WARNING
[LogWarning] mkdir(): File exists in /home/fauza/web/astracore/index.php:117 | WARNING
[LogWarning] mkdir(): File exists in /home/fauza/web/astracore/index.php:117 | WARNING
[LogWarning] mkdir(): File exists in /home/fauza/web/astracore/index.php:117 | WARNING
[LogWarning] mkdir(): File exists in /home/fauza/web/astracore/index.php:117 | WARNING
[LogWarning] mkdir(): File exists in /home/fauza/web/astracore/index.php:117 | WARNING
[LogWarning] mkdir(): File exists in /home/fauza/web/astracore/index.php:117 | WARNING
[LogWarning] mkdir(): File exists in /home/fauza/web/astracore/index.php:117 | WARNING
[LogWarning] mkdir(): File exists in /home/fauza/web/astracore/index.php:117 | WARNING
[LogWarning] mkdir(): File exists in /home/fauza/web/astracore/index.php:117 | WARNING
[LogWarning] mkdir(): File exists in /home/fauza/web/astracore/index.php:117 | WARNING
[LogWarning] mkdir(): File exists in /home/fauza/web/astracore/index.php:117 | WARNING
[LogWarning] mkdir(): File exists in /home/fauza/web/astracore/index.php:117 | WARNING
[LogWarning] mkdir(): File exists in /home/fauza/web/astracore/index.php:117 | WARNING
[LogWarning] mkdir(): File exists in /home/fauza/web/astracore/index.php:117 | WARNING
[LogWarning] mkdir(): File exists in /home/fauza/web/astracore/index.php:117 | WARNING
[LogWarning] mkdir(): File exists in /home/fauza/web/astracore/index.php:117 | WARNING
[LogWarning] mkdir(): File exists in /home/fauza/web/astracore/index.php:117 | WARNING
[LogWarning] mkdir(): File exists in /home/fauza/web/astracore/index.php:117 | WARNING
[LogWarning] mkdir(): File exists in /home/fauza/web/astracore/index.php:117 | WARNING
[LogWarning] mkdir(): File exists in /home/fauza/web/astracore/index.php:117 | WARNING
[LogWarning] mkdir(): File exists in /home/fauza/web/astracore/index.php:117 | WARNING
[LogWarning] mkdir(): File exists in /home/fauza/web/astracore/index.php:117 | WARNING
[LogWarning] mkdir(): File exists in /home/fauza/web/astracore/index.php:117 | WARNING
[LogWarning] mkdir(): File exists in /home/fauza/web/astracore/index.php:117 | WARNING
[LogWarning] mkdir(): File exists in /home/fauza/web/astracore/index.php:117 | WARNING
[LogWarning] mkdir(): File exists in /home/fauza/web/astracore/index.php:117 | WARNING
[LogWarning] mkdir(): File exists in /home/fauza/web/astracore/index.php:117 | WARNING
[LogWarning] mkdir(): File exists in /home/fauza/web/astracore/index.php:117 | WARNING
[LogWarning] mkdir(): File exists in /home/fauza/web/astracore/index.php:117 | WARNING
[LogWarning] mkdir(): File exists in /home/fauza/web/astracore/index.php:117 | WARNING
[LogWarning] mkdir(): File exists in /home/fauza/web/astracore/index.php:117 | WARNING
[LogWarning] mkdir(): File exists in /home/fauza/web/astracore/index.php:117 | WARNING
[LogWarning] mkdir(): File exists in /home/fauza/web/astracore/index.php:117 | WARNING
[LogWarning] mkdir(): File exists in /home/fauza/web/astracore/index.php:117 | WARNING
[LogWarning] mkdir(): File exists in /home/fauza/web/astracore/index.php:117 | WARNING
[LogWarning] mkdir(): File exists in /home/fauza/web/astracore/index.php:117 | WARNING
[LogWarning] mkdir(): File exists in /home/fauza/web/astracore/index.php:117 | WARNING
[LogWarning] mkdir(): File exists in /home/fauza/web/astracore/index.php:117 | WARNING
[LogWarning] mkdir(): File exists in /home/fauza/web/astracore/index.php:117 | WARNING
[LogWarning] mkdir(): File exists in /home/fauza/web/astracore/index.php:117 | WARNING
[LogWarning] mkdir(): File exists in /home/fauza/web/astracore/index.php:117 | WARNING
[LogWarning] mkdir(): File exists in /home/fauza/web/astracore/index.php:117 | WARNING
[LogWarning] mkdir(): File exists in /home/fauza/web/astracore/index.php:117 | WARNING
[LogWarning] mkdir(): File exists in /home/fauza/web/astracore/index.php:117 | WARNING
[LogWarning] mkdir(): File exists in /home/fauza/web/astracore/index.php:117 | WARNING
[LogWarning] mkdir(): File exists in /home/fauza/web/astracore/index.php:117 | WARNING
[LogWarning] mkdir(): File exists in /home/fauza/web/astracore/index.php:117 | WARNING
[LogWarning] mkdir(): File exists in /home/fauza/web/astracore/index.php:117 | WARNING
[LogWarning] mkdir(): File exists in /home/fauza/web/astracore/index.php:117 | WARNING
[LogWarning] mkdir(): File exists in /home/fauza/web/astracore/index.php:117 | WARNING
[LogWarning] mkdir(): File exists in /home/fauza/web/astracore/index.php:117 | WARNING
[LogWarning] mkdir(): File exists in /home/fauza/web/astracore/index.php:117 | WARNING
[LogWarning] mkdir(): File exists in /home/fauza/web/astracore/index.php:117 | WARNING
[LogWarning] mkdir(): File exists in /home/fauza/web/astracore/index.php:117 | WARNING
[LogWarning] mkdir(): File exists in /home/fauza/web/astracore/index.php:117 | WARNING
[LogWarning] mkdir(): File exists in /home/fauza/web/astracore/index.php:117 | WARNING
[LogWarning] mkdir(): File exists in /home/fauza/web/astracore/index.php:117 | WARNING
[LogWarning] mkdir(): File exists in /home/fauza/web/astracore/index.php:117 | WARNING
[LogWarning] mkdir(): File exists in /home/fauza/web/astracore/index.php:117 | WARNING
[LogWarning] mkdir(): File exists in /home/fauza/web/astracore/index.php:117 | WARNING
[LogWarning] mkdir(): File exists in /home/fauza/web/astracore/index.php:117 | WARNING
[LogWarning] mkdir(): File exists in /home/fauza/web/astracore/index.php:117 | WARNING
[LogWarning] mkdir(): File exists in /home/fauza/web/astracore/index.php:117 | WARNING
[LogWarning] mkdir(): File exists in /home/fauza/web/astracore/index.php:117 | WARNING
[LogWarning] 404 Not Found: /astracore/dashboard/pages/css/ | HTTP
[LogWarning] mkdir(): File exists in /home/fauza/web/astracore/index.php:117 | WARNING
[LogWarning] 404 Not Found: /astracore/dashboard/pages/css/ | HTTP
[LogWarning] mkdir(): File exists in /home/fauza/web/astracore/index.php:117 | WARNING
[LogWarning] 404 Not Found: /astracore/dashboard/pages/css/ | HTTP
[LogWarning] mkdir(): File exists in /home/fauza/web/astracore/index.php:117 | WARNING
[LogWarning] mkdir(): File exists in /home/fauza/web/astracore/index.php:117 | WARNING
[LogWarning] mkdir(): File exists in /home/fauza/web/astracore/index.php:117 | WARNING
[LogWarning] mkdir(): File exists in /home/fauza/web/astracore/index.php:117 | WARNING
[LogWarning] mkdir(): File exists in /home/fauza/web/astracore/index.php:117 | WARNING
[LogWarning] mkdir(): File exists in /home/fauza/web/astracore/index.php:117 | WARNING
[LogWarning] mkdir(): File exists in /home/fauza/web/astracore/index.php:117 | WARNING
[LogWarning] mkdir(): File exists in /home/fauza/web/astracore/index.php:117 | WARNING
[LogWarning] mkdir(): File exists in /home/fauza/web/astracore/index.php:117 | WARNING
[LogWarning] mkdir(): File exists in /home/fauza/web/astracore/index.php:117 | WARNING
[LogWarning] mkdir(): File exists in /home/fauza/web/astracore/index.php:117 | WARNING
[LogWarning] mkdir(): File exists in /home/fauza/web/astracore/index.php:117 | WARNING
[LogWarning] mkdir(): File exists in /home/fauza/web/astracore/index.php:117 | WARNING
[LogWarning] mkdir(): File exists in /home/fauza/web/astracore/index.php:117 | WARNING
[LogWarning] mkdir(): File exists in /home/fauza/web/astracore/index.php:117 | WARNING
[LogWarning] mkdir(): File exists in /home/fauza/web/astracore/index.php:117 | WARNING
[LogWarning] mkdir(): File exists in /home/fauza/web/astracore/index.php:117 | WARNING
[LogWarning] mkdir(): File exists in /home/fauza/web/astracore/index.php:117 | WARNING
[LogWarning] mkdir(): File exists in /home/fauza/web/astracore/index.php:117 | WARNING
[LogWarning] mkdir(): File exists in /home/fauza/web/astracore/index.php:117 | WARNING
[LogWarning] mkdir(): File exists in /home/fauza/web/astracore/index.php:117 | WARNING
[LogWarning] mkdir(): File exists in /home/fauza/web/astracore/index.php:117 | WARNING
[LogWarning] mkdir(): File exists in /home/fauza/web/astracore/index.php:117 | WARNING
[LogWarning] mkdir(): File exists in /home/fauza/web/astracore/index.php:117 | WARNING
[LogWarning] mkdir(): File exists in /home/fauza/web/astracore/index.php:117 | WARNING
[LogWarning] mkdir(): File exists in /home/fauza/web/astracore/index.php:117 | WARNING
[LogWarning] mkdir(): File exists in /home/fauza/web/astracore/index.php:117 | WARNING
[LogWarning] mkdir(): File exists in /home/fauza/web/astracore/index.php:117 | WARNING
[LogWarning] mkdir(): File exists in /home/fauza/web/astracore/index.php:117 | WARNING
[LogWarning] mkdir(): File exists in /home/fauza/web/astracore/index.php:117 | WARNING
[LogWarning] mkdir(): File exists in /home/fauza/web/astracore/index.php:117 | WARNING
[LogWarning] mkdir(): File exists in /home/fauza/web/astracore/index.php:117 | WARNING
[LogWarning] mkdir(): File exists in /home/fauza/web/astracore/index.php:117 | WARNING
[LogWarning] mkdir(): File exists in /home/fauza/web/astracore/index.php:117 | WARNING
[LogWarning] mkdir(): File exists in /home/fauza/web/astracore/index.php:117 | WARNING
[LogWarning] mkdir(): File exists in /home/fauza/web/astracore/index.php:117 | WARNING
[LogWarning] mkdir(): File exists in /home/fauza/web/astracore/index.php:117 | WARNING
[LogWarning] mkdir(): File exists in /home/fauza/web/astracore/index.php:117 | WARNING
[LogWarning] mkdir(): File exists in /home/fauza/web/astracore/index.php:117 | WARNING
[LogWarning] mkdir(): File exists in /home/fauza/web/astracore/index.php:117 | WARNING
[LogWarning] mkdir(): File exists in /home/fauza/web/astracore/index.php:117 | WARNING
[LogWarning] mkdir(): File exists in /home/fauza/web/astracore/index.php:117 | WARNING
[LogWarning] mkdir(): File exists in /home/fauza/web/astracore/index.php:117 | WARNING
[LogWarning] mkdir(): File exists in /home/fauza/web/astracore/index.php:117 | WARNING
[LogWarning] mkdir(): File exists in /home/fauza/web/astracore/index.php:117 | WARNING
[LogWarning] mkdir(): File exists in /home/fauza/web/astracore/index.php:117 | WARNING
[LogWarning] mkdir(): File exists in /home/fauza/web/astracore/index.php:117 | WARNING
[LogWarning] mkdir(): File exists in /home/fauza/web/astracore/index.php:117 | WARNING
[LogWarning] mkdir(): File exists in /home/fauza/web/astracore/index.php:117 | WARNING
[LogWarning] mkdir(): File exists in /home/fauza/web/astracore/index.php:117 | WARNING
[LogWarning] mkdir(): File exists in /home/fauza/web/astracore/index.php:117 | WARNING
[LogWarning] mkdir(): File exists in /home/fauza/web/astracore/index.php:117 | WARNING
[LogWarning] mkdir(): File exists in /home/fauza/web/astracore/index.php:117 | WARNING
[LogWarning] mkdir(): File exists in /home/fauza/web/astracore/index.php:117 | WARNING
[LogWarning] mkdir(): File exists in /home/fauza/web/astracore/index.php:117 | WARNING
[LogWarning] mkdir(): File exists in /home/fauza/web/astracore/index.php:117 | WARNING
[LogWarning] mkdir(): File exists in /home/fauza/web/astracore/index.php:117 | WARNING
[LogWarning] mkdir(): File exists in /home/fauza/web/astracore/index.php:117 | WARNING
[LogWarning] mkdir(): File exists in /home/fauza/web/astracore/index.php:117 | WARNING
[LogWarning] mkdir(): File exists in /home/fauza/web/astracore/index.php:117 | WARNING
[LogWarning] mkdir(): File exists in /home/fauza/web/astracore/index.php:117 | WARNING
[LogWarning] mkdir(): File exists in /home/fauza/web/astracore/index.php:117 | WARNING
[LogWarning] mkdir(): File exists in /home/fauza/web/astracore/index.php:117 | WARNING
[LogWarning] mkdir(): File exists in /home/fauza/web/astracore/index.php:125 | WARNING
[LogWarning] mkdir(): File exists in /home/fauza/web/astracore/index.php:125 | WARNING
[LogWarning] mkdir(): File exists in /home/fauza/web/astracore/index.php:125 | WARNING
[LogWarning] mkdir(): File exists in /home/fauza/web/astracore/index.php:125 | WARNING
[LogWarning] mkdir(): File exists in /home/fauza/web/astracore/index.php:125 | WARNING
[LogWarning] mkdir(): File exists in /home/fauza/web/astracore/index.php:125 | WARNING
[LogWarning] mkdir(): File exists in /home/fauza/web/astracore/index.php:125 | WARNING
[LogWarning] mkdir(): File exists in /home/fauza/web/astracore/index.php:125 | WARNING
[LogWarning] 404 Not Found: /astracore/download/linux | HTTP
[LogWarning] mkdir(): File exists in /home/fauza/web/astracore/index.php:125 | WARNING
[LogWarning] 404 Not Found: /astracore/download/linux | HTTP
[LogWarning] mkdir(): File exists in /home/fauza/web/astracore/index.php:125 | WARNING
[LogWarning] 404 Not Found: /astracore/download/linux | HTTP
[LogWarning] mkdir(): File exists in /home/fauza/web/astracore/index.php:125 | WARNING
[LogWarning] 404 Not Found: /astracore/download/linux | HTTP
[LogWarning] mkdir(): File exists in /home/fauza/web/astracore/index.php:125 | WARNING
[LogWarning] mkdir(): File exists in /home/fauza/web/astracore/index.php:125 | WARNING
[LogWarning] mkdir(): File exists in /home/fauza/web/astracore/index.php:125 | WARNING
[LogWarning] mkdir(): File exists in /home/fauza/web/astracore/index.php:125 | WARNING
[LogWarning] mkdir(): File exists in /home/fauza/web/astracore/index.php:125 | WARNING
[LogWarning] 404 Not Found: /astracore/download?platform=win | HTTP
[LogWarning] mkdir(): File exists in /home/fauza/web/astracore/index.php:125 | WARNING
[LogWarning] mkdir(): File exists in /home/fauza/web/astracore/index.php:125 | WARNING
[LogWarning] mkdir(): File exists in /home/fauza/web/astracore/index.php:125 | WARNING
[LogWarning] mkdir(): File exists in /home/fauza/web/astracore/index.php:125 | WARNING
[LogWarning] mkdir(): File exists in /home/fauza/web/astracore/index.php:125 | WARNING
[LogWarning] mkdir(): File exists in /home/fauza/web/astracore/index.php:125 | WARNING
[LogWarning] mkdir(): File exists in /home/fauza/web/astracore/index.php:129 | WARNING
[LogWarning] 404 Not Found: /astracore/download?platform= | HTTP
[LogWarning] mkdir(): File exists in /home/fauza/web/astracore/index.php:129 | WARNING
[LogWarning] 404 Not Found: /astracore/download?platform=a | HTTP
[LogWarning] mkdir(): File exists in /home/fauza/web/astracore/index.php:129 | WARNING
[LogWarning] mkdir(): File exists in /home/fauza/web/astracore/index.php:129 | WARNING
[LogWarning] 404 Not Found: /astracore/download?platform=windows | HTTP
[LogWarning] mkdir(): File exists in /home/fauza/web/astracore/index.php:129 | WARNING
[LogWarning] 404 Not Found: /astracore/download?platform=wind | HTTP
[LogWarning] mkdir(): File exists in /home/fauza/web/astracore/index.php:129 | WARNING
[LogWarning] mkdir(): File exists in /home/fauza/web/astracore/index.php:129 | WARNING
[LogWarning] mkdir(): File exists in /home/fauza/web/astracore/index.php:129 | WARNING
[LogWarning] mkdir(): File exists in /home/fauza/web/astracore/index.php:129 | WARNING
[LogWarning] mkdir(): File exists in /home/fauza/web/astracore/index.php:129 | WARNING
[LogWarning] 404 Not Found: /astracore/download?platform=wind | HTTP
[LogWarning] mkdir(): File exists in /home/fauza/web/astracore/index.php:145 | WARNING
[LogWarning] mkdir(): File exists in /home/fauza/web/astracore/index.php:145 | WARNING
[LogWarning] mkdir(): File exists in /home/fauza/web/astracore/index.php:145 | WARNING
[LogWarning] mkdir(): File exists in /home/fauza/web/astracore/index.php:145 | WARNING
[LogWarning] mkdir(): File exists in /home/fauza/web/astracore/index.php:145 | WARNING
[LogWarning] mkdir(): File exists in /home/fauza/web/astracore/index.php:145 | WARNING
[LogWarning] mkdir(): File exists in /home/fauza/web/astracore/index.php:145 | WARNING
[LogWarning] mkdir(): File exists in /home/fauza/web/astracore/index.php:145 | WARNING
[LogWarning] mkdir(): File exists in /home/fauza/web/astracore/index.php:145 | WARNING
[LogWarning] mkdir(): File exists in /home/fauza/web/astracore/index.php:145 | WARNING
[LogWarning] mkdir(): File exists in /home/fauza/web/astracore/index.php:145 | WARNING
[LogWarning] mkdir(): File exists in /home/fauza/web/astracore/index.php:145 | WARNING
[LogWarning] mkdir(): File exists in /home/fauza/web/astracore/index.php:145 | WARNING
[LogWarning] mkdir(): File exists in /home/fauza/web/astracore/index.php:145 | WARNING
[LogWarning] mkdir(): File exists in /home/fauza/web/astracore/index.php:145 | WARNING
[LogWarning] mkdir(): File exists in /home/fauza/web/astracore/index.php:145 | WARNING
[LogWarning] mkdir(): File exists in /home/fauza/web/astracore/index.php:145 | WARNING
[LogWarning] mkdir(): File exists in /home/fauza/web/astracore/index.php:145 | WARNING
[LogWarning] mkdir(): File exists in /home/fauza/web/astracore/index.php:145 | WARNING
[LogWarning] mkdir(): File exists in /home/fauza/web/astracore/index.php:145 | WARNING
[LogWarning] mkdir(): File exists in /home/fauza/web/astracore/index.php:145 | WARNING
[LogWarning] mkdir(): File exists in /home/fauza/web/astracore/index.php:145 | WARNING
[LogWarning] mkdir(): File exists in /home/fauza/web/astracore/index.php:145 | WARNING
[LogWarning] mkdir(): File exists in /home/fauza/web/astracore/index.php:145 | WARNING
[LogWarning] mkdir(): File exists in /home/fauza/web/astracore/index.php:145 | WARNING
[LogWarning] mkdir(): File exists in /home/fauza/web/astracore/index.php:145 | WARNING
[LogWarning] mkdir(): File exists in /home/fauza/web/astracore/index.php:145 | WARNING
[LogWarning] mkdir(): File exists in /home/fauza/web/astracore/index.php:145 | WARNING
[LogWarning] mkdir(): File exists in /home/fauza/web/astracore/index.php:145 | WARNING
[LogWarning] mkdir(): File exists in /home/fauza/web/astracore/index.php:145 | WARNING
[LogWarning] mkdir(): File exists in /home/fauza/web/astracore/index.php:145 | WARNING
[LogWarning] mkdir(): File exists in /home/fauza/web/astracore/index.php:145 | WARNING
[LogWarning] mkdir(): File exists in /home/fauza/web/astracore/index.php:145 | WARNING
[LogWarning] mkdir(): File exists in /home/fauza/web/astracore/index.php:145 | WARNING
[LogWarning] mkdir(): File exists in /home/fauza/web/astracore/index.php:145 | WARNING
[LogWarning] mkdir(): File exists in /home/fauza/web/astracore/index.php:145 | WARNING
[LogWarning] mkdir(): File exists in /home/fauza/web/astracore/index.php:145 | WARNING
[LogWarning] mkdir(): File exists in /home/fauza/web/astracore/index.php:145 | WARNING
[LogWarning] mkdir(): File exists in /home/fauza/web/astracore/index.php:145 | WARNING
[LogWarning] mkdir(): File exists in /home/fauza/web/astracore/index.php:145 | WARNING
[LogWarning] mkdir(): File exists in /home/fauza/web/astracore/index.php:145 | WARNING
[LogWarning] mkdir(): File exists in /home/fauza/web/astracore/index.php:145 | WARNING
[LogWarning] mkdir(): File exists in /home/fauza/web/astracore/index.php:145 | WARNING
[LogWarning] mkdir(): File exists in /home/fauza/web/astracore/index.php:145 | WARNING
[LogWarning] mkdir(): File exists in /home/fauza/web/astracore/index.php:145 | WARNING
[LogWarning] mkdir(): File exists in /home/fauza/web/astracore/index.php:145 | WARNING
[LogWarning] mkdir(): File exists in /home/fauza/web/astracore/index.php:145 | WARNING
[LogWarning] mkdir(): File exists in /home/fauza/web/astracore/index.php:145 | WARNING
[LogWarning] mkdir(): File exists in /home/fauza/web/astracore/index.php:145 | WARNING
[LogWarning] mkdir(): File exists in /home/fauza/web/astracore/index.php:145 | WARNING
[LogWarning] mkdir(): File exists in /home/fauza/web/astracore/index.php:145 | WARNING
[LogWarning] mkdir(): File exists in /home/fauza/web/astracore/index.php:145 | WARNING
[LogWarning] mkdir(): File exists in /home/fauza/web/astracore/index.php:145 | WARNING
[LogWarning] mkdir(): File exists in /home/fauza/web/astracore/index.php:145 | WARNING
[LogWarning] mkdir(): File exists in /home/fauza/web/astracore/index.php:145 | WARNING
[LogWarning] mkdir(): File exists in /home/fauza/web/astracore/index.php:145 | WARNING
[LogWarning] mkdir(): File exists in /home/fauza/web/astracore/index.php:145 | WARNING
[LogWarning] mkdir(): File exists in /home/fauza/web/astracore/index.php:145 | WARNING
[LogWarning] mkdir(): File exists in /home/fauza/web/astracore/index.php:145 | WARNING
[LogWarning] mkdir(): File exists in /home/fauza/web/astracore/index.php:145 | WARNING
[LogWarning] mkdir(): File exists in /home/fauza/web/astracore/index.php:145 | WARNING
[LogWarning] mkdir(): File exists in /home/fauza/web/astracore/index.php:145 | WARNING
[LogWarning] mkdir(): File exists in /home/fauza/web/astracore/index.php:145 | WARNING
[LogWarning] mkdir(): File exists in /home/fauza/web/astracore/index.php:145 | WARNING
[LogWarning] mkdir(): File exists in /home/fauza/web/astracore/index.php:145 | WARNING
[LogWarning] mkdir(): File exists in /home/fauza/web/astracore/index.php:145 | WARNING
[LogWarning] mkdir(): File exists in /home/fauza/web/astracore/index.php:145 | WARNING
[LogWarning] mkdir(): File exists in /home/fauza/web/astracore/index.php:145 | WARNING
[LogWarning] mkdir(): File exists in /home/fauza/web/astracore/index.php:145 | WARNING
[LogWarning] mkdir(): File exists in /home/fauza/web/astracore/index.php:145 | WARNING
[LogWarning] mkdir(): File exists in /home/fauza/web/astracore/index.php:145 | WARNING
[LogWarning] mkdir(): File exists in /home/fauza/web/astracore/index.php:145 | WARNING
[LogWarning] mkdir(): File exists in /home/fauza/web/astracore/index.php:145 | WARNING
[LogWarning] mkdir(): File exists in /home/fauza/web/astracore/index.php:145 | WARNING
[LogWarning] mkdir(): File exists in /home/fauza/web/astracore/index.php:145 | WARNING
[LogWarning] mkdir(): File exists in /home/fauza/web/astracore/index.php:145 | WARNING
[LogWarning] mkdir(): File exists in /home/fauza/web/astracore/index.php:145 | WARNING
[LogWarning] 404 Not Found: /astracore/astracore/download | HTTP
[LogWarning] mkdir(): File exists in /home/fauza/web/astracore/index.php:145 | WARNING
[LogWarning] 404 Not Found: /astracore/astracore/download | HTTP
[LogWarning] mkdir(): File exists in /home/fauza/web/astracore/index.php:145 | WARNING
[LogWarning] mkdir(): File exists in /home/fauza/web/astracore/index.php:145 | WARNING
[LogWarning] mkdir(): File exists in /home/fauza/web/astracore/index.php:145 | WARNING
[LogWarning] mkdir(): File exists in /home/fauza/web/astracore/index.php:145 | WARNING
[LogWarning] mkdir(): File exists in /home/fauza/web/astracore/index.php:145 | WARNING
[LogWarning] mkdir(): File exists in /home/fauza/web/astracore/index.php:145 | WARNING
[LogWarning] mkdir(): File exists in /home/fauza/web/astracore/index.php:145 | WARNING
[LogWarning] mkdir(): File exists in /home/fauza/web/astracore/index.php:145 | WARNING
[LogWarning] mkdir(): File exists in /home/fauza/web/astracore/index.php:145 | WARNING
[LogWarning] mkdir(): File exists in /home/fauza/web/astracore/index.php:145 | WARNING
[LogWarning] mkdir(): File exists in /home/fauza/web/astracore/index.php:145 | WARNING
[LogWarning] mkdir(): File exists in /home/fauza/web/astracore/index.php:145 | WARNING
[LogWarning] mkdir(): File exists in /home/fauza/web/astracore/index.php:145 | WARNING
[LogWarning] mkdir(): File exists in /home/fauza/web/astracore/index.php:145 | WARNING
[LogWarning] mkdir(): File exists in /home/fauza/web/astracore/index.php:145 | WARNING
[LogWarning] mkdir(): File exists in /home/fauza/web/astracore/index.php:145 | WARNING
[LogWarning] mkdir(): File exists in /home/fauza/web/astracore/index.php:145 | WARNING
[LogWarning] mkdir(): File exists in /home/fauza/web/astracore/index.php:145 | WARNING
[LogWarning] mkdir(): File exists in /home/fauza/web/astracore/index.php:145 | WARNING
[LogWarning] mkdir(): File exists in /home/fauza/web/astracore/index.php:145 | WARNING
[LogWarning] mkdir(): File exists in /home/fauza/web/astracore/index.php:145 | WARNING
[LogWarning] mkdir(): File exists in /home/fauza/web/astracore/index.php:145 | WARNING
[LogWarning] mkdir(): File exists in /home/fauza/web/astracore/index.php:145 | WARNING
[LogWarning] mkdir(): File exists in /home/fauza/web/astracore/index.php:145 | WARNING
[LogWarning] mkdir(): File exists in /home/fauza/web/astracore/index.php:145 | WARNING
[LogWarning] mkdir(): File exists in /home/fauza/web/astracore/index.php:145 | WARNING
[LogWarning] mkdir(): File exists in /home/fauza/web/astracore/index.php:145 | WARNING
[LogWarning] mkdir(): File exists in /home/fauza/web/astracore/index.php:145 | WARNING
[LogWarning] mkdir(): File exists in /home/fauza/web/astracore/index.php:145 | WARNING
[LogWarning] mkdir(): File exists in /home/fauza/web/astracore/index.php:145 | WARNING
[LogWarning] mkdir(): File exists in /home/fauza/web/astracore/index.php:145 | WARNING
[LogWarning] mkdir(): File exists in /home/fauza/web/astracore/index.php:145 | WARNING
[LogWarning] mkdir(): File exists in /home/fauza/web/astracore/index.php:145 | WARNING
[LogWarning] mkdir(): File exists in /home/fauza/web/astracore/index.php:145 | WARNING
[LogWarning] mkdir(): File exists in /home/fauza/web/astracore/index.php:145 | WARNING
[LogWarning] mkdir(): File exists in /home/fauza/web/astracore/index.php:145 | WARNING
[LogWarning] mkdir(): File exists in /home/fauza/web/astracore/index.php:145 | WARNING
[LogWarning] mkdir(): File exists in /home/fauza/web/astracore/index.php:145 | WARNING
[LogWarning] mkdir(): File exists in /home/fauza/web/astracore/index.php:145 | WARNING
[LogWarning] mkdir(): File exists in /home/fauza/web/astracore/index.php:145 | WARNING
[LogWarning] mkdir(): File exists in /home/fauza/web/astracore/index.php:145 | WARNING
[LogWarning] mkdir(): File exists in /home/fauza/web/astracore/index.php:145 | WARNING
[LogWarning] mkdir(): File exists in /home/fauza/web/astracore/index.php:145 | WARNING
[LogWarning] mkdir(): File exists in /home/fauza/web/astracore/index.php:145 | WARNING
[LogWarning] mkdir(): File exists in /home/fauza/web/astracore/index.php:145 | WARNING
[LogWarning] mkdir(): File exists in /home/fauza/web/astracore/index.php:145 | WARNING
[LogWarning] mkdir(): File exists in /home/fauza/web/astracore/index.php:145 | WARNING
[LogWarning] mkdir(): File exists in /home/fauza/web/astracore/index.php:145 | WARNING
[LogWarning] mkdir(): File exists in /home/fauza/web/astracore/index.php:145 | WARNING
[LogWarning] mkdir(): File exists in /home/fauza/web/astracore/index.php:145 | WARNING
[LogWarning] mkdir(): File exists in /home/fauza/web/astracore/index.php:145 | WARNING
[LogWarning] mkdir(): File exists in /home/fauza/web/astracore/index.php:145 | WARNING
[LogWarning] mkdir(): File exists in /home/fauza/web/astracore/index.php:145 | WARNING
[LogWarning] mkdir(): File exists in /home/fauza/web/astracore/index.php:145 | WARNING
[LogWarning] mkdir(): File exists in /home/fauza/web/astracore/index.php:145 | WARNING
[LogWarning] mkdir(): File exists in /home/fauza/web/astracore/index.php:145 | WARNING
[LogWarning] mkdir(): File exists in /home/fauza/web/astracore/index.php:145 | WARNING
[LogWarning] mkdir(): File exists in /home/fauza/web/astracore/index.php:145 | WARNING
[LogWarning] mkdir(): File exists in /home/fauza/web/astracore/index.php:145 | WARNING
[LogWarning] mkdir(): File exists in /home/fauza/web/astracore/index.php:145 | WARNING
[LogWarning] mkdir(): File exists in /home/fauza/web/astracore/index.php:145 | WARNING
[LogWarning] mkdir(): File exists in /home/fauza/web/astracore/index.php:145 | WARNING
[LogWarning] mkdir(): File exists in /home/fauza/web/astracore/index.php:145 | WARNING
[LogWarning] mkdir(): File exists in /home/fauza/web/astracore/index.php:145 | WARNING
[LogWarning] mkdir(): File exists in /home/fauza/web/astracore/index.php:145 | WARNING
[LogWarning] mkdir(): File exists in /home/fauza/web/astracore/index.php:145 | WARNING
[LogWarning] mkdir(): File exists in /home/fauza/web/astracore/index.php:145 | WARNING
[LogWarning] mkdir(): File exists in /home/fauza/web/astracore/index.php:145 | WARNING
[LogWarning] mkdir(): File exists in /home/fauza/web/astracore/index.php:145 | WARNING
[LogWarning] mkdir(): File exists in /home/fauza/web/astracore/index.php:145 | WARNING
[LogWarning] mkdir(): File exists in /home/fauza/web/astracore/index.php:145 | WARNING
[LogWarning] mkdir(): File exists in /home/fauza/web/astracore/index.php:145 | WARNING
[LogWarning] mkdir(): File exists in /home/fauza/web/astracore/index.php:145 | WARNING
[LogWarning] mkdir(): File exists in /home/fauza/web/astracore/index.php:145 | WARNING
[LogWarning] mkdir(): File exists in /home/fauza/web/astracore/index.php:145 | WARNING
[LogWarning] mkdir(): File exists in /home/fauza/web/astracore/index.php:145 | WARNING
[LogWarning] mkdir(): File exists in /home/fauza/web/astracore/index.php:145 | WARNING
[LogWarning] mkdir(): File exists in /home/fauza/web/astracore/index.php:145 | WARNING
[LogWarning] mkdir(): File exists in /home/fauza/web/astracore/index.php:145 | WARNING
[LogWarning] mkdir(): File exists in /home/fauza/web/astracore/index.php:145 | WARNING
[LogWarning] mkdir(): File exists in /home/fauza/web/astracore/index.php:145 | WARNING
[LogWarning] mkdir(): File exists in /home/fauza/web/astracore/index.php:145 | WARNING
[LogWarning] mkdir(): File exists in /home/fauza/web/astracore/index.php:145 | WARNING
[LogWarning] mkdir(): File exists in /home/fauza/web/astracore/index.php:145 | WARNING
[LogWarning] mkdir(): File exists in /home/fauza/web/astracore/index.php:145 | WARNING
[LogWarning] mkdir(): File exists in /home/fauza/web/astracore/index.php:145 | WARNING
[LogWarning] mkdir(): File exists in /home/fauza/web/astracore/index.php:145 | WARNING
[LogWarning] mkdir(): File exists in /home/fauza/web/astracore/index.php:145 | WARNING
[LogWarning] mkdir(): File exists in /home/fauza/web/astracore/index.php:145 | WARNING
[LogWarning] mkdir(): File exists in /home/fauza/web/astracore/index.php:145 | WARNING
[LogWarning] mkdir(): File exists in /home/fauza/web/astracore/index.php:145 | WARNING
[LogWarning] mkdir(): File exists in /home/fauza/web/astracore/index.php:145 | WARNING
[LogWarning] mkdir(): File exists in /home/fauza/web/astracore/index.php:145 | WARNING
[LogWarning] mkdir(): File exists in /home/fauza/web/astracore/index.php:145 | WARNING
[LogWarning] mkdir(): File exists in /home/fauza/web/astracore/index.php:145 | WARNING
[LogWarning] mkdir(): File exists in /home/fauza/web/astracore/index.php:145 | WARNING
[LogWarning] mkdir(): File exists in /home/fauza/web/astracore/index.php:145 | WARNING
[LogWarning] mkdir(): File exists in /home/fauza/web/astracore/index.php:145 | WARNING
[LogWarning] mkdir(): File exists in /home/fauza/web/astracore/index.php:145 | WARNING
[LogWarning] mkdir(): File exists in /home/fauza/web/astracore/index.php:145 | WARNING
[LogWarning] mkdir(): File exists in /home/fauza/web/astracore/index.php:145 | WARNING
[LogWarning] mkdir(): File exists in /home/fauza/web/astracore/index.php:145 | WARNING
[LogWarning] mkdir(): File exists in /home/fauza/web/astracore/index.php:145 | WARNING
[LogWarning] mkdir(): File exists in /home/fauza/web/astracore/index.php:145 | WARNING
[LogWarning] mkdir(): File exists in /home/fauza/web/astracore/index.php:145 | WARNING
[LogWarning] mkdir(): File exists in /home/fauza/web/astracore/index.php:145 | WARNING
[LogWarning] mkdir(): File exists in /home/fauza/web/astracore/index.php:145 | WARNING
[LogWarning] mkdir(): File exists in /home/fauza/web/astracore/index.php:145 | WARNING
[LogWarning] mkdir(): File exists in /home/fauza/web/astracore/index.php:145 | WARNING
[LogWarning] mkdir(): File exists in /home/fauza/web/astracore/index.php:145 | WARNING
[LogWarning] mkdir(): File exists in /home/fauza/web/astracore/index.php:145 | WARNING
[LogWarning] mkdir(): File exists in /home/fauza/web/astracore/index.php:145 | WARNING
[LogWarning] mkdir(): File exists in /home/fauza/web/astracore/index.php:145 | WARNING
[LogWarning] mkdir(): File exists in /home/fauza/web/astracore/index.php:145 | WARNING
[LogWarning] mkdir(): File exists in /home/fauza/web/astracore/index.php:145 | WARNING
[LogWarning] mkdir(): File exists in /home/fauza/web/astracore/index.php:145 | WARNING
[LogWarning] mkdir(): File exists in /home/fauza/web/astracore/index.php:145 | WARNING
[LogWarning] mkdir(): File exists in /home/fauza/web/astracore/index.php:145 | WARNING
[LogWarning] mkdir(): File exists in /home/fauza/web/astracore/index.php:145 | WARNING
[LogWarning] mkdir(): File exists in /home/fauza/web/astracore/index.php:145 | WARNING
[LogWarning] mkdir(): File exists in /home/fauza/web/astracore/index.php:145 | WARNING
[LogWarning] 404 Not Found: /astracore/doc$ | HTTP
[LogWarning] mkdir(): File exists in /home/fauza/web/astracore/index.php:145 | WARNING
[LogWarning] mkdir(): File exists in /home/fauza/web/astracore/index.php:145 | WARNING
[LogWarning] mkdir(): File exists in /home/fauza/web/astracore/index.php:145 | WARNING
[LogWarning] mkdir(): File exists in /home/fauza/web/astracore/index.php:145 | WARNING
[LogWarning] mkdir(): File exists in /home/fauza/web/astracore/index.php:145 | WARNING
[LogWarning] mkdir(): File exists in /home/fauza/web/astracore/index.php:145 | WARNING
[LogWarning] mkdir(): File exists in /home/fauza/web/astracore/index.php:145 | WARNING
[LogWarning] mkdir(): File exists in /home/fauza/web/astracore/index.php:145 | WARNING
[LogWarning] mkdir(): File exists in /home/fauza/web/astracore/index.php:145 | WARNING
[LogWarning] mkdir(): File exists in /home/fauza/web/astracore/index.php:145 | WARNING
[LogWarning] mkdir(): File exists in /home/fauza/web/astracore/index.php:145 | WARNING
[LogWarning] mkdir(): File exists in /home/fauza/web/astracore/index.php:145 | WARNING
[LogWarning] mkdir(): File exists in /home/fauza/web/astracore/index.php:145 | WARNING
[LogWarning] mkdir(): File exists in /home/fauza/web/astracore/index.php:145 | WARNING
[LogWarning] mkdir(): File exists in /home/fauza/web/astracore/index.php:145 | WARNING
[LogWarning] mkdir(): File exists in /home/fauza/web/astracore/index.php:145 | WARNING
[LogWarning] mkdir(): File exists in /home/fauza/web/astracore/index.php:145 | WARNING
[LogWarning] mkdir(): File exists in /home/fauza/web/astracore/index.php:145 | WARNING
[LogWarning] mkdir(): File exists in /home/fauza/web/astracore/index.php:145 | WARNING
[LogWarning] mkdir(): File exists in /home/fauza/web/astracore/index.php:145 | WARNING
[LogWarning] mkdir(): File exists in /home/fauza/web/astracore/index.php:145 | WARNING
[LogWarning] mkdir(): File exists in /home/fauza/web/astracore/index.php:145 | WARNING
[LogWarning] mkdir(): File exists in /home/fauza/web/astracore/index.php:145 | WARNING
[LogWarning] Undefined variable $user in /home/fauza/web/astracore/pages/dashboard/devices.php:44 | WARNING
[LogWarning] 404 Not Found: /astracore/dashboard/dashboard/?tab=modules-list | HTTP
[LogWarning] mkdir(): File exists in /home/fauza/web/astracore/index.php:145 | WARNING
[LogWarning] Undefined variable $user in /home/fauza/web/astracore/pages/dashboard/devices.php:44 | WARNING
[LogWarning] 404 Not Found: /astracore/dashboard/dashboard/?tab=devices-add | HTTP
[LogWarning] mkdir(): File exists in /home/fauza/web/astracore/index.php:145 | WARNING
[LogWarning] Undefined variable $user in /home/fauza/web/astracore/pages/dashboard/devices.php:44 | WARNING
[LogWarning] mkdir(): File exists in /home/fauza/web/astracore/index.php:145 | WARNING
[LogWarning] mkdir(): File exists in /home/fauza/web/astracore/index.php:145 | WARNING
[LogWarning] mkdir(): File exists in /home/fauza/web/astracore/index.php:145 | WARNING
[LogWarning] mkdir(): File exists in /home/fauza/web/astracore/index.php:145 | WARNING
[LogWarning] mkdir(): File exists in /home/fauza/web/astracore/index.php:145 | WARNING
[LogWarning] mkdir(): File exists in /home/fauza/web/astracore/index.php:145 | WARNING
[LogWarning] mkdir(): File exists in /home/fauza/web/astracore/index.php:145 | WARNING
[LogWarning] mkdir(): File exists in /home/fauza/web/astracore/index.php:145 | WARNING
[LogWarning] mkdir(): File exists in /home/fauza/web/astracore/index.php:145 | WARNING
[LogWarning] mkdir(): File exists in /home/fauza/web/astracore/index.php:145 | WARNING
[LogWarning] mkdir(): File exists in /home/fauza/web/astracore/index.php:145 | WARNING
[LogWarning] mkdir(): File exists in /home/fauza/web/astracore/index.php:145 | WARNING
[LogWarning] mkdir(): File exists in /home/fauza/web/astracore/index.php:145 | WARNING
[LogWarning] mkdir(): File exists in /home/fauza/web/astracore/index.php:145 | WARNING
[LogWarning] mkdir(): File exists in /home/fauza/web/astracore/index.php:145 | WARNING
[LogWarning] mkdir(): File exists in /home/fauza/web/astracore/index.php:145 | WARNING
[LogWarning] mkdir(): File exists in /home/fauza/web/astracore/index.php:145 | WARNING
[LogWarning] mkdir(): File exists in /home/fauza/web/astracore/index.php:145 | WARNING
[LogWarning] mkdir(): File exists in /home/fauza/web/astracore/index.php:145 | WARNING
[LogWarning] mkdir(): File exists in /home/fauza/web/astracore/index.php:145 | WARNING
[LogWarning] mkdir(): File exists in /home/fauza/web/astracore/index.php:145 | WARNING
[LogWarning] mkdir(): File exists in /home/fauza/web/astracore/index.php:145 | WARNING
[LogWarning] mkdir(): File exists in /home/fauza/web/astracore/index.php:145 | WARNING
[LogWarning] mkdir(): File exists in /home/fauza/web/astracore/index.php:145 | WARNING
[LogWarning] mkdir(): File exists in /home/fauza/web/astracore/index.php:145 | WARNING
[LogWarning] mkdir(): File exists in /home/fauza/web/astracore/index.php:145 | WARNING
[LogWarning] mkdir(): File exists in /home/fauza/web/astracore/index.php:145 | WARNING
[LogWarning] mkdir(): File exists in /home/fauza/web/astracore/index.php:145 | WARNING
[LogWarning] mkdir(): File exists in /home/fauza/web/astracore/index.php:145 | WARNING
[LogWarning] mkdir(): File exists in /home/fauza/web/astracore/index.php:145 | WARNING
[LogWarning] mkdir(): File exists in /home/fauza/web/astracore/index.php:145 | WARNING
[LogWarning] mkdir(): File exists in /home/fauza/web/astracore/index.php:145 | WARNING
[LogWarning] mkdir(): File exists in /home/fauza/web/astracore/index.php:145 | WARNING
[LogWarning] mkdir(): File exists in /home/fauza/web/astracore/index.php:145 | WARNING
[LogWarning] mkdir(): File exists in /home/fauza/web/astracore/index.php:145 | WARNING
[LogWarning] mkdir(): File exists in /home/fauza/web/astracore/index.php:145 | WARNING
[LogWarning] mkdir(): File exists in /home/fauza/web/astracore/index.php:145 | WARNING
[LogWarning] mkdir(): File exists in /home/fauza/web/astracore/index.php:145 | WARNING
[LogWarning] mkdir(): File exists in /home/fauza/web/astracore/index.php:145 | WARNING
[LogWarning] mkdir(): File exists in /home/fauza/web/astracore/index.php:145 | WARNING
[LogWarning] mkdir(): File exists in /home/fauza/web/astracore/index.php:145 | WARNING
[LogWarning] mkdir(): File exists in /home/fauza/web/astracore/index.php:145 | WARNING
[LogWarning] mkdir(): File exists in /home/fauza/web/astracore/index.php:145 | WARNING
[LogWarning] mkdir(): File exists in /home/fauza/web/astracore/index.php:145 | WARNING
[LogWarning] mkdir(): File exists in /home/fauza/web/astracore/index.php:145 | WARNING
[LogWarning] mkdir(): File exists in /home/fauza/web/astracore/index.php:145 | WARNING
[LogWarning] mkdir(): File exists in /home/fauza/web/astracore/index.php:145 | WARNING
[LogWarning] mkdir(): File exists in /home/fauza/web/astracore/index.php:145 | WARNING
[LogWarning] mkdir(): File exists in /home/fauza/web/astracore/index.php:145 | WARNING
[LogWarning] mkdir(): File exists in /home/fauza/web/astracore/index.php:145 | WARNING
[LogWarning] mkdir(): File exists in /home/fauza/web/astracore/index.php:145 | WARNING
[LogWarning] mkdir(): File exists in /home/fauza/web/astracore/index.php:145 | WARNING
[LogWarning] mkdir(): File exists in /home/fauza/web/astracore/index.php:145 | WARNING
[LogWarning] mkdir(): File exists in /home/fauza/web/astracore/index.php:145 | WARNING
[LogWarning] mkdir(): File exists in /home/fauza/web/astracore/index.php:145 | WARNING
[LogWarning] mkdir(): File exists in /home/fauza/web/astracore/index.php:145 | WARNING
[LogWarning] mkdir(): File exists in /home/fauza/web/astracore/index.php:145 | WARNING
[LogWarning] mkdir(): File exists in /home/fauza/web/astracore/index.php:145 | WARNING
[LogWarning] mkdir(): File exists in /home/fauza/web/astracore/index.php:145 | WARNING
[LogWarning] mkdir(): File exists in /home/fauza/web/astracore/index.php:145 | WARNING
[LogWarning] mkdir(): File exists in /home/fauza/web/astracore/index.php:145 | WARNING
[LogWarning] mkdir(): File exists in /home/fauza/web/astracore/index.php:145 | WARNING
[LogWarning] mkdir(): File exists in /home/fauza/web/astracore/index.php:145 | WARNING
[LogWarning] mkdir(): File exists in /home/fauza/web/astracore/index.php:145 | WARNING
[LogWarning] mkdir(): File exists in /home/fauza/web/astracore/index.php:145 | WARNING
[LogWarning] mkdir(): File exists in /home/fauza/web/astracore/index.php:145 | WARNING
[LogWarning] mkdir(): File exists in /home/fauza/web/astracore/index.php:145 | WARNING
[LogWarning] mkdir(): File exists in /home/fauza/web/astracore/index.php:145 | WARNING
[LogWarning] mkdir(): File exists in /home/fauza/web/astracore/index.php:145 | WARNING
[LogWarning] mkdir(): File exists in /home/fauza/web/astracore/index.php:145 | WARNING
[LogWarning] mkdir(): File exists in /home/fauza/web/astracore/index.php:145 | WARNING
[LogWarning] mkdir(): File exists in /home/fauza/web/astracore/index.php:145 | WARNING
[LogWarning] mkdir(): File exists in /home/fauza/web/astracore/index.php:145 | WARNING
[LogWarning] mkdir(): File exists in /home/fauza/web/astracore/index.php:145 | WARNING
[LogWarning] mkdir(): File exists in /home/fauza/web/astracore/index.php:145 | WARNING
[LogWarning] mkdir(): File exists in /home/fauza/web/astracore/index.php:145 | WARNING
[LogWarning] mkdir(): File exists in /home/fauza/web/astracore/index.php:145 | WARNING
[LogWarning] mkdir(): File exists in /home/fauza/web/astracore/index.php:145 | WARNING
[LogWarning] mkdir(): File exists in /home/fauza/web/astracore/index.php:145 | WARNING
[LogWarning] mkdir(): File exists in /home/fauza/web/astracore/index.php:145 | WARNING
[LogWarning] Trying to access array offset on false in /home/fauza/web/astracore/class/UserService.php:139 | WARNING
[LogWarning] Failed login attempt for user: admin | AUTH
[LogWarning] mkdir(): File exists in /home/fauza/web/astracore/index.php:145 | WARNING
[LogWarning] Trying to access array offset on false in /home/fauza/web/astracore/class/UserService.php:139 | WARNING
[LogWarning] Failed login attempt for user: admin | AUTH
[LogWarning] mkdir(): File exists in /home/fauza/web/astracore/index.php:145 | WARNING
[LogWarning] Trying to access array offset on false in /home/fauza/web/astracore/class/UserService.php:139 | WARNING
[LogWarning] Failed login attempt for user: admin | AUTH
[LogWarning] mkdir(): File exists in /home/fauza/web/astracore/index.php:145 | WARNING
[LogWarning] Trying to access array offset on false in /home/fauza/web/astracore/class/UserService.php:139 | WARNING
[LogWarning] Failed login attempt for user: admin | AUTH
[LogWarning] mkdir(): File exists in /home/fauza/web/astracore/index.php:145 | WARNING
[LogWarning] mkdir(): File exists in /home/fauza/web/astracore/index.php:145 | WARNING
[LogWarning] Undefined variable $id in /home/fauza/web/astracore/pages/signup.php:47 | WARNING
[LogWarning] mkdir(): File exists in /home/fauza/web/astracore/index.php:145 | WARNING
[LogWarning] mkdir(): File exists in /home/fauza/web/astracore/index.php:145 | WARNING
[LogWarning] mkdir(): File exists in /home/fauza/web/astracore/index.php:145 | WARNING
[LogWarning] Undefined variable $id in /home/fauza/web/astracore/pages/signup.php:47 | WARNING
[LogWarning] mkdir(): File exists in /home/fauza/web/astracore/index.php:145 | WARNING
[LogWarning] mkdir(): File exists in /home/fauza/web/astracore/index.php:145 | WARNING
[LogWarning] mkdir(): File exists in /home/fauza/web/astracore/index.php:145 | WARNING
[LogWarning] mkdir(): File exists in /home/fauza/web/astracore/index.php:145 | WARNING
[LogWarning] mkdir(): File exists in /home/fauza/web/astracore/index.php:145 | WARNING
[LogWarning] mkdir(): File exists in /home/fauza/web/astracore/index.php:145 | WARNING
[LogWarning] mkdir(): File exists in /home/fauza/web/astracore/index.php:145 | WARNING
[LogWarning] mkdir(): File exists in /home/fauza/web/astracore/index.php:145 | WARNING
[LogWarning] mkdir(): File exists in /home/fauza/web/astracore/index.php:145 | WARNING
[LogWarning] mkdir(): File exists in /home/fauza/web/astracore/index.php:145 | WARNING
[LogWarning] mkdir(): File exists in /home/fauza/web/astracore/index.php:145 | WARNING
[LogWarning] mkdir(): File exists in /home/fauza/web/astracore/index.php:145 | WARNING
[LogWarning] mkdir(): File exists in /home/fauza/web/astracore/index.php:145 | WARNING
[LogWarning] mkdir(): File exists in /home/fauza/web/astracore/index.php:145 | WARNING
[LogWarning] mkdir(): File exists in /home/fauza/web/astracore/index.php:145 | WARNING
[LogWarning] mkdir(): File exists in /home/fauza/web/astracore/index.php:145 | WARNING
[LogWarning] mkdir(): File exists in /home/fauza/web/astracore/index.php:145 | WARNING
[LogWarning] mkdir(): File exists in /home/fauza/web/astracore/index.php:145 | WARNING
[LogWarning] mkdir(): File exists in /home/fauza/web/astracore/index.php:145 | WARNING
[LogWarning] mkdir(): File exists in /home/fauza/web/astracore/index.php:145 | WARNING
[LogWarning] mkdir(): File exists in /home/fauza/web/astracore/index.php:145 | WARNING
[LogWarning] mkdir(): File exists in /home/fauza/web/astracore/index.php:145 | WARNING
[LogWarning] mkdir(): File exists in /home/fauza/web/astracore/index.php:145 | WARNING
[LogWarning] mkdir(): File exists in /home/fauza/web/astracore/index.php:145 | WARNING
[LogWarning] mkdir(): File exists in /home/fauza/web/astracore/index.php:145 | WARNING
[LogWarning] mkdir(): File exists in /home/fauza/web/astracore/index.php:145 | WARNING
[LogWarning] mkdir(): File exists in /home/fauza/web/astracore/index.php:145 | WARNING
[LogWarning] mkdir(): File exists in /home/fauza/web/astracore/index.php:145 | WARNING
[LogWarning] mkdir(): File exists in /home/fauza/web/astracore/index.php:145 | WARNING
[LogWarning] mkdir(): File exists in /home/fauza/web/astracore/index.php:145 | WARNING
[LogWarning] mkdir(): File exists in /home/fauza/web/astracore/index.php:145 | WARNING
[LogWarning] mkdir(): File exists in /home/fauza/web/astracore/index.php:145 | WARNING
[LogWarning] mkdir(): File exists in /home/fauza/web/astracore/index.php:145 | WARNING
[LogWarning] mkdir(): File exists in /home/fauza/web/astracore/index.php:145 | WARNING
[LogWarning] mkdir(): File exists in /home/fauza/web/astracore/index.php:145 | WARNING
[LogWarning] mkdir(): File exists in /home/fauza/web/astracore/index.php:145 | WARNING
[LogWarning] mkdir(): File exists in /home/fauza/web/astracore/index.php:145 | WARNING
[LogWarning] mkdir(): File exists in /home/fauza/web/astracore/index.php:145 | WARNING
[LogWarning] mkdir(): File exists in /home/fauza/web/astracore/index.php:145 | WARNING
[LogWarning] mkdir(): File exists in /home/fauza/web/astracore/index.php:145 | WARNING
[LogWarning] mkdir(): File exists in /home/fauza/web/astracore/index.php:145 | WARNING
[LogWarning] mkdir(): File exists in /home/fauza/web/astracore/index.php:145 | WARNING
[LogWarning] mkdir(): File exists in /home/fauza/web/astracore/index.php:145 | WARNING
[LogWarning] mkdir(): File exists in /home/fauza/web/astracore/index.php:145 | WARNING
[LogWarning] mkdir(): File exists in /home/fauza/web/astracore/index.php:145 | WARNING
[LogWarning] mkdir(): File exists in /home/fauza/web/astracore/index.php:145 | WARNING
[LogWarning] mkdir(): File exists in /home/fauza/web/astracore/index.php:145 | WARNING
[LogWarning] mkdir(): File exists in /home/fauza/web/astracore/index.php:145 | WARNING
[LogWarning] mkdir(): File exists in /home/fauza/web/astracore/index.php:145 | WARNING
[LogWarning] mkdir(): File exists in /home/fauza/web/astracore/index.php:145 | WARNING
[LogWarning] mkdir(): File exists in /home/fauza/web/astracore/index.php:145 | WARNING
[LogWarning] mkdir(): File exists in /home/fauza/web/astracore/index.php:145 | WARNING
[LogWarning] mkdir(): File exists in /home/fauza/web/astracore/index.php:145 | WARNING
[LogWarning] mkdir(): File exists in /home/fauza/web/astracore/index.php:145 | WARNING
[LogWarning] mkdir(): File exists in /home/fauza/web/astracore/index.php:145 | WARNING
[LogWarning] mkdir(): File exists in /home/fauza/web/astracore/index.php:145 | WARNING
[LogWarning] mkdir(): File exists in /home/fauza/web/astracore/index.php:145 | WARNING
[LogWarning] mkdir(): File exists in /home/fauza/web/astracore/index.php:145 | WARNING
[LogWarning] mkdir(): File exists in /home/fauza/web/astracore/index.php:145 | WARNING
[LogWarning] mkdir(): File exists in /home/fauza/web/astracore/index.php:145 | WARNING
[LogWarning] mkdir(): File exists in /home/fauza/web/astracore/index.php:145 | WARNING
[LogWarning] mkdir(): File exists in /home/fauza/web/astracore/index.php:145 | WARNING
[LogWarning] mkdir(): File exists in /home/fauza/web/astracore/index.php:145 | WARNING
[LogWarning] mkdir(): File exists in /home/fauza/web/astracore/index.php:145 | WARNING
[LogWarning] mkdir(): File exists in /home/fauza/web/astracore/index.php:145 | WARNING
[LogWarning] mkdir(): File exists in /home/fauza/web/astracore/index.php:145 | WARNING
[LogWarning] mkdir(): File exists in /home/fauza/web/astracore/index.php:145 | WARNING
[LogWarning] mkdir(): File exists in /home/fauza/web/astracore/index.php:145 | WARNING
[LogWarning] mkdir(): File exists in /home/fauza/web/astracore/index.php:145 | WARNING
[LogWarning] mkdir(): File exists in /home/fauza/web/astracore/index.php:145 | WARNING
[LogWarning] mkdir(): File exists in /home/fauza/web/astracore/index.php:145 | WARNING
[LogWarning] mkdir(): File exists in /home/fauza/web/astracore/index.php:145 | WARNING
[LogWarning] mkdir(): File exists in /home/fauza/web/astracore/index.php:145 | WARNING
[LogWarning] mkdir(): File exists in /home/fauza/web/astracore/index.php:145 | WARNING
[LogWarning] mkdir(): File exists in /home/fauza/web/astracore/index.php:145 | WARNING
[LogWarning] mkdir(): File exists in /home/fauza/web/astracore/index.php:145 | WARNING
[LogWarning] mkdir(): File exists in /home/fauza/web/astracore/index.php:145 | WARNING
[LogWarning] mkdir(): File exists in /home/fauza/web/astracore/index.php:145 | WARNING
[LogWarning] mkdir(): File exists in /home/fauza/web/astracore/index.php:145 | WARNING
[LogWarning] mkdir(): File exists in /home/fauza/web/astracore/index.php:145 | WARNING
[LogWarning] mkdir(): File exists in /home/fauza/web/astracore/index.php:145 | WARNING
[LogWarning] mkdir(): File exists in /home/fauza/web/astracore/index.php:145 | WARNING
[LogWarning] mkdir(): File exists in /home/fauza/web/astracore/index.php:145 | WARNING
[LogWarning] mkdir(): File exists in /home/fauza/web/astracore/index.php:145 | WARNING
[LogWarning] mkdir(): File exists in /home/fauza/web/astracore/index.php:145 | WARNING
[LogWarning] mkdir(): File exists in /home/fauza/web/astracore/index.php:145 | WARNING
[LogWarning] mkdir(): File exists in /home/fauza/web/astracore/index.php:145 | WARNING
[LogWarning] mkdir(): File exists in /home/fauza/web/astracore/index.php:145 | WARNING
[LogWarning] mkdir(): File exists in /home/fauza/web/astracore/index.php:145 | WARNING
[LogWarning] mkdir(): File exists in /home/fauza/web/astracore/index.php:145 | WARNING
[LogWarning] mkdir(): File exists in /home/fauza/web/astracore/index.php:145 | WARNING
[LogWarning] mkdir(): File exists in /home/fauza/web/astracore/index.php:145 | WARNING
[LogWarning] mkdir(): File exists in /home/fauza/web/astracore/index.php:145 | WARNING
[LogWarning] mkdir(): File exists in /home/fauza/web/astracore/index.php:145 | WARNING
[LogWarning] mkdir(): File exists in /home/fauza/web/astracore/index.php:145 | WARNING
[LogWarning] mkdir(): File exists in /home/fauza/web/astracore/index.php:145 | WARNING
[LogWarning] mkdir(): File exists in /home/fauza/web/astracore/index.php:145 | WARNING
[LogWarning] mkdir(): File exists in /home/fauza/web/astracore/index.php:145 | WARNING
[LogWarning] mkdir(): File exists in /home/fauza/web/astracore/index.php:145 | WARNING
[LogWarning] mkdir(): File exists in /home/fauza/web/astracore/index.php:145 | WARNING
[LogWarning] mkdir(): File exists in /home/fauza/web/astracore/index.php:145 | WARNING
[LogWarning] mkdir(): File exists in /home/fauza/web/astracore/index.php:145 | WARNING
[LogWarning] Undefined variable $user in /home/fauza/web/astracore/pages/dashboard/devices.php:44 | WARNING
[LogWarning] mkdir(): File exists in /home/fauza/web/astracore/index.php:145 | WARNING
[LogWarning] session_start(): Session cannot be started after headers have already been sent in /home/fauza/web/astracore/class/SessionHandler.php:11 | WARNING
[LogWarning] 404 Not Found: /astracore/dashboardca | HTTP
[LogWarning] mkdir(): File exists in /home/fauza/web/astracore/index.php:145 | WARNING
[LogWarning] mkdir(): File exists in /home/fauza/web/astracore/index.php:145 | WARNING
[LogWarning] Undefined variable $user in /home/fauza/web/astracore/pages/dashboard/devices.php:44 | WARNING
[LogWarning] mkdir(): File exists in /home/fauza/web/astracore/index.php:145 | WARNING
[LogWarning] mkdir(): File exists in /home/fauza/web/astracore/index.php:145 | WARNING
[LogWarning] mkdir(): File exists in /home/fauza/web/astracore/index.php:145 | WARNING
[LogWarning] mkdir(): File exists in /home/fauza/web/astracore/index.php:145 | WARNING
[LogWarning] Undefined variable $user in /home/fauza/web/astracore/pages/dashboard/devices.php:44 | WARNING
[LogWarning] mkdir(): File exists in /home/fauza/web/astracore/index.php:145 | WARNING
[LogWarning] mkdir(): File exists in /home/fauza/web/astracore/index.php:145 | WARNING
[LogWarning] mkdir(): File exists in /home/fauza/web/astracore/index.php:145 | WARNING
[LogWarning] mkdir(): File exists in /home/fauza/web/astracore/index.php:145 | WARNING
[LogWarning] mkdir(): File exists in /home/fauza/web/astracore/index.php:145 | WARNING
[LogWarning] mkdir(): File exists in /home/fauza/web/astracore/index.php:145 | WARNING
[LogWarning] mkdir(): File exists in /home/fauza/web/astracore/index.php:145 | WARNING
[LogWarning] mkdir(): File exists in /home/fauza/web/astracore/index.php:145 | WARNING
[LogWarning] mkdir(): File exists in /home/fauza/web/astracore/index.php:145 | WARNING
[LogWarning] mkdir(): File exists in /home/fauza/web/astracore/index.php:145 | WARNING
[LogWarning] mkdir(): File exists in /home/fauza/web/astracore/index.php:145 | WARNING
[LogWarning] mkdir(): File exists in /home/fauza/web/astracore/index.php:145 | WARNING
[LogWarning] mkdir(): File exists in /home/fauza/web/astracore/index.php:145 | WARNING
[LogWarning] mkdir(): File exists in /home/fauza/web/astracore/index.php:145 | WARNING
[LogWarning] mkdir(): File exists in /home/fauza/web/astracore/index.php:145 | WARNING
[LogWarning] mkdir(): File exists in /home/fauza/web/astracore/index.php:145 | WARNING
[LogWarning] mkdir(): File exists in /home/fauza/web/astracore/index.php:145 | WARNING
[LogWarning] mkdir(): File exists in /home/fauza/web/astracore/index.php:145 | WARNING
[LogWarning] mkdir(): File exists in /home/fauza/web/astracore/index.php:145 | WARNING
[LogWarning] mkdir(): File exists in /home/fauza/web/astracore/index.php:145 | WARNING
[LogWarning] mkdir(): File exists in /home/fauza/web/astracore/index.php:145 | WARNING
[LogWarning] mkdir(): File exists in /home/fauza/web/astracore/index.php:145 | WARNING
[LogWarning] mkdir(): File exists in /home/fauza/web/astracore/index.php:145 | WARNING
[LogWarning] mkdir(): File exists in /home/fauza/web/astracore/index.php:145 | WARNING
[LogWarning] mkdir(): File exists in /home/fauza/web/astracore/index.php:145 | WARNING
[LogWarning] mkdir(): File exists in /home/fauza/web/astracore/index.php:145 | WARNING
[LogWarning] mkdir(): File exists in /home/fauza/web/astracore/index.php:145 | WARNING
[LogWarning] mkdir(): File exists in /home/fauza/web/astracore/index.php:145 | WARNING
[LogWarning] mkdir(): File exists in /home/fauza/web/astracore/index.php:145 | WARNING
[LogWarning] mkdir(): File exists in /home/fauza/web/astracore/index.php:145 | WARNING
[LogWarning] mkdir(): File exists in /home/fauza/web/astracore/index.php:145 | WARNING
[LogWarning] mkdir(): File exists in /home/fauza/web/astracore/index.php:145 | WARNING
[LogWarning] mkdir(): File exists in /home/fauza/web/astracore/index.php:145 | WARNING
[LogWarning] mkdir(): File exists in /home/fauza/web/astracore/index.php:145 | WARNING
[LogWarning] mkdir(): File exists in /home/fauza/web/astracore/index.php:145 | WARNING
[LogWarning] mkdir(): File exists in /home/fauza/web/astracore/index.php:145 | WARNING
[LogWarning] mkdir(): File exists in /home/fauza/web/astracore/index.php:145 | WARNING
[LogWarning] mkdir(): File exists in /home/fauza/web/astracore/index.php:145 | WARNING
[LogWarning] mkdir(): File exists in /home/fauza/web/astracore/index.php:145 | WARNING
[LogWarning] mkdir(): File exists in /home/fauza/web/astracore/index.php:145 | WARNING
[LogWarning] mkdir(): File exists in /home/fauza/web/astracore/index.php:130 | WARNING
[LogWarning] mkdir(): File exists in /home/fauza/web/astracore/index.php:130 | WARNING
[LogWarning] mkdir(): File exists in /home/fauza/web/astracore/index.php:130 | WARNING
[LogWarning] mkdir(): File exists in /home/fauza/web/astracore/index.php:130 | WARNING
[LogWarning] mkdir(): File exists in /home/fauza/web/astracore/index.php:130 | WARNING
[LogWarning] mkdir(): File exists in /home/fauza/web/astracore/index.php:130 | WARNING
[LogWarning] mkdir(): File exists in /home/fauza/web/astracore/index.php:130 | WARNING
[LogWarning] mkdir(): File exists in /home/fauza/web/astracore/index.php:130 | WARNING
[LogWarning] mkdir(): File exists in /home/fauza/web/astracore/index.php:130 | WARNING
[LogWarning] mkdir(): File exists in /home/fauza/web/astracore/index.php:130 | WARNING
[LogWarning] mkdir(): File exists in /home/fauza/web/astracore/index.php:130 | WARNING
[LogWarning] mkdir(): File exists in /home/fauza/web/astracore/index.php:130 | WARNING
[LogWarning] mkdir(): File exists in /home/fauza/web/astracore/index.php:130 | WARNING
[LogWarning] mkdir(): File exists in /home/fauza/web/astracore/index.php:130 | WARNING
[LogWarning] mkdir(): File exists in /home/fauza/web/astracore/index.php:130 | WARNING
[LogWarning] mkdir(): File exists in /home/fauza/web/astracore/index.php:130 | WARNING
[LogWarning] mkdir(): File exists in /home/fauza/web/astracore/index.php:130 | WARNING
[LogWarning] mkdir(): File exists in /home/fauza/web/astracore/index.php:130 | WARNING
[LogWarning] mkdir(): File exists in /home/fauza/web/astracore/index.php:130 | WARNING
[LogWarning] mkdir(): File exists in /home/fauza/web/astracore/index.php:130 | WARNING
[LogWarning] mkdir(): File exists in /home/fauza/web/astracore/index.php:130 | WARNING
[LogWarning] mkdir(): File exists in /home/fauza/web/astracore/index.php:130 | WARNING
[LogWarning] mkdir(): File exists in /home/fauza/web/astracore/index.php:130 | WARNING
[LogWarning] mkdir(): File exists in /home/fauza/web/astracore/index.php:130 | WARNING
[LogWarning] mkdir(): File exists in /home/fauza/web/astracore/index.php:130 | WARNING
[LogWarning] mkdir(): File exists in /home/fauza/web/astracore/index.php:130 | WARNING
[LogWarning] mkdir(): File exists in /home/fauza/web/astracore/index.php:130 | WARNING
[LogWarning] mkdir(): File exists in /home/fauza/web/astracore/index.php:130 | WARNING
[LogWarning] mkdir(): File exists in /home/fauza/web/astracore/index.php:130 | WARNING
[LogWarning] mkdir(): File exists in /home/fauza/web/astracore/index.php:130 | WARNING
[LogWarning] mkdir(): File exists in /home/fauza/web/astracore/index.php:130 | WARNING
[LogWarning] mkdir(): File exists in /home/fauza/web/astracore/index.php:130 | WARNING
[LogWarning] mkdir(): File exists in /home/fauza/web/astracore/index.php:130 | WARNING
[LogWarning] mkdir(): File exists in /home/fauza/web/astracore/index.php:130 | WARNING
[LogWarning] mkdir(): File exists in /home/fauza/web/astracore/index.php:130 | WARNING
[LogWarning] mkdir(): File exists in /home/fauza/web/astracore/index.php:130 | WARNING
[LogWarning] mkdir(): File exists in /home/fauza/web/astracore/index.php:130 | WARNING
[LogWarning] mkdir(): File exists in /home/fauza/web/astracore/index.php:130 | WARNING
[LogWarning] Undefined variable $success in /home/fauza/web/astracore/pages/dashboard/add_devices.php:54 | WARNING
[LogWarning] mkdir(): File exists in /home/fauza/web/astracore/index.php:130 | WARNING
[LogWarning] mkdir(): File exists in /home/fauza/web/astracore/index.php:130 | WARNING
[LogWarning] mkdir(): File exists in /home/fauza/web/astracore/index.php:130 | WARNING
[LogWarning] mkdir(): File exists in /home/fauza/web/astracore/index.php:130 | WARNING
[LogWarning] mkdir(): File exists in /home/fauza/web/astracore/index.php:130 | WARNING
[LogWarning] mkdir(): File exists in /home/fauza/web/astracore/index.php:130 | WARNING
[LogWarning] mkdir(): File exists in /home/fauza/web/astracore/index.php:130 | WARNING
[LogWarning] mkdir(): File exists in /home/fauza/web/astracore/index.php:130 | WARNING
[LogWarning] mkdir(): File exists in /home/fauza/web/astracore/index.php:130 | WARNING
[LogWarning] mkdir(): File exists in /home/fauza/web/astracore/index.php:130 | WARNING
[LogWarning] mkdir(): File exists in /home/fauza/web/astracore/index.php:130 | WARNING
[LogWarning] mkdir(): File exists in /home/fauza/web/astracore/index.php:130 | WARNING
[LogWarning] mkdir(): File exists in /home/fauza/web/astracore/index.php:130 | WARNING
[LogWarning] mkdir(): File exists in /home/fauza/web/astracore/index.php:130 | WARNING
[LogWarning] mkdir(): File exists in /home/fauza/web/astracore/index.php:130 | WARNING
[LogWarning] mkdir(): File exists in /home/fauza/web/astracore/index.php:130 | WARNING
[LogWarning] mkdir(): File exists in /home/fauza/web/astracore/index.php:130 | WARNING
[LogWarning] mkdir(): File exists in /home/fauza/web/astracore/index.php:130 | WARNING
[LogWarning] mkdir(): File exists in /home/fauza/web/astracore/index.php:130 | WARNING
[LogWarning] mkdir(): File exists in /home/fauza/web/astracore/index.php:130 | WARNING
[LogWarning] mkdir(): File exists in /home/fauza/web/astracore/index.php:130 | WARNING
[LogWarning] mkdir(): File exists in /home/fauza/web/astracore/index.php:130 | WARNING
[LogWarning] mkdir(): File exists in /home/fauza/web/astracore/index.php:130 | WARNING
[LogWarning] mkdir(): File exists in /home/fauza/web/astracore/index.php:130 | WARNING
[LogWarning] mkdir(): File exists in /home/fauza/web/astracore/index.php:130 | WARNING
[LogWarning] mkdir(): File exists in /home/fauza/web/astracore/index.php:130 | WARNING
[LogWarning] mkdir(): File exists in /home/fauza/web/astracore/index.php:130 | WARNING
[LogWarning] mkdir(): File exists in /home/fauza/web/astracore/index.php:130 | WARNING
[LogWarning] mkdir(): File exists in /home/fauza/web/astracore/index.php:130 | WARNING
[LogWarning] mkdir(): File exists in /home/fauza/web/astracore/index.php:130 | WARNING
[LogWarning] mkdir(): File exists in /home/fauza/web/astracore/index.php:130 | WARNING
[LogWarning] mkdir(): File exists in /home/fauza/web/astracore/index.php:130 | WARNING
[LogWarning] mkdir(): File exists in /home/fauza/web/astracore/index.php:130 | WARNING
[LogWarning] Failed login attempt for user: NeoTech | AUTH
[LogWarning] mkdir(): File exists in /home/fauza/web/astracore/index.php:130 | WARNING
[LogWarning] Failed login attempt for user: NeoTech | AUTH
[LogWarning] mkdir(): File exists in /home/fauza/web/astracore/index.php:130 | WARNING
[LogWarning] mkdir(): File exists in /home/fauza/web/astracore/index.php:130 | WARNING
[LogWarning] mkdir(): File exists in /home/fauza/web/astracore/index.php:130 | WARNING
[LogWarning] mkdir(): File exists in /home/fauza/web/astracore/index.php:130 | WARNING
[LogWarning] mkdir(): File exists in /home/fauza/web/astracore/index.php:130 | WARNING
[LogWarning] mkdir(): File exists in /home/fauza/web/astracore/index.php:130 | WARNING
[LogWarning] Undefined variable $success in /home/fauza/web/astracore/pages/dashboard/add_devices.php:54 | WARNING
[LogWarning] mkdir(): File exists in /home/fauza/web/astracore/index.php:130 | WARNING
[LogWarning] mkdir(): File exists in /home/fauza/web/astracore/index.php:130 | WARNING
[LogWarning] mkdir(): File exists in /home/fauza/web/astracore/index.php:130 | WARNING
[LogWarning] mkdir(): File exists in /home/fauza/web/astracore/index.php:130 | WARNING
[LogWarning] mkdir(): File exists in /home/fauza/web/astracore/index.php:130 | WARNING
[LogWarning] Undefined variable $user in /home/fauza/web/astracore/pages/dashboard/devices.php:44 | WARNING
[LogWarning] Attempt to read property "devices" on null in /home/fauza/web/astracore/pages/dashboard/devices.php:44 | WARNING
[LogWarning] Undefined variable $user in /home/fauza/web/astracore/pages/dashboard/devices.php:45 | WARNING
[LogWarning] Attempt to read property "devices" on null in /home/fauza/web/astracore/pages/dashboard/devices.php:45 | WARNING
[LogWarning] Undefined variable $user in /home/fauza/web/astracore/pages/dashboard/devices.php:47 | WARNING
[LogWarning] Attempt to read property "devices" on null in /home/fauza/web/astracore/pages/dashboard/devices.php:47 | WARNING
[LogWarning] Undefined variable $user in /home/fauza/web/astracore/pages/dashboard/devices.php:45 | WARNING
[LogWarning] Attempt to read property "devices" on null in /home/fauza/web/astracore/pages/dashboard/devices.php:45 | WARNING
[LogWarning] Undefined variable $user in /home/fauza/web/astracore/pages/dashboard/devices.php:47 | WARNING
[LogWarning] Attempt to read property "devices" on null in /home/fauza/web/astracore/pages/dashboard/devices.php:47 | WARNING
[LogWarning] Undefined variable $user in /home/fauza/web/astracore/pages/dashboard/devices.php:45 | WARNING
[LogWarning] Undefined variable $user in /home/fauza/web/astracore/pages/dashboard/devices.php:47 | WARNING
[LogWarning] Attempt to read property "devices" on null in /home/fauza/web/astracore/pages/dashboard/devices.php:47 | WARNING
[LogWarning] Undefined variable $user in /home/fauza/web/astracore/pages/dashboard/devices.php:45 | WARNING
[LogWarning] Undefined variable $user in /home/fauza/web/astracore/pages/dashboard/devices.php:47 | WARNING
[LogWarning] Attempt to read property "devices" on null in /home/fauza/web/astracore/pages/dashboard/devices.php:47 | WARNING
[LogWarning] Undefined variable $user in /home/fauza/web/astracore/pages/dashboard/devices.php:45 | WARNING
[LogWarning] Undefined variable $user in /home/fauza/web/astracore/pages/dashboard/devices.php:47 | WARNING
[LogWarning] Attempt to read property "devices" on null in /home/fauza/web/astracore/pages/dashboard/devices.php:47 | WARNING
[LogWarning] Undefined variable $user in /home/fauza/web/astracore/pages/dashboard/devices.php:45 | WARNING
[LogWarning] Undefined variable $user in /home/fauza/web/astracore/pages/dashboard/devices.php:47 | WARNING
[LogWarning] Attempt to read property "devices" on null in /home/fauza/web/astracore/pages/dashboard/devices.php:47 | WARNING
[LogWarning] mkdir(): File exists in /home/fauza/web/astracore/index.php:130 | WARNING
[LogWarning] mkdir(): File exists in /home/fauza/web/astracore/index.php:130 | WARNING
[LogWarning] mkdir(): File exists in /home/fauza/web/astracore/index.php:130 | WARNING
[LogWarning] mkdir(): File exists in /home/fauza/web/astracore/index.php:130 | WARNING
[LogWarning] mkdir(): File exists in /home/fauza/web/astracore/index.php:130 | WARNING
[LogWarning] mkdir(): File exists in /home/fauza/web/astracore/index.php:130 | WARNING
[LogWarning] mkdir(): File exists in /home/fauza/web/astracore/index.php:130 | WARNING
[LogWarning] mkdir(): File exists in /home/fauza/web/astracore/index.php:119 | WARNING
[LogWarning] mkdir(): File exists in /home/fauza/web/astracore/index.php:119 | WARNING
[LogWarning] mkdir(): File exists in /home/fauza/web/astracore/index.php:119 | WARNING
[LogWarning] Undefined variable $user in /home/fauza/web/astracore/pages/dashboard/devices.php:44 | WARNING
[LogWarning] Attempt to read property "devices" on null in /home/fauza/web/astracore/pages/dashboard/devices.php:44 | WARNING
[LogWarning] mkdir(): File exists in /home/fauza/web/astracore/index.php:119 | WARNING
[LogWarning] mkdir(): File exists in /home/fauza/web/astracore/index.php:119 | WARNING
[LogWarning] mkdir(): File exists in /home/fauza/web/astracore/index.php:119 | WARNING
[LogWarning] Undefined variable $user in /home/fauza/web/astracore/pages/dashboard/devices.php:44 | WARNING
[LogWarning] Attempt to read property "devices" on null in /home/fauza/web/astracore/pages/dashboard/devices.php:44 | WARNING
[LogWarning] mkdir(): File exists in /home/fauza/web/astracore/index.php:119 | WARNING
[LogWarning] mkdir(): File exists in /home/fauza/web/astracore/index.php:119 | WARNING
[LogWarning] mkdir(): File exists in /home/fauza/web/astracore/index.php:119 | WARNING
[LogWarning] mkdir(): File exists in /home/fauza/web/astracore/index.php:119 | WARNING
[LogWarning] Undefined variable $user in /home/fauza/web/astracore/pages/dashboard/devices.php:44 | WARNING
[LogWarning] Attempt to read property "devices" on null in /home/fauza/web/astracore/pages/dashboard/devices.php:44 | WARNING
[LogWarning] mkdir(): File exists in /home/fauza/web/astracore/index.php:119 | WARNING
[LogWarning] mkdir(): File exists in /home/fauza/web/astracore/index.php:119 | WARNING
[LogWarning] Undefined variable $user in /home/fauza/web/astracore/pages/dashboard/devices.php:44 | WARNING
[LogWarning] Attempt to read property "devices" on null in /home/fauza/web/astracore/pages/dashboard/devices.php:44 | WARNING
[LogWarning] mkdir(): File exists in /home/fauza/web/astracore/index.php:119 | WARNING
[LogWarning] Undefined variable $user in /home/fauza/web/astracore/pages/dashboard/devices.php:44 | WARNING
[LogWarning] Attempt to read property "devices" on null in /home/fauza/web/astracore/pages/dashboard/devices.php:44 | WARNING
[LogWarning] mkdir(): File exists in /home/fauza/web/astracore/index.php:119 | WARNING
[LogWarning] mkdir(): File exists in /home/fauza/web/astracore/index.php:119 | WARNING
[LogWarning] mkdir(): File exists in /home/fauza/web/astracore/index.php:119 | WARNING
[LogWarning] 404 Not Found: /astracore/installHook.js.map | HTTP
[LogWarning] mkdir(): File exists in /home/fauza/web/astracore/index.php:119 | WARNING
[LogWarning] mkdir(): File exists in /home/fauza/web/astracore/index.php:119 | WARNING
[LogWarning] mkdir(): File exists in /home/fauza/web/astracore/index.php:119 | WARNING
[LogWarning] mkdir(): File exists in /home/fauza/web/astracore/index.php:119 | WARNING
[LogWarning] mkdir(): File exists in /home/fauza/web/astracore/index.php:119 | WARNING
[LogWarning] mkdir(): File exists in /home/fauza/web/astracore/index.php:119 | WARNING
[LogWarning] mkdir(): File exists in /home/fauza/web/astracore/index.php:119 | WARNING
[LogWarning] mkdir(): File exists in /home/fauza/web/astracore/index.php:119 | WARNING
[LogWarning] mkdir(): File exists in /home/fauza/web/astracore/index.php:119 | WARNING
[LogWarning] mkdir(): File exists in /home/fauza/web/astracore/index.php:119 | WARNING
[LogWarning] mkdir(): File exists in /home/fauza/web/astracore/index.php:119 | WARNING
[LogWarning] mkdir(): File exists in /home/fauza/web/astracore/index.php:119 | WARNING
[LogWarning] mkdir(): File exists in /home/fauza/web/astracore/index.php:119 | WARNING
[LogWarning] mkdir(): File exists in /home/fauza/web/astracore/index.php:119 | WARNING
[LogWarning] mkdir(): File exists in /home/fauza/web/astracore/index.php:119 | WARNING
[LogWarning] mkdir(): File exists in /home/fauza/web/astracore/index.php:119 | WARNING
[LogWarning] mkdir(): File exists in /home/fauza/web/astracore/index.php:119 | WARNING
[LogWarning] mkdir(): File exists in /home/fauza/web/astracore/index.php:119 | WARNING
[LogWarning] mkdir(): File exists in /home/fauza/web/astracore/index.php:119 | WARNING
[LogWarning] mkdir(): File exists in /home/fauza/web/astracore/index.php:119 | WARNING
[LogWarning] mkdir(): File exists in /home/fauza/web/astracore/index.php:119 | WARNING
[LogWarning] mkdir(): File exists in /home/fauza/web/astracore/index.php:119 | WARNING
[LogWarning] mkdir(): File exists in /home/fauza/web/astracore/index.php:119 | WARNING
[LogWarning] mkdir(): File exists in /home/fauza/web/astracore/index.php:119 | WARNING
[LogWarning] mkdir(): File exists in /home/fauza/web/astracore/index.php:119 | WARNING
[LogWarning] mkdir(): File exists in /home/fauza/web/astracore/index.php:119 | WARNING
[LogWarning] mkdir(): File exists in /home/fauza/web/astracore/index.php:119 | WARNING
[LogWarning] mkdir(): File exists in /home/fauza/web/astracore/index.php:119 | WARNING
[LogWarning] mkdir(): File exists in /home/fauza/web/astracore/index.php:119 | WARNING
[LogWarning] mkdir(): File exists in /home/fauza/web/astracore/index.php:119 | WARNING
[LogWarning] mkdir(): File exists in /home/fauza/web/astracore/index.php:119 | WARNING
[LogWarning] mkdir(): File exists in /home/fauza/web/astracore/index.php:119 | WARNING
[LogWarning] mkdir(): File exists in /home/fauza/web/astracore/index.php:119 | WARNING
[LogWarning] mkdir(): File exists in /home/fauza/web/astracore/index.php:119 | WARNING
[LogWarning] mkdir(): File exists in /home/fauza/web/astracore/index.php:119 | WARNING
